[2024-05-15T22:23:12.228+0000] {local_task_job_runner.py:120} INFO - ::group::Pre task execution logs
[2024-05-15T22:23:12.269+0000] {taskinstance.py:2063} INFO - Dependencies not met for <TaskInstance: upload_csv_to_gcs_bucket.upload_task_1 scheduled__2022-08-13T00:00:00+00:00 [queued]>, dependency 'Execution Date' FAILED: The execution date is 2022-08-13T00:00:00+00:00 but this is after the task's end date 2022-08-10T00:00:00+00:00.
[2024-05-15T22:23:12.271+0000] {taskinstance.py:2063} INFO - Dependencies not met for <TaskInstance: upload_csv_to_gcs_bucket.upload_task_1 scheduled__2022-08-13T00:00:00+00:00 [queued]>, dependency 'Execution Date' FAILED: The execution date is 2022-08-13T00:00:00+00:00 but this is after the task's DAG's end date 2022-08-10T00:00:00+00:00.
[2024-05-15T22:23:12.278+0000] {local_task_job_runner.py:163} INFO - Task is not able to be run
[2024-05-16T10:10:48.185+0000] {local_task_job_runner.py:120} INFO - ::group::Pre task execution logs
[2024-05-16T10:10:48.219+0000] {taskinstance.py:2073} INFO - Dependencies all met for dep_context=non-requeueable deps ti=<TaskInstance: upload_csv_to_gcs_bucket.upload_task_1 scheduled__2022-08-13T00:00:00+00:00 [queued]>
[2024-05-16T10:10:48.238+0000] {taskinstance.py:2073} INFO - Dependencies all met for dep_context=requeueable deps ti=<TaskInstance: upload_csv_to_gcs_bucket.upload_task_1 scheduled__2022-08-13T00:00:00+00:00 [queued]>
[2024-05-16T10:10:48.239+0000] {taskinstance.py:2303} INFO - Starting attempt 20 of 21
[2024-05-16T10:10:48.279+0000] {taskinstance.py:2327} INFO - Executing <Task(LocalFilesystemToGCSOperator): upload_task_1> on 2022-08-13 00:00:00+00:00
[2024-05-16T10:10:48.290+0000] {warnings.py:110} WARNING - /home/***/.local/lib/python3.12/site-packages/***/task/task_runner/standard_task_runner.py:61: DeprecationWarning: This process (pid=68) is multi-threaded, use of fork() may lead to deadlocks in the child.
  pid = os.fork()

[2024-05-16T10:10:48.290+0000] {standard_task_runner.py:90} INFO - Running: ['***', 'tasks', 'run', 'upload_csv_to_gcs_bucket', 'upload_task_1', 'scheduled__2022-08-13T00:00:00+00:00', '--job-id', '1212', '--raw', '--subdir', 'DAGS_FOLDER/gcp_csv_upload.py', '--cfg-path', '/tmp/tmppbksxock']
[2024-05-16T10:10:48.295+0000] {standard_task_runner.py:63} INFO - Started process 88 to run task
[2024-05-16T10:10:48.296+0000] {standard_task_runner.py:91} INFO - Job 1212: Subtask upload_task_1
[2024-05-16T10:10:48.328+0000] {warnings.py:110} WARNING - /home/***/.local/lib/python3.12/site-packages/***/settings.py:195: DeprecationWarning: The sql_alchemy_conn option in [core] has been moved to the sql_alchemy_conn option in [database] - the old setting has been used, but please update your config.
  SQL_ALCHEMY_CONN = conf.get("database", "SQL_ALCHEMY_CONN")

[2024-05-16T10:10:48.414+0000] {task_command.py:426} INFO - Running <TaskInstance: upload_csv_to_gcs_bucket.upload_task_1 scheduled__2022-08-13T00:00:00+00:00 [running]> on host e9b4a57d7285
[2024-05-16T10:10:48.593+0000] {taskinstance.py:2644} INFO - Exporting env vars: AIRFLOW_CTX_DAG_EMAIL='your-email@example.com' AIRFLOW_CTX_DAG_OWNER='***' AIRFLOW_CTX_DAG_ID='upload_csv_to_gcs_bucket' AIRFLOW_CTX_TASK_ID='upload_task_1' AIRFLOW_CTX_EXECUTION_DATE='2022-08-13T00:00:00+00:00' AIRFLOW_CTX_TRY_NUMBER='20' AIRFLOW_CTX_DAG_RUN_ID='scheduled__2022-08-13T00:00:00+00:00'
[2024-05-16T10:10:48.601+0000] {taskinstance.py:430} INFO - ::endgroup::
[2024-05-16T10:10:48.655+0000] {connection.py:274} WARNING - Connection schemes (type: google_cloud_platform) shall not contain '_' according to RFC3986.
[2024-05-16T10:10:48.661+0000] {base.py:84} INFO - Using connection ID 'google_cloud_default' for task execution.
[2024-05-16T10:10:48.663+0000] {taskinstance.py:441} INFO - ::group::Post task execution logs
[2024-05-16T10:10:48.664+0000] {taskinstance.py:2890} ERROR - Task failed with exception
Traceback (most recent call last):
  File "/home/airflow/.local/lib/python3.12/site-packages/airflow/models/taskinstance.py", line 465, in _execute_task
    result = _execute_callable(context=context, **execute_callable_kwargs)
             ^^^^^^^^^^^^^^^^^^^^^^^^^^^^^^^^^^^^^^^^^^^^^^^^^^^^^^^^^^^^^
  File "/home/airflow/.local/lib/python3.12/site-packages/airflow/models/taskinstance.py", line 432, in _execute_callable
    return execute_callable(context=context, **execute_callable_kwargs)
           ^^^^^^^^^^^^^^^^^^^^^^^^^^^^^^^^^^^^^^^^^^^^^^^^^^^^^^^^^^^^
  File "/home/airflow/.local/lib/python3.12/site-packages/airflow/models/baseoperator.py", line 400, in wrapper
    return func(self, *args, **kwargs)
           ^^^^^^^^^^^^^^^^^^^^^^^^^^^
  File "/home/airflow/.local/lib/python3.12/site-packages/airflow/providers/google/cloud/transfers/local_to_gcs.py", line 97, in execute
    raise FileNotFoundError(self.src)
FileNotFoundError: /data/sales_2022-08-13.csv
[2024-05-16T10:10:48.691+0000] {taskinstance.py:1205} INFO - Marking task as UP_FOR_RETRY. dag_id=upload_csv_to_gcs_bucket, task_id=upload_task_1, execution_date=20220813T000000, start_date=20240516T101048, end_date=20240516T101048
[2024-05-16T10:10:48.720+0000] {standard_task_runner.py:110} ERROR - Failed to execute job 1212 for task upload_task_1 (/data/sales_2022-08-13.csv; 88)
[2024-05-16T10:10:48.759+0000] {local_task_job_runner.py:240} INFO - Task exited with return code 1
[2024-05-16T10:10:48.793+0000] {taskinstance.py:3482} INFO - 0 downstream tasks scheduled from follow-on schedule check
[2024-05-16T10:10:48.798+0000] {local_task_job_runner.py:222} INFO - ::endgroup::
