[2024-05-14T15:14:04.159+0000] {local_task_job_runner.py:120} INFO - ::group::Pre task execution logs
[2024-05-14T15:14:04.201+0000] {taskinstance.py:2073} INFO - Dependencies all met for dep_context=non-requeueable deps ti=<TaskInstance: gcs_upload_example.upload_file_to_gcs manual__2024-05-13T20:22:36.910924+00:00 [queued]>
[2024-05-14T15:14:04.220+0000] {taskinstance.py:2073} INFO - Dependencies all met for dep_context=requeueable deps ti=<TaskInstance: gcs_upload_example.upload_file_to_gcs manual__2024-05-13T20:22:36.910924+00:00 [queued]>
[2024-05-14T15:14:04.225+0000] {taskinstance.py:2303} INFO - Starting attempt 22 of 23
[2024-05-14T15:14:04.265+0000] {taskinstance.py:2327} INFO - Executing <Task(LocalFilesystemToGCSOperator): upload_file_to_gcs> on 2024-05-13 20:22:36.910924+00:00
[2024-05-14T15:14:04.282+0000] {warnings.py:110} WARNING - /home/***/.local/lib/python3.12/site-packages/***/task/task_runner/standard_task_runner.py:61: DeprecationWarning: This process (pid=124) is multi-threaded, use of fork() may lead to deadlocks in the child.
  pid = os.fork()

[2024-05-14T15:14:04.286+0000] {standard_task_runner.py:63} INFO - Started process 139 to run task
[2024-05-14T15:14:04.282+0000] {standard_task_runner.py:90} INFO - Running: ['***', 'tasks', 'run', 'gcs_upload_example', 'upload_file_to_gcs', 'manual__2024-05-13T20:22:36.910924+00:00', '--job-id', '321', '--raw', '--subdir', 'DAGS_FOLDER/gcp_example.py', '--cfg-path', '/tmp/tmpgijlooxu']
[2024-05-14T15:14:04.297+0000] {standard_task_runner.py:91} INFO - Job 321: Subtask upload_file_to_gcs
[2024-05-14T15:14:04.329+0000] {warnings.py:110} WARNING - /home/***/.local/lib/python3.12/site-packages/***/settings.py:195: DeprecationWarning: The sql_alchemy_conn option in [core] has been moved to the sql_alchemy_conn option in [database] - the old setting has been used, but please update your config.
  SQL_ALCHEMY_CONN = conf.get("database", "SQL_ALCHEMY_CONN")

[2024-05-14T15:14:04.397+0000] {task_command.py:426} INFO - Running <TaskInstance: gcs_upload_example.upload_file_to_gcs manual__2024-05-13T20:22:36.910924+00:00 [running]> on host e9b4a57d7285
[2024-05-14T15:14:04.541+0000] {taskinstance.py:2644} INFO - Exporting env vars: AIRFLOW_CTX_DAG_EMAIL='your-email@example.com' AIRFLOW_CTX_DAG_OWNER='***' AIRFLOW_CTX_DAG_ID='gcs_upload_example' AIRFLOW_CTX_TASK_ID='upload_file_to_gcs' AIRFLOW_CTX_EXECUTION_DATE='2024-05-13T20:22:36.910924+00:00' AIRFLOW_CTX_TRY_NUMBER='22' AIRFLOW_CTX_DAG_RUN_ID='manual__2024-05-13T20:22:36.910924+00:00'
[2024-05-14T15:14:04.544+0000] {taskinstance.py:430} INFO - ::endgroup::
[2024-05-14T15:14:04.580+0000] {connection.py:274} WARNING - Connection schemes (type: google_cloud_platform) shall not contain '_' according to RFC3986.
[2024-05-14T15:14:04.584+0000] {base.py:84} INFO - Using connection ID 'google_cloud_default' for task execution.
[2024-05-14T15:14:07.273+0000] {gcs.py:557} INFO - File /data/sales_clean.csv uploaded to 2024-05-13/2024-05-13.csv in de-07-data-bucket bucket
[2024-05-14T15:14:07.274+0000] {taskinstance.py:441} INFO - ::group::Post task execution logs
[2024-05-14T15:14:07.284+0000] {taskinstance.py:1205} INFO - Marking task as SUCCESS. dag_id=gcs_upload_example, task_id=upload_file_to_gcs, execution_date=20240513T202236, start_date=20240514T151404, end_date=20240514T151407
[2024-05-14T15:14:07.321+0000] {local_task_job_runner.py:240} INFO - Task exited with return code 0
[2024-05-14T15:14:07.339+0000] {taskinstance.py:3482} INFO - 0 downstream tasks scheduled from follow-on schedule check
[2024-05-14T15:14:07.343+0000] {local_task_job_runner.py:222} INFO - ::endgroup::
