[2024-05-15T20:53:15.175+0000] {local_task_job_runner.py:120} INFO - ::group::Pre task execution logs
[2024-05-15T20:53:15.208+0000] {taskinstance.py:2073} INFO - Dependencies all met for dep_context=non-requeueable deps ti=<TaskInstance: gcs_upload_example.upload_file_to_gcs manual__2024-05-13T19:50:21.468103+00:00 [queued]>
[2024-05-15T20:53:15.232+0000] {taskinstance.py:2073} INFO - Dependencies all met for dep_context=requeueable deps ti=<TaskInstance: gcs_upload_example.upload_file_to_gcs manual__2024-05-13T19:50:21.468103+00:00 [queued]>
[2024-05-15T20:53:15.234+0000] {taskinstance.py:2303} INFO - Starting attempt 32 of 33
[2024-05-15T20:53:15.277+0000] {taskinstance.py:2327} INFO - Executing <Task(LocalFilesystemToGCSOperator): upload_file_to_gcs> on 2024-05-13 19:50:21.468103+00:00
[2024-05-15T20:53:15.294+0000] {warnings.py:110} WARNING - /home/***/.local/lib/python3.12/site-packages/***/task/task_runner/standard_task_runner.py:61: DeprecationWarning: This process (pid=217) is multi-threaded, use of fork() may lead to deadlocks in the child.
  pid = os.fork()

[2024-05-15T20:53:15.299+0000] {standard_task_runner.py:63} INFO - Started process 231 to run task
[2024-05-15T20:53:15.297+0000] {standard_task_runner.py:90} INFO - Running: ['***', 'tasks', 'run', 'gcs_upload_example', 'upload_file_to_gcs', 'manual__2024-05-13T19:50:21.468103+00:00', '--job-id', '906', '--raw', '--subdir', 'DAGS_FOLDER/gcp_example.py', '--cfg-path', '/tmp/tmp9yujheo7']
[2024-05-15T20:53:15.303+0000] {standard_task_runner.py:91} INFO - Job 906: Subtask upload_file_to_gcs
[2024-05-15T20:53:15.341+0000] {warnings.py:110} WARNING - /home/***/.local/lib/python3.12/site-packages/***/settings.py:195: DeprecationWarning: The sql_alchemy_conn option in [core] has been moved to the sql_alchemy_conn option in [database] - the old setting has been used, but please update your config.
  SQL_ALCHEMY_CONN = conf.get("database", "SQL_ALCHEMY_CONN")

[2024-05-15T20:53:15.422+0000] {task_command.py:426} INFO - Running <TaskInstance: gcs_upload_example.upload_file_to_gcs manual__2024-05-13T19:50:21.468103+00:00 [running]> on host e9b4a57d7285
[2024-05-15T20:53:15.582+0000] {taskinstance.py:2644} INFO - Exporting env vars: AIRFLOW_CTX_DAG_EMAIL='your-email@example.com' AIRFLOW_CTX_DAG_OWNER='***' AIRFLOW_CTX_DAG_ID='gcs_upload_example' AIRFLOW_CTX_TASK_ID='upload_file_to_gcs' AIRFLOW_CTX_EXECUTION_DATE='2024-05-13T19:50:21.468103+00:00' AIRFLOW_CTX_TRY_NUMBER='32' AIRFLOW_CTX_DAG_RUN_ID='manual__2024-05-13T19:50:21.468103+00:00'
[2024-05-15T20:53:15.586+0000] {taskinstance.py:430} INFO - ::endgroup::
[2024-05-15T20:53:15.633+0000] {connection.py:274} WARNING - Connection schemes (type: google_cloud_platform) shall not contain '_' according to RFC3986.
[2024-05-15T20:53:15.654+0000] {base.py:84} INFO - Using connection ID 'google_cloud_default' for task execution.
[2024-05-15T20:53:17.741+0000] {gcs.py:557} INFO - File /data/sales_clean.csv uploaded to 2024-05-13/2024-05-13.csv in de-07-data-bucket bucket
[2024-05-15T20:53:17.741+0000] {taskinstance.py:441} INFO - ::group::Post task execution logs
[2024-05-15T20:53:17.752+0000] {taskinstance.py:1205} INFO - Marking task as SUCCESS. dag_id=gcs_upload_example, task_id=upload_file_to_gcs, execution_date=20240513T195021, start_date=20240515T205315, end_date=20240515T205317
[2024-05-15T20:53:17.807+0000] {local_task_job_runner.py:240} INFO - Task exited with return code 0
[2024-05-15T20:53:17.824+0000] {taskinstance.py:3482} INFO - 0 downstream tasks scheduled from follow-on schedule check
[2024-05-15T20:53:17.834+0000] {local_task_job_runner.py:222} INFO - ::endgroup::
