[2024-05-15T14:16:47.550+0000] {local_task_job_runner.py:120} INFO - ::group::Pre task execution logs
[2024-05-15T14:16:47.590+0000] {taskinstance.py:2073} INFO - Dependencies all met for dep_context=non-requeueable deps ti=<TaskInstance: upload_csv_to_gcs_bucket.upload_task_1 scheduled__2022-08-22T00:00:00+00:00 [queued]>
[2024-05-15T14:16:47.608+0000] {taskinstance.py:2073} INFO - Dependencies all met for dep_context=requeueable deps ti=<TaskInstance: upload_csv_to_gcs_bucket.upload_task_1 scheduled__2022-08-22T00:00:00+00:00 [queued]>
[2024-05-15T14:16:47.612+0000] {taskinstance.py:2303} INFO - Starting attempt 6 of 7
[2024-05-15T14:16:47.649+0000] {taskinstance.py:2327} INFO - Executing <Task(LocalFilesystemToGCSOperator): upload_task_1> on 2022-08-22 00:00:00+00:00
[2024-05-15T14:16:47.662+0000] {warnings.py:110} WARNING - /home/***/.local/lib/python3.12/site-packages/***/task/task_runner/standard_task_runner.py:61: DeprecationWarning: This process (pid=482) is multi-threaded, use of fork() may lead to deadlocks in the child.
  pid = os.fork()

[2024-05-15T14:16:47.665+0000] {standard_task_runner.py:63} INFO - Started process 495 to run task
[2024-05-15T14:16:47.664+0000] {standard_task_runner.py:90} INFO - Running: ['***', 'tasks', 'run', 'upload_csv_to_gcs_bucket', 'upload_task_1', 'scheduled__2022-08-22T00:00:00+00:00', '--job-id', '540', '--raw', '--subdir', 'DAGS_FOLDER/gcp_csv_upload.py', '--cfg-path', '/tmp/tmpzdhluno_']
[2024-05-15T14:16:47.669+0000] {standard_task_runner.py:91} INFO - Job 540: Subtask upload_task_1
[2024-05-15T14:16:47.705+0000] {warnings.py:110} WARNING - /home/***/.local/lib/python3.12/site-packages/***/settings.py:195: DeprecationWarning: The sql_alchemy_conn option in [core] has been moved to the sql_alchemy_conn option in [database] - the old setting has been used, but please update your config.
  SQL_ALCHEMY_CONN = conf.get("database", "SQL_ALCHEMY_CONN")

[2024-05-15T14:16:47.797+0000] {task_command.py:426} INFO - Running <TaskInstance: upload_csv_to_gcs_bucket.upload_task_1 scheduled__2022-08-22T00:00:00+00:00 [running]> on host e9b4a57d7285
[2024-05-15T14:16:48.041+0000] {taskinstance.py:2644} INFO - Exporting env vars: AIRFLOW_CTX_DAG_EMAIL='your@email.com' AIRFLOW_CTX_DAG_OWNER='***' AIRFLOW_CTX_DAG_ID='upload_csv_to_gcs_bucket' AIRFLOW_CTX_TASK_ID='upload_task_1' AIRFLOW_CTX_EXECUTION_DATE='2022-08-22T00:00:00+00:00' AIRFLOW_CTX_TRY_NUMBER='6' AIRFLOW_CTX_DAG_RUN_ID='scheduled__2022-08-22T00:00:00+00:00'
[2024-05-15T14:16:48.048+0000] {taskinstance.py:430} INFO - ::endgroup::
[2024-05-15T14:16:48.100+0000] {connection.py:274} WARNING - Connection schemes (type: google_cloud_platform) shall not contain '_' according to RFC3986.
[2024-05-15T14:16:48.107+0000] {base.py:84} INFO - Using connection ID 'google_cloud_default' for task execution.
[2024-05-15T14:16:48.937+0000] {gcs.py:557} INFO - File /data/sales_2022-08-09.csv uploaded to 2022-08-22/sales_2022-08-09.csv in de-07-data-bucket bucket
[2024-05-15T14:16:48.937+0000] {taskinstance.py:441} INFO - ::group::Post task execution logs
[2024-05-15T14:16:48.948+0000] {taskinstance.py:1205} INFO - Marking task as SUCCESS. dag_id=upload_csv_to_gcs_bucket, task_id=upload_task_1, execution_date=20220822T000000, start_date=20240515T141647, end_date=20240515T141648
[2024-05-15T14:16:48.977+0000] {local_task_job_runner.py:240} INFO - Task exited with return code 0
[2024-05-15T14:16:48.994+0000] {taskinstance.py:3482} INFO - 0 downstream tasks scheduled from follow-on schedule check
[2024-05-15T14:16:48.999+0000] {local_task_job_runner.py:222} INFO - ::endgroup::
