[2024-05-15T22:23:12.247+0000] {local_task_job_runner.py:120} INFO - ::group::Pre task execution logs
[2024-05-15T22:23:12.289+0000] {taskinstance.py:2063} INFO - Dependencies not met for <TaskInstance: upload_csv_to_gcs_bucket.upload_task_1 scheduled__2022-08-19T00:00:00+00:00 [queued]>, dependency 'Execution Date' FAILED: The execution date is 2022-08-19T00:00:00+00:00 but this is after the task's end date 2022-08-10T00:00:00+00:00.
[2024-05-15T22:23:12.290+0000] {taskinstance.py:2063} INFO - Dependencies not met for <TaskInstance: upload_csv_to_gcs_bucket.upload_task_1 scheduled__2022-08-19T00:00:00+00:00 [queued]>, dependency 'Execution Date' FAILED: The execution date is 2022-08-19T00:00:00+00:00 but this is after the task's DAG's end date 2022-08-10T00:00:00+00:00.
[2024-05-15T22:23:12.298+0000] {local_task_job_runner.py:163} INFO - Task is not able to be run
[2024-05-16T10:10:52.659+0000] {local_task_job_runner.py:120} INFO - ::group::Pre task execution logs
[2024-05-16T10:10:52.686+0000] {taskinstance.py:2073} INFO - Dependencies all met for dep_context=non-requeueable deps ti=<TaskInstance: upload_csv_to_gcs_bucket.upload_task_1 scheduled__2022-08-19T00:00:00+00:00 [queued]>
[2024-05-16T10:10:52.697+0000] {taskinstance.py:2073} INFO - Dependencies all met for dep_context=requeueable deps ti=<TaskInstance: upload_csv_to_gcs_bucket.upload_task_1 scheduled__2022-08-19T00:00:00+00:00 [queued]>
[2024-05-16T10:10:52.698+0000] {taskinstance.py:2303} INFO - Starting attempt 18 of 19
[2024-05-16T10:10:52.716+0000] {taskinstance.py:2327} INFO - Executing <Task(LocalFilesystemToGCSOperator): upload_task_1> on 2022-08-19 00:00:00+00:00
[2024-05-16T10:10:52.724+0000] {warnings.py:110} WARNING - /home/***/.local/lib/python3.12/site-packages/***/task/task_runner/standard_task_runner.py:61: DeprecationWarning: This process (pid=122) is multi-threaded, use of fork() may lead to deadlocks in the child.
  pid = os.fork()

[2024-05-16T10:10:52.726+0000] {standard_task_runner.py:63} INFO - Started process 128 to run task
[2024-05-16T10:10:52.726+0000] {standard_task_runner.py:90} INFO - Running: ['***', 'tasks', 'run', 'upload_csv_to_gcs_bucket', 'upload_task_1', 'scheduled__2022-08-19T00:00:00+00:00', '--job-id', '1232', '--raw', '--subdir', 'DAGS_FOLDER/gcp_csv_upload.py', '--cfg-path', '/tmp/tmpy5lzh9zx']
[2024-05-16T10:10:52.729+0000] {standard_task_runner.py:91} INFO - Job 1232: Subtask upload_task_1
[2024-05-16T10:10:52.747+0000] {warnings.py:110} WARNING - /home/***/.local/lib/python3.12/site-packages/***/settings.py:195: DeprecationWarning: The sql_alchemy_conn option in [core] has been moved to the sql_alchemy_conn option in [database] - the old setting has been used, but please update your config.
  SQL_ALCHEMY_CONN = conf.get("database", "SQL_ALCHEMY_CONN")

[2024-05-16T10:10:52.791+0000] {task_command.py:426} INFO - Running <TaskInstance: upload_csv_to_gcs_bucket.upload_task_1 scheduled__2022-08-19T00:00:00+00:00 [running]> on host e9b4a57d7285
[2024-05-16T10:10:52.897+0000] {taskinstance.py:2644} INFO - Exporting env vars: AIRFLOW_CTX_DAG_EMAIL='your-email@example.com' AIRFLOW_CTX_DAG_OWNER='***' AIRFLOW_CTX_DAG_ID='upload_csv_to_gcs_bucket' AIRFLOW_CTX_TASK_ID='upload_task_1' AIRFLOW_CTX_EXECUTION_DATE='2022-08-19T00:00:00+00:00' AIRFLOW_CTX_TRY_NUMBER='18' AIRFLOW_CTX_DAG_RUN_ID='scheduled__2022-08-19T00:00:00+00:00'
[2024-05-16T10:10:52.899+0000] {taskinstance.py:430} INFO - ::endgroup::
[2024-05-16T10:10:52.925+0000] {connection.py:274} WARNING - Connection schemes (type: google_cloud_platform) shall not contain '_' according to RFC3986.
[2024-05-16T10:10:52.929+0000] {base.py:84} INFO - Using connection ID 'google_cloud_default' for task execution.
[2024-05-16T10:10:52.930+0000] {taskinstance.py:441} INFO - ::group::Post task execution logs
[2024-05-16T10:10:52.930+0000] {taskinstance.py:2890} ERROR - Task failed with exception
Traceback (most recent call last):
  File "/home/airflow/.local/lib/python3.12/site-packages/airflow/models/taskinstance.py", line 465, in _execute_task
    result = _execute_callable(context=context, **execute_callable_kwargs)
             ^^^^^^^^^^^^^^^^^^^^^^^^^^^^^^^^^^^^^^^^^^^^^^^^^^^^^^^^^^^^^
  File "/home/airflow/.local/lib/python3.12/site-packages/airflow/models/taskinstance.py", line 432, in _execute_callable
    return execute_callable(context=context, **execute_callable_kwargs)
           ^^^^^^^^^^^^^^^^^^^^^^^^^^^^^^^^^^^^^^^^^^^^^^^^^^^^^^^^^^^^
  File "/home/airflow/.local/lib/python3.12/site-packages/airflow/models/baseoperator.py", line 400, in wrapper
    return func(self, *args, **kwargs)
           ^^^^^^^^^^^^^^^^^^^^^^^^^^^
  File "/home/airflow/.local/lib/python3.12/site-packages/airflow/providers/google/cloud/transfers/local_to_gcs.py", line 97, in execute
    raise FileNotFoundError(self.src)
FileNotFoundError: /data/sales_2022-08-19.csv
[2024-05-16T10:10:52.941+0000] {taskinstance.py:1205} INFO - Marking task as UP_FOR_RETRY. dag_id=upload_csv_to_gcs_bucket, task_id=upload_task_1, execution_date=20220819T000000, start_date=20240516T101052, end_date=20240516T101052
[2024-05-16T10:10:52.958+0000] {standard_task_runner.py:110} ERROR - Failed to execute job 1232 for task upload_task_1 (/data/sales_2022-08-19.csv; 128)
[2024-05-16T10:10:52.980+0000] {local_task_job_runner.py:240} INFO - Task exited with return code 1
[2024-05-16T10:10:53.025+0000] {taskinstance.py:3482} INFO - 0 downstream tasks scheduled from follow-on schedule check
[2024-05-16T10:10:53.031+0000] {local_task_job_runner.py:222} INFO - ::endgroup::
