[2024-05-16T10:01:07.769+0000] {processor.py:161} INFO - Started process (PID=42) to work on /opt/airflow/dags/aws_example.py
[2024-05-16T10:01:07.770+0000] {processor.py:830} INFO - Processing file /opt/airflow/dags/aws_example.py for tasks to queue
[2024-05-16T10:01:07.772+0000] {logging_mixin.py:188} INFO - [2024-05-16T10:01:07.771+0000] {dagbag.py:540} INFO - Filling up the DagBag from /opt/airflow/dags/aws_example.py
[2024-05-16T10:01:07.792+0000] {processor.py:840} INFO - DAG(s) 'upload_local_to_s3_dag' retrieved from /opt/airflow/dags/aws_example.py
[2024-05-16T10:01:07.823+0000] {logging_mixin.py:188} INFO - [2024-05-16T10:01:07.822+0000] {dag.py:3096} INFO - Sync 1 DAGs
[2024-05-16T10:01:07.838+0000] {logging_mixin.py:188} INFO - [2024-05-16T10:01:07.837+0000] {dag.py:3954} INFO - Setting next_dagrun for upload_local_to_s3_dag to None, run_after=None
[2024-05-16T10:01:07.866+0000] {processor.py:183} INFO - Processing /opt/airflow/dags/aws_example.py took 0.104 seconds
[2024-05-16T10:01:38.081+0000] {processor.py:161} INFO - Started process (PID=45) to work on /opt/airflow/dags/aws_example.py
[2024-05-16T10:01:38.081+0000] {processor.py:830} INFO - Processing file /opt/airflow/dags/aws_example.py for tasks to queue
[2024-05-16T10:01:38.083+0000] {logging_mixin.py:188} INFO - [2024-05-16T10:01:38.083+0000] {dagbag.py:540} INFO - Filling up the DagBag from /opt/airflow/dags/aws_example.py
[2024-05-16T10:01:38.095+0000] {processor.py:840} INFO - DAG(s) 'upload_local_to_s3_dag' retrieved from /opt/airflow/dags/aws_example.py
[2024-05-16T10:01:38.114+0000] {logging_mixin.py:188} INFO - [2024-05-16T10:01:38.113+0000] {dag.py:3096} INFO - Sync 1 DAGs
[2024-05-16T10:01:38.126+0000] {logging_mixin.py:188} INFO - [2024-05-16T10:01:38.126+0000] {dag.py:3954} INFO - Setting next_dagrun for upload_local_to_s3_dag to None, run_after=None
[2024-05-16T10:01:38.143+0000] {processor.py:183} INFO - Processing /opt/airflow/dags/aws_example.py took 0.067 seconds
[2024-05-16T10:02:08.357+0000] {processor.py:161} INFO - Started process (PID=48) to work on /opt/airflow/dags/aws_example.py
[2024-05-16T10:02:08.358+0000] {processor.py:830} INFO - Processing file /opt/airflow/dags/aws_example.py for tasks to queue
[2024-05-16T10:02:08.360+0000] {logging_mixin.py:188} INFO - [2024-05-16T10:02:08.360+0000] {dagbag.py:540} INFO - Filling up the DagBag from /opt/airflow/dags/aws_example.py
[2024-05-16T10:02:08.374+0000] {processor.py:840} INFO - DAG(s) 'upload_local_to_s3_dag' retrieved from /opt/airflow/dags/aws_example.py
[2024-05-16T10:02:08.395+0000] {logging_mixin.py:188} INFO - [2024-05-16T10:02:08.395+0000] {dag.py:3096} INFO - Sync 1 DAGs
[2024-05-16T10:02:08.407+0000] {logging_mixin.py:188} INFO - [2024-05-16T10:02:08.406+0000] {dag.py:3954} INFO - Setting next_dagrun for upload_local_to_s3_dag to None, run_after=None
[2024-05-16T10:02:08.424+0000] {processor.py:183} INFO - Processing /opt/airflow/dags/aws_example.py took 0.072 seconds
[2024-05-16T10:02:38.624+0000] {processor.py:161} INFO - Started process (PID=51) to work on /opt/airflow/dags/aws_example.py
[2024-05-16T10:02:38.625+0000] {processor.py:830} INFO - Processing file /opt/airflow/dags/aws_example.py for tasks to queue
[2024-05-16T10:02:38.626+0000] {logging_mixin.py:188} INFO - [2024-05-16T10:02:38.626+0000] {dagbag.py:540} INFO - Filling up the DagBag from /opt/airflow/dags/aws_example.py
[2024-05-16T10:02:38.641+0000] {processor.py:840} INFO - DAG(s) 'upload_local_to_s3_dag' retrieved from /opt/airflow/dags/aws_example.py
[2024-05-16T10:02:38.659+0000] {logging_mixin.py:188} INFO - [2024-05-16T10:02:38.659+0000] {dag.py:3096} INFO - Sync 1 DAGs
[2024-05-16T10:02:38.670+0000] {logging_mixin.py:188} INFO - [2024-05-16T10:02:38.669+0000] {dag.py:3954} INFO - Setting next_dagrun for upload_local_to_s3_dag to None, run_after=None
[2024-05-16T10:02:38.687+0000] {processor.py:183} INFO - Processing /opt/airflow/dags/aws_example.py took 0.069 seconds
[2024-05-16T10:03:08.919+0000] {processor.py:161} INFO - Started process (PID=54) to work on /opt/airflow/dags/aws_example.py
[2024-05-16T10:03:08.920+0000] {processor.py:830} INFO - Processing file /opt/airflow/dags/aws_example.py for tasks to queue
[2024-05-16T10:03:08.922+0000] {logging_mixin.py:188} INFO - [2024-05-16T10:03:08.922+0000] {dagbag.py:540} INFO - Filling up the DagBag from /opt/airflow/dags/aws_example.py
[2024-05-16T10:03:08.941+0000] {processor.py:840} INFO - DAG(s) 'upload_local_to_s3_dag' retrieved from /opt/airflow/dags/aws_example.py
[2024-05-16T10:03:08.966+0000] {logging_mixin.py:188} INFO - [2024-05-16T10:03:08.965+0000] {dag.py:3096} INFO - Sync 1 DAGs
[2024-05-16T10:03:08.978+0000] {logging_mixin.py:188} INFO - [2024-05-16T10:03:08.978+0000] {dag.py:3954} INFO - Setting next_dagrun for upload_local_to_s3_dag to None, run_after=None
[2024-05-16T10:03:09.001+0000] {processor.py:183} INFO - Processing /opt/airflow/dags/aws_example.py took 0.088 seconds
[2024-05-16T10:03:39.205+0000] {processor.py:161} INFO - Started process (PID=57) to work on /opt/airflow/dags/aws_example.py
[2024-05-16T10:03:39.206+0000] {processor.py:830} INFO - Processing file /opt/airflow/dags/aws_example.py for tasks to queue
[2024-05-16T10:03:39.208+0000] {logging_mixin.py:188} INFO - [2024-05-16T10:03:39.208+0000] {dagbag.py:540} INFO - Filling up the DagBag from /opt/airflow/dags/aws_example.py
[2024-05-16T10:03:39.223+0000] {processor.py:840} INFO - DAG(s) 'upload_local_to_s3_dag' retrieved from /opt/airflow/dags/aws_example.py
[2024-05-16T10:03:39.246+0000] {logging_mixin.py:188} INFO - [2024-05-16T10:03:39.246+0000] {dag.py:3096} INFO - Sync 1 DAGs
[2024-05-16T10:03:39.259+0000] {logging_mixin.py:188} INFO - [2024-05-16T10:03:39.259+0000] {dag.py:3954} INFO - Setting next_dagrun for upload_local_to_s3_dag to None, run_after=None
[2024-05-16T10:03:39.288+0000] {processor.py:183} INFO - Processing /opt/airflow/dags/aws_example.py took 0.088 seconds
[2024-05-16T10:04:09.472+0000] {processor.py:161} INFO - Started process (PID=60) to work on /opt/airflow/dags/aws_example.py
[2024-05-16T10:04:09.473+0000] {processor.py:830} INFO - Processing file /opt/airflow/dags/aws_example.py for tasks to queue
[2024-05-16T10:04:09.474+0000] {logging_mixin.py:188} INFO - [2024-05-16T10:04:09.474+0000] {dagbag.py:540} INFO - Filling up the DagBag from /opt/airflow/dags/aws_example.py
[2024-05-16T10:04:09.486+0000] {processor.py:840} INFO - DAG(s) 'upload_local_to_s3_dag' retrieved from /opt/airflow/dags/aws_example.py
[2024-05-16T10:04:09.505+0000] {logging_mixin.py:188} INFO - [2024-05-16T10:04:09.504+0000] {dag.py:3096} INFO - Sync 1 DAGs
[2024-05-16T10:04:09.516+0000] {logging_mixin.py:188} INFO - [2024-05-16T10:04:09.515+0000] {dag.py:3954} INFO - Setting next_dagrun for upload_local_to_s3_dag to None, run_after=None
[2024-05-16T10:04:09.534+0000] {processor.py:183} INFO - Processing /opt/airflow/dags/aws_example.py took 0.067 seconds
[2024-05-16T10:04:39.826+0000] {processor.py:161} INFO - Started process (PID=63) to work on /opt/airflow/dags/aws_example.py
[2024-05-16T10:04:39.828+0000] {processor.py:830} INFO - Processing file /opt/airflow/dags/aws_example.py for tasks to queue
[2024-05-16T10:04:39.830+0000] {logging_mixin.py:188} INFO - [2024-05-16T10:04:39.830+0000] {dagbag.py:540} INFO - Filling up the DagBag from /opt/airflow/dags/aws_example.py
[2024-05-16T10:04:39.851+0000] {processor.py:840} INFO - DAG(s) 'upload_local_to_s3_dag' retrieved from /opt/airflow/dags/aws_example.py
[2024-05-16T10:04:39.882+0000] {logging_mixin.py:188} INFO - [2024-05-16T10:04:39.881+0000] {dag.py:3096} INFO - Sync 1 DAGs
[2024-05-16T10:04:39.901+0000] {logging_mixin.py:188} INFO - [2024-05-16T10:04:39.900+0000] {dag.py:3954} INFO - Setting next_dagrun for upload_local_to_s3_dag to None, run_after=None
[2024-05-16T10:04:39.933+0000] {processor.py:183} INFO - Processing /opt/airflow/dags/aws_example.py took 0.113 seconds
[2024-05-16T10:05:10.108+0000] {processor.py:161} INFO - Started process (PID=66) to work on /opt/airflow/dags/aws_example.py
[2024-05-16T10:05:10.109+0000] {processor.py:830} INFO - Processing file /opt/airflow/dags/aws_example.py for tasks to queue
[2024-05-16T10:05:10.110+0000] {logging_mixin.py:188} INFO - [2024-05-16T10:05:10.110+0000] {dagbag.py:540} INFO - Filling up the DagBag from /opt/airflow/dags/aws_example.py
[2024-05-16T10:05:10.124+0000] {processor.py:840} INFO - DAG(s) 'upload_local_to_s3_dag' retrieved from /opt/airflow/dags/aws_example.py
[2024-05-16T10:05:10.144+0000] {logging_mixin.py:188} INFO - [2024-05-16T10:05:10.143+0000] {dag.py:3096} INFO - Sync 1 DAGs
[2024-05-16T10:05:10.154+0000] {logging_mixin.py:188} INFO - [2024-05-16T10:05:10.154+0000] {dag.py:3954} INFO - Setting next_dagrun for upload_local_to_s3_dag to None, run_after=None
[2024-05-16T10:05:10.173+0000] {processor.py:183} INFO - Processing /opt/airflow/dags/aws_example.py took 0.069 seconds
[2024-05-16T10:05:40.454+0000] {processor.py:161} INFO - Started process (PID=69) to work on /opt/airflow/dags/aws_example.py
[2024-05-16T10:05:40.455+0000] {processor.py:830} INFO - Processing file /opt/airflow/dags/aws_example.py for tasks to queue
[2024-05-16T10:05:40.456+0000] {logging_mixin.py:188} INFO - [2024-05-16T10:05:40.456+0000] {dagbag.py:540} INFO - Filling up the DagBag from /opt/airflow/dags/aws_example.py
[2024-05-16T10:05:40.474+0000] {processor.py:840} INFO - DAG(s) 'upload_local_to_s3_dag' retrieved from /opt/airflow/dags/aws_example.py
[2024-05-16T10:05:40.500+0000] {logging_mixin.py:188} INFO - [2024-05-16T10:05:40.499+0000] {dag.py:3096} INFO - Sync 1 DAGs
[2024-05-16T10:05:40.514+0000] {logging_mixin.py:188} INFO - [2024-05-16T10:05:40.513+0000] {dag.py:3954} INFO - Setting next_dagrun for upload_local_to_s3_dag to None, run_after=None
[2024-05-16T10:05:40.539+0000] {processor.py:183} INFO - Processing /opt/airflow/dags/aws_example.py took 0.090 seconds
[2024-05-16T10:06:10.799+0000] {processor.py:161} INFO - Started process (PID=72) to work on /opt/airflow/dags/aws_example.py
[2024-05-16T10:06:10.800+0000] {processor.py:830} INFO - Processing file /opt/airflow/dags/aws_example.py for tasks to queue
[2024-05-16T10:06:10.802+0000] {logging_mixin.py:188} INFO - [2024-05-16T10:06:10.801+0000] {dagbag.py:540} INFO - Filling up the DagBag from /opt/airflow/dags/aws_example.py
[2024-05-16T10:06:10.816+0000] {processor.py:840} INFO - DAG(s) 'upload_local_to_s3_dag' retrieved from /opt/airflow/dags/aws_example.py
[2024-05-16T10:06:10.837+0000] {logging_mixin.py:188} INFO - [2024-05-16T10:06:10.837+0000] {dag.py:3096} INFO - Sync 1 DAGs
[2024-05-16T10:06:10.850+0000] {logging_mixin.py:188} INFO - [2024-05-16T10:06:10.850+0000] {dag.py:3954} INFO - Setting next_dagrun for upload_local_to_s3_dag to None, run_after=None
[2024-05-16T10:06:10.873+0000] {processor.py:183} INFO - Processing /opt/airflow/dags/aws_example.py took 0.078 seconds
[2024-05-16T10:06:41.081+0000] {processor.py:161} INFO - Started process (PID=75) to work on /opt/airflow/dags/aws_example.py
[2024-05-16T10:06:41.081+0000] {processor.py:830} INFO - Processing file /opt/airflow/dags/aws_example.py for tasks to queue
[2024-05-16T10:06:41.083+0000] {logging_mixin.py:188} INFO - [2024-05-16T10:06:41.083+0000] {dagbag.py:540} INFO - Filling up the DagBag from /opt/airflow/dags/aws_example.py
[2024-05-16T10:06:41.096+0000] {processor.py:840} INFO - DAG(s) 'upload_local_to_s3_dag' retrieved from /opt/airflow/dags/aws_example.py
[2024-05-16T10:06:41.116+0000] {logging_mixin.py:188} INFO - [2024-05-16T10:06:41.115+0000] {dag.py:3096} INFO - Sync 1 DAGs
[2024-05-16T10:06:41.126+0000] {logging_mixin.py:188} INFO - [2024-05-16T10:06:41.126+0000] {dag.py:3954} INFO - Setting next_dagrun for upload_local_to_s3_dag to None, run_after=None
[2024-05-16T10:06:41.145+0000] {processor.py:183} INFO - Processing /opt/airflow/dags/aws_example.py took 0.069 seconds
[2024-05-16T10:07:11.367+0000] {processor.py:161} INFO - Started process (PID=78) to work on /opt/airflow/dags/aws_example.py
[2024-05-16T10:07:11.368+0000] {processor.py:830} INFO - Processing file /opt/airflow/dags/aws_example.py for tasks to queue
[2024-05-16T10:07:11.369+0000] {logging_mixin.py:188} INFO - [2024-05-16T10:07:11.369+0000] {dagbag.py:540} INFO - Filling up the DagBag from /opt/airflow/dags/aws_example.py
[2024-05-16T10:07:11.384+0000] {processor.py:840} INFO - DAG(s) 'upload_local_to_s3_dag' retrieved from /opt/airflow/dags/aws_example.py
[2024-05-16T10:07:11.406+0000] {logging_mixin.py:188} INFO - [2024-05-16T10:07:11.406+0000] {dag.py:3096} INFO - Sync 1 DAGs
[2024-05-16T10:07:11.420+0000] {logging_mixin.py:188} INFO - [2024-05-16T10:07:11.420+0000] {dag.py:3954} INFO - Setting next_dagrun for upload_local_to_s3_dag to None, run_after=None
[2024-05-16T10:07:11.439+0000] {processor.py:183} INFO - Processing /opt/airflow/dags/aws_example.py took 0.076 seconds
[2024-05-16T10:07:41.653+0000] {processor.py:161} INFO - Started process (PID=81) to work on /opt/airflow/dags/aws_example.py
[2024-05-16T10:07:41.654+0000] {processor.py:830} INFO - Processing file /opt/airflow/dags/aws_example.py for tasks to queue
[2024-05-16T10:07:41.655+0000] {logging_mixin.py:188} INFO - [2024-05-16T10:07:41.655+0000] {dagbag.py:540} INFO - Filling up the DagBag from /opt/airflow/dags/aws_example.py
[2024-05-16T10:07:41.668+0000] {processor.py:840} INFO - DAG(s) 'upload_local_to_s3_dag' retrieved from /opt/airflow/dags/aws_example.py
[2024-05-16T10:07:41.688+0000] {logging_mixin.py:188} INFO - [2024-05-16T10:07:41.688+0000] {dag.py:3096} INFO - Sync 1 DAGs
[2024-05-16T10:07:41.699+0000] {logging_mixin.py:188} INFO - [2024-05-16T10:07:41.698+0000] {dag.py:3954} INFO - Setting next_dagrun for upload_local_to_s3_dag to None, run_after=None
[2024-05-16T10:07:41.717+0000] {processor.py:183} INFO - Processing /opt/airflow/dags/aws_example.py took 0.068 seconds
[2024-05-16T10:08:11.933+0000] {processor.py:161} INFO - Started process (PID=84) to work on /opt/airflow/dags/aws_example.py
[2024-05-16T10:08:11.934+0000] {processor.py:830} INFO - Processing file /opt/airflow/dags/aws_example.py for tasks to queue
[2024-05-16T10:08:11.935+0000] {logging_mixin.py:188} INFO - [2024-05-16T10:08:11.935+0000] {dagbag.py:540} INFO - Filling up the DagBag from /opt/airflow/dags/aws_example.py
[2024-05-16T10:08:11.951+0000] {processor.py:840} INFO - DAG(s) 'upload_local_to_s3_dag' retrieved from /opt/airflow/dags/aws_example.py
[2024-05-16T10:08:11.976+0000] {logging_mixin.py:188} INFO - [2024-05-16T10:08:11.976+0000] {dag.py:3096} INFO - Sync 1 DAGs
[2024-05-16T10:08:11.990+0000] {logging_mixin.py:188} INFO - [2024-05-16T10:08:11.990+0000] {dag.py:3954} INFO - Setting next_dagrun for upload_local_to_s3_dag to None, run_after=None
[2024-05-16T10:08:12.019+0000] {processor.py:183} INFO - Processing /opt/airflow/dags/aws_example.py took 0.090 seconds
[2024-05-16T10:08:42.200+0000] {processor.py:161} INFO - Started process (PID=87) to work on /opt/airflow/dags/aws_example.py
[2024-05-16T10:08:42.201+0000] {processor.py:830} INFO - Processing file /opt/airflow/dags/aws_example.py for tasks to queue
[2024-05-16T10:08:42.202+0000] {logging_mixin.py:188} INFO - [2024-05-16T10:08:42.202+0000] {dagbag.py:540} INFO - Filling up the DagBag from /opt/airflow/dags/aws_example.py
[2024-05-16T10:08:42.215+0000] {processor.py:840} INFO - DAG(s) 'upload_local_to_s3_dag' retrieved from /opt/airflow/dags/aws_example.py
[2024-05-16T10:08:42.234+0000] {logging_mixin.py:188} INFO - [2024-05-16T10:08:42.233+0000] {dag.py:3096} INFO - Sync 1 DAGs
[2024-05-16T10:08:42.244+0000] {logging_mixin.py:188} INFO - [2024-05-16T10:08:42.244+0000] {dag.py:3954} INFO - Setting next_dagrun for upload_local_to_s3_dag to None, run_after=None
[2024-05-16T10:08:42.261+0000] {processor.py:183} INFO - Processing /opt/airflow/dags/aws_example.py took 0.065 seconds
[2024-05-16T10:09:12.491+0000] {processor.py:161} INFO - Started process (PID=90) to work on /opt/airflow/dags/aws_example.py
[2024-05-16T10:09:12.491+0000] {processor.py:830} INFO - Processing file /opt/airflow/dags/aws_example.py for tasks to queue
[2024-05-16T10:09:12.493+0000] {logging_mixin.py:188} INFO - [2024-05-16T10:09:12.493+0000] {dagbag.py:540} INFO - Filling up the DagBag from /opt/airflow/dags/aws_example.py
[2024-05-16T10:09:12.509+0000] {processor.py:840} INFO - DAG(s) 'upload_local_to_s3_dag' retrieved from /opt/airflow/dags/aws_example.py
[2024-05-16T10:09:12.533+0000] {logging_mixin.py:188} INFO - [2024-05-16T10:09:12.532+0000] {dag.py:3096} INFO - Sync 1 DAGs
[2024-05-16T10:09:12.546+0000] {logging_mixin.py:188} INFO - [2024-05-16T10:09:12.546+0000] {dag.py:3954} INFO - Setting next_dagrun for upload_local_to_s3_dag to None, run_after=None
[2024-05-16T10:09:12.570+0000] {processor.py:183} INFO - Processing /opt/airflow/dags/aws_example.py took 0.084 seconds
[2024-05-16T10:09:42.778+0000] {processor.py:161} INFO - Started process (PID=93) to work on /opt/airflow/dags/aws_example.py
[2024-05-16T10:09:42.779+0000] {processor.py:830} INFO - Processing file /opt/airflow/dags/aws_example.py for tasks to queue
[2024-05-16T10:09:42.781+0000] {logging_mixin.py:188} INFO - [2024-05-16T10:09:42.780+0000] {dagbag.py:540} INFO - Filling up the DagBag from /opt/airflow/dags/aws_example.py
[2024-05-16T10:09:42.795+0000] {processor.py:840} INFO - DAG(s) 'upload_local_to_s3_dag' retrieved from /opt/airflow/dags/aws_example.py
[2024-05-16T10:09:42.815+0000] {logging_mixin.py:188} INFO - [2024-05-16T10:09:42.815+0000] {dag.py:3096} INFO - Sync 1 DAGs
[2024-05-16T10:09:42.827+0000] {logging_mixin.py:188} INFO - [2024-05-16T10:09:42.827+0000] {dag.py:3954} INFO - Setting next_dagrun for upload_local_to_s3_dag to None, run_after=None
[2024-05-16T10:09:42.848+0000] {processor.py:183} INFO - Processing /opt/airflow/dags/aws_example.py took 0.074 seconds
[2024-05-16T10:10:13.083+0000] {processor.py:161} INFO - Started process (PID=96) to work on /opt/airflow/dags/aws_example.py
[2024-05-16T10:10:13.084+0000] {processor.py:830} INFO - Processing file /opt/airflow/dags/aws_example.py for tasks to queue
[2024-05-16T10:10:13.086+0000] {logging_mixin.py:188} INFO - [2024-05-16T10:10:13.086+0000] {dagbag.py:540} INFO - Filling up the DagBag from /opt/airflow/dags/aws_example.py
[2024-05-16T10:10:13.102+0000] {processor.py:840} INFO - DAG(s) 'upload_local_to_s3_dag' retrieved from /opt/airflow/dags/aws_example.py
[2024-05-16T10:10:13.126+0000] {logging_mixin.py:188} INFO - [2024-05-16T10:10:13.125+0000] {dag.py:3096} INFO - Sync 1 DAGs
[2024-05-16T10:10:13.139+0000] {logging_mixin.py:188} INFO - [2024-05-16T10:10:13.139+0000] {dag.py:3954} INFO - Setting next_dagrun for upload_local_to_s3_dag to None, run_after=None
[2024-05-16T10:10:13.163+0000] {processor.py:183} INFO - Processing /opt/airflow/dags/aws_example.py took 0.084 seconds
[2024-05-16T10:10:43.371+0000] {processor.py:161} INFO - Started process (PID=99) to work on /opt/airflow/dags/aws_example.py
[2024-05-16T10:10:43.372+0000] {processor.py:830} INFO - Processing file /opt/airflow/dags/aws_example.py for tasks to queue
[2024-05-16T10:10:43.373+0000] {logging_mixin.py:188} INFO - [2024-05-16T10:10:43.373+0000] {dagbag.py:540} INFO - Filling up the DagBag from /opt/airflow/dags/aws_example.py
[2024-05-16T10:10:43.389+0000] {processor.py:840} INFO - DAG(s) 'upload_local_to_s3_dag' retrieved from /opt/airflow/dags/aws_example.py
[2024-05-16T10:10:43.410+0000] {logging_mixin.py:188} INFO - [2024-05-16T10:10:43.410+0000] {dag.py:3096} INFO - Sync 1 DAGs
[2024-05-16T10:10:43.423+0000] {logging_mixin.py:188} INFO - [2024-05-16T10:10:43.423+0000] {dag.py:3954} INFO - Setting next_dagrun for upload_local_to_s3_dag to None, run_after=None
[2024-05-16T10:10:43.444+0000] {processor.py:183} INFO - Processing /opt/airflow/dags/aws_example.py took 0.078 seconds
[2024-05-16T10:11:13.805+0000] {processor.py:161} INFO - Started process (PID=145) to work on /opt/airflow/dags/aws_example.py
[2024-05-16T10:11:13.807+0000] {processor.py:830} INFO - Processing file /opt/airflow/dags/aws_example.py for tasks to queue
[2024-05-16T10:11:13.810+0000] {logging_mixin.py:188} INFO - [2024-05-16T10:11:13.809+0000] {dagbag.py:540} INFO - Filling up the DagBag from /opt/airflow/dags/aws_example.py
[2024-05-16T10:11:13.828+0000] {processor.py:840} INFO - DAG(s) 'upload_local_to_s3_dag' retrieved from /opt/airflow/dags/aws_example.py
[2024-05-16T10:11:13.852+0000] {logging_mixin.py:188} INFO - [2024-05-16T10:11:13.852+0000] {dag.py:3096} INFO - Sync 1 DAGs
[2024-05-16T10:11:13.866+0000] {logging_mixin.py:188} INFO - [2024-05-16T10:11:13.865+0000] {dag.py:3954} INFO - Setting next_dagrun for upload_local_to_s3_dag to None, run_after=None
[2024-05-16T10:11:13.890+0000] {processor.py:183} INFO - Processing /opt/airflow/dags/aws_example.py took 0.090 seconds
[2024-05-16T10:11:44.121+0000] {processor.py:161} INFO - Started process (PID=148) to work on /opt/airflow/dags/aws_example.py
[2024-05-16T10:11:44.122+0000] {processor.py:830} INFO - Processing file /opt/airflow/dags/aws_example.py for tasks to queue
[2024-05-16T10:11:44.125+0000] {logging_mixin.py:188} INFO - [2024-05-16T10:11:44.124+0000] {dagbag.py:540} INFO - Filling up the DagBag from /opt/airflow/dags/aws_example.py
[2024-05-16T10:11:44.142+0000] {processor.py:840} INFO - DAG(s) 'upload_local_to_s3_dag' retrieved from /opt/airflow/dags/aws_example.py
[2024-05-16T10:11:44.165+0000] {logging_mixin.py:188} INFO - [2024-05-16T10:11:44.164+0000] {dag.py:3096} INFO - Sync 1 DAGs
[2024-05-16T10:11:44.177+0000] {logging_mixin.py:188} INFO - [2024-05-16T10:11:44.177+0000] {dag.py:3954} INFO - Setting next_dagrun for upload_local_to_s3_dag to None, run_after=None
[2024-05-16T10:11:44.211+0000] {processor.py:183} INFO - Processing /opt/airflow/dags/aws_example.py took 0.095 seconds
[2024-05-16T10:12:14.398+0000] {processor.py:161} INFO - Started process (PID=151) to work on /opt/airflow/dags/aws_example.py
[2024-05-16T10:12:14.398+0000] {processor.py:830} INFO - Processing file /opt/airflow/dags/aws_example.py for tasks to queue
[2024-05-16T10:12:14.400+0000] {logging_mixin.py:188} INFO - [2024-05-16T10:12:14.400+0000] {dagbag.py:540} INFO - Filling up the DagBag from /opt/airflow/dags/aws_example.py
[2024-05-16T10:12:14.412+0000] {processor.py:840} INFO - DAG(s) 'upload_local_to_s3_dag' retrieved from /opt/airflow/dags/aws_example.py
[2024-05-16T10:12:14.431+0000] {logging_mixin.py:188} INFO - [2024-05-16T10:12:14.431+0000] {dag.py:3096} INFO - Sync 1 DAGs
[2024-05-16T10:12:14.442+0000] {logging_mixin.py:188} INFO - [2024-05-16T10:12:14.442+0000] {dag.py:3954} INFO - Setting next_dagrun for upload_local_to_s3_dag to None, run_after=None
[2024-05-16T10:12:14.472+0000] {processor.py:183} INFO - Processing /opt/airflow/dags/aws_example.py took 0.078 seconds
[2024-05-16T10:12:44.689+0000] {processor.py:161} INFO - Started process (PID=154) to work on /opt/airflow/dags/aws_example.py
[2024-05-16T10:12:44.690+0000] {processor.py:830} INFO - Processing file /opt/airflow/dags/aws_example.py for tasks to queue
[2024-05-16T10:12:44.692+0000] {logging_mixin.py:188} INFO - [2024-05-16T10:12:44.691+0000] {dagbag.py:540} INFO - Filling up the DagBag from /opt/airflow/dags/aws_example.py
[2024-05-16T10:12:44.706+0000] {processor.py:840} INFO - DAG(s) 'upload_local_to_s3_dag' retrieved from /opt/airflow/dags/aws_example.py
[2024-05-16T10:12:44.726+0000] {logging_mixin.py:188} INFO - [2024-05-16T10:12:44.725+0000] {dag.py:3096} INFO - Sync 1 DAGs
[2024-05-16T10:12:44.736+0000] {logging_mixin.py:188} INFO - [2024-05-16T10:12:44.736+0000] {dag.py:3954} INFO - Setting next_dagrun for upload_local_to_s3_dag to None, run_after=None
[2024-05-16T10:12:44.755+0000] {processor.py:183} INFO - Processing /opt/airflow/dags/aws_example.py took 0.070 seconds
[2024-05-16T10:13:14.964+0000] {processor.py:161} INFO - Started process (PID=157) to work on /opt/airflow/dags/aws_example.py
[2024-05-16T10:13:14.965+0000] {processor.py:830} INFO - Processing file /opt/airflow/dags/aws_example.py for tasks to queue
[2024-05-16T10:13:14.967+0000] {logging_mixin.py:188} INFO - [2024-05-16T10:13:14.967+0000] {dagbag.py:540} INFO - Filling up the DagBag from /opt/airflow/dags/aws_example.py
[2024-05-16T10:13:14.980+0000] {processor.py:840} INFO - DAG(s) 'upload_local_to_s3_dag' retrieved from /opt/airflow/dags/aws_example.py
[2024-05-16T10:13:15.001+0000] {logging_mixin.py:188} INFO - [2024-05-16T10:13:15.001+0000] {dag.py:3096} INFO - Sync 1 DAGs
[2024-05-16T10:13:15.015+0000] {logging_mixin.py:188} INFO - [2024-05-16T10:13:15.015+0000] {dag.py:3954} INFO - Setting next_dagrun for upload_local_to_s3_dag to None, run_after=None
[2024-05-16T10:13:15.035+0000] {processor.py:183} INFO - Processing /opt/airflow/dags/aws_example.py took 0.075 seconds
[2024-05-16T10:13:45.247+0000] {processor.py:161} INFO - Started process (PID=160) to work on /opt/airflow/dags/aws_example.py
[2024-05-16T10:13:45.248+0000] {processor.py:830} INFO - Processing file /opt/airflow/dags/aws_example.py for tasks to queue
[2024-05-16T10:13:45.250+0000] {logging_mixin.py:188} INFO - [2024-05-16T10:13:45.250+0000] {dagbag.py:540} INFO - Filling up the DagBag from /opt/airflow/dags/aws_example.py
[2024-05-16T10:13:45.266+0000] {processor.py:840} INFO - DAG(s) 'upload_local_to_s3_dag' retrieved from /opt/airflow/dags/aws_example.py
[2024-05-16T10:13:45.287+0000] {logging_mixin.py:188} INFO - [2024-05-16T10:13:45.286+0000] {dag.py:3096} INFO - Sync 1 DAGs
[2024-05-16T10:13:45.297+0000] {logging_mixin.py:188} INFO - [2024-05-16T10:13:45.297+0000] {dag.py:3954} INFO - Setting next_dagrun for upload_local_to_s3_dag to None, run_after=None
[2024-05-16T10:13:45.317+0000] {processor.py:183} INFO - Processing /opt/airflow/dags/aws_example.py took 0.075 seconds
[2024-05-16T10:14:15.553+0000] {processor.py:161} INFO - Started process (PID=163) to work on /opt/airflow/dags/aws_example.py
[2024-05-16T10:14:15.554+0000] {processor.py:830} INFO - Processing file /opt/airflow/dags/aws_example.py for tasks to queue
[2024-05-16T10:14:15.558+0000] {logging_mixin.py:188} INFO - [2024-05-16T10:14:15.557+0000] {dagbag.py:540} INFO - Filling up the DagBag from /opt/airflow/dags/aws_example.py
[2024-05-16T10:14:15.576+0000] {processor.py:840} INFO - DAG(s) 'upload_local_to_s3_dag' retrieved from /opt/airflow/dags/aws_example.py
[2024-05-16T10:14:15.605+0000] {logging_mixin.py:188} INFO - [2024-05-16T10:14:15.604+0000] {dag.py:3096} INFO - Sync 1 DAGs
[2024-05-16T10:14:15.618+0000] {logging_mixin.py:188} INFO - [2024-05-16T10:14:15.618+0000] {dag.py:3954} INFO - Setting next_dagrun for upload_local_to_s3_dag to None, run_after=None
[2024-05-16T10:14:15.643+0000] {processor.py:183} INFO - Processing /opt/airflow/dags/aws_example.py took 0.097 seconds
[2024-05-16T10:14:45.867+0000] {processor.py:161} INFO - Started process (PID=166) to work on /opt/airflow/dags/aws_example.py
[2024-05-16T10:14:45.869+0000] {processor.py:830} INFO - Processing file /opt/airflow/dags/aws_example.py for tasks to queue
[2024-05-16T10:14:45.872+0000] {logging_mixin.py:188} INFO - [2024-05-16T10:14:45.871+0000] {dagbag.py:540} INFO - Filling up the DagBag from /opt/airflow/dags/aws_example.py
[2024-05-16T10:14:45.889+0000] {processor.py:840} INFO - DAG(s) 'upload_local_to_s3_dag' retrieved from /opt/airflow/dags/aws_example.py
[2024-05-16T10:14:45.912+0000] {logging_mixin.py:188} INFO - [2024-05-16T10:14:45.912+0000] {dag.py:3096} INFO - Sync 1 DAGs
[2024-05-16T10:14:45.924+0000] {logging_mixin.py:188} INFO - [2024-05-16T10:14:45.924+0000] {dag.py:3954} INFO - Setting next_dagrun for upload_local_to_s3_dag to None, run_after=None
[2024-05-16T10:14:45.946+0000] {processor.py:183} INFO - Processing /opt/airflow/dags/aws_example.py took 0.085 seconds
[2024-05-16T10:15:16.182+0000] {processor.py:161} INFO - Started process (PID=169) to work on /opt/airflow/dags/aws_example.py
[2024-05-16T10:15:16.183+0000] {processor.py:830} INFO - Processing file /opt/airflow/dags/aws_example.py for tasks to queue
[2024-05-16T10:15:16.185+0000] {logging_mixin.py:188} INFO - [2024-05-16T10:15:16.185+0000] {dagbag.py:540} INFO - Filling up the DagBag from /opt/airflow/dags/aws_example.py
[2024-05-16T10:15:16.201+0000] {processor.py:840} INFO - DAG(s) 'upload_local_to_s3_dag' retrieved from /opt/airflow/dags/aws_example.py
[2024-05-16T10:15:16.226+0000] {logging_mixin.py:188} INFO - [2024-05-16T10:15:16.225+0000] {dag.py:3096} INFO - Sync 1 DAGs
[2024-05-16T10:15:16.239+0000] {logging_mixin.py:188} INFO - [2024-05-16T10:15:16.239+0000] {dag.py:3954} INFO - Setting next_dagrun for upload_local_to_s3_dag to None, run_after=None
[2024-05-16T10:15:16.260+0000] {processor.py:183} INFO - Processing /opt/airflow/dags/aws_example.py took 0.083 seconds
[2024-05-16T10:15:46.459+0000] {processor.py:161} INFO - Started process (PID=172) to work on /opt/airflow/dags/aws_example.py
[2024-05-16T10:15:46.460+0000] {processor.py:830} INFO - Processing file /opt/airflow/dags/aws_example.py for tasks to queue
[2024-05-16T10:15:46.462+0000] {logging_mixin.py:188} INFO - [2024-05-16T10:15:46.461+0000] {dagbag.py:540} INFO - Filling up the DagBag from /opt/airflow/dags/aws_example.py
[2024-05-16T10:15:46.479+0000] {processor.py:840} INFO - DAG(s) 'upload_local_to_s3_dag' retrieved from /opt/airflow/dags/aws_example.py
[2024-05-16T10:15:46.502+0000] {logging_mixin.py:188} INFO - [2024-05-16T10:15:46.502+0000] {dag.py:3096} INFO - Sync 1 DAGs
[2024-05-16T10:15:46.516+0000] {logging_mixin.py:188} INFO - [2024-05-16T10:15:46.515+0000] {dag.py:3954} INFO - Setting next_dagrun for upload_local_to_s3_dag to None, run_after=None
[2024-05-16T10:15:46.537+0000] {processor.py:183} INFO - Processing /opt/airflow/dags/aws_example.py took 0.083 seconds
[2024-05-16T10:16:16.784+0000] {processor.py:161} INFO - Started process (PID=175) to work on /opt/airflow/dags/aws_example.py
[2024-05-16T10:16:16.785+0000] {processor.py:830} INFO - Processing file /opt/airflow/dags/aws_example.py for tasks to queue
[2024-05-16T10:16:16.786+0000] {logging_mixin.py:188} INFO - [2024-05-16T10:16:16.786+0000] {dagbag.py:540} INFO - Filling up the DagBag from /opt/airflow/dags/aws_example.py
[2024-05-16T10:16:16.799+0000] {processor.py:840} INFO - DAG(s) 'upload_local_to_s3_dag' retrieved from /opt/airflow/dags/aws_example.py
[2024-05-16T10:16:16.820+0000] {logging_mixin.py:188} INFO - [2024-05-16T10:16:16.820+0000] {dag.py:3096} INFO - Sync 1 DAGs
[2024-05-16T10:16:16.832+0000] {logging_mixin.py:188} INFO - [2024-05-16T10:16:16.831+0000] {dag.py:3954} INFO - Setting next_dagrun for upload_local_to_s3_dag to None, run_after=None
[2024-05-16T10:16:16.850+0000] {processor.py:183} INFO - Processing /opt/airflow/dags/aws_example.py took 0.071 seconds
[2024-05-16T10:16:47.067+0000] {processor.py:161} INFO - Started process (PID=178) to work on /opt/airflow/dags/aws_example.py
[2024-05-16T10:16:47.067+0000] {processor.py:830} INFO - Processing file /opt/airflow/dags/aws_example.py for tasks to queue
[2024-05-16T10:16:47.069+0000] {logging_mixin.py:188} INFO - [2024-05-16T10:16:47.069+0000] {dagbag.py:540} INFO - Filling up the DagBag from /opt/airflow/dags/aws_example.py
[2024-05-16T10:16:47.083+0000] {processor.py:840} INFO - DAG(s) 'upload_local_to_s3_dag' retrieved from /opt/airflow/dags/aws_example.py
[2024-05-16T10:16:47.104+0000] {logging_mixin.py:188} INFO - [2024-05-16T10:16:47.103+0000] {dag.py:3096} INFO - Sync 1 DAGs
[2024-05-16T10:16:47.115+0000] {logging_mixin.py:188} INFO - [2024-05-16T10:16:47.115+0000] {dag.py:3954} INFO - Setting next_dagrun for upload_local_to_s3_dag to None, run_after=None
[2024-05-16T10:16:47.133+0000] {processor.py:183} INFO - Processing /opt/airflow/dags/aws_example.py took 0.071 seconds
[2024-05-16T10:17:17.350+0000] {processor.py:161} INFO - Started process (PID=181) to work on /opt/airflow/dags/aws_example.py
[2024-05-16T10:17:17.351+0000] {processor.py:830} INFO - Processing file /opt/airflow/dags/aws_example.py for tasks to queue
[2024-05-16T10:17:17.353+0000] {logging_mixin.py:188} INFO - [2024-05-16T10:17:17.353+0000] {dagbag.py:540} INFO - Filling up the DagBag from /opt/airflow/dags/aws_example.py
[2024-05-16T10:17:17.368+0000] {processor.py:840} INFO - DAG(s) 'upload_local_to_s3_dag' retrieved from /opt/airflow/dags/aws_example.py
[2024-05-16T10:17:17.388+0000] {logging_mixin.py:188} INFO - [2024-05-16T10:17:17.388+0000] {dag.py:3096} INFO - Sync 1 DAGs
[2024-05-16T10:17:17.399+0000] {logging_mixin.py:188} INFO - [2024-05-16T10:17:17.399+0000] {dag.py:3954} INFO - Setting next_dagrun for upload_local_to_s3_dag to None, run_after=None
[2024-05-16T10:17:17.417+0000] {processor.py:183} INFO - Processing /opt/airflow/dags/aws_example.py took 0.072 seconds
[2024-05-16T10:17:47.637+0000] {processor.py:161} INFO - Started process (PID=184) to work on /opt/airflow/dags/aws_example.py
[2024-05-16T10:17:47.638+0000] {processor.py:830} INFO - Processing file /opt/airflow/dags/aws_example.py for tasks to queue
[2024-05-16T10:17:47.639+0000] {logging_mixin.py:188} INFO - [2024-05-16T10:17:47.639+0000] {dagbag.py:540} INFO - Filling up the DagBag from /opt/airflow/dags/aws_example.py
[2024-05-16T10:17:47.653+0000] {processor.py:840} INFO - DAG(s) 'upload_local_to_s3_dag' retrieved from /opt/airflow/dags/aws_example.py
[2024-05-16T10:17:47.674+0000] {logging_mixin.py:188} INFO - [2024-05-16T10:17:47.673+0000] {dag.py:3096} INFO - Sync 1 DAGs
[2024-05-16T10:17:47.684+0000] {logging_mixin.py:188} INFO - [2024-05-16T10:17:47.684+0000] {dag.py:3954} INFO - Setting next_dagrun for upload_local_to_s3_dag to None, run_after=None
[2024-05-16T10:17:47.701+0000] {processor.py:183} INFO - Processing /opt/airflow/dags/aws_example.py took 0.069 seconds
[2024-05-16T10:18:17.913+0000] {processor.py:161} INFO - Started process (PID=187) to work on /opt/airflow/dags/aws_example.py
[2024-05-16T10:18:17.914+0000] {processor.py:830} INFO - Processing file /opt/airflow/dags/aws_example.py for tasks to queue
[2024-05-16T10:18:17.915+0000] {logging_mixin.py:188} INFO - [2024-05-16T10:18:17.915+0000] {dagbag.py:540} INFO - Filling up the DagBag from /opt/airflow/dags/aws_example.py
[2024-05-16T10:18:17.928+0000] {processor.py:840} INFO - DAG(s) 'upload_local_to_s3_dag' retrieved from /opt/airflow/dags/aws_example.py
[2024-05-16T10:18:17.949+0000] {logging_mixin.py:188} INFO - [2024-05-16T10:18:17.948+0000] {dag.py:3096} INFO - Sync 1 DAGs
[2024-05-16T10:18:17.960+0000] {logging_mixin.py:188} INFO - [2024-05-16T10:18:17.959+0000] {dag.py:3954} INFO - Setting next_dagrun for upload_local_to_s3_dag to None, run_after=None
[2024-05-16T10:18:17.977+0000] {processor.py:183} INFO - Processing /opt/airflow/dags/aws_example.py took 0.068 seconds
[2024-05-16T10:18:48.183+0000] {processor.py:161} INFO - Started process (PID=190) to work on /opt/airflow/dags/aws_example.py
[2024-05-16T10:18:48.184+0000] {processor.py:830} INFO - Processing file /opt/airflow/dags/aws_example.py for tasks to queue
[2024-05-16T10:18:48.186+0000] {logging_mixin.py:188} INFO - [2024-05-16T10:18:48.186+0000] {dagbag.py:540} INFO - Filling up the DagBag from /opt/airflow/dags/aws_example.py
[2024-05-16T10:18:48.204+0000] {processor.py:840} INFO - DAG(s) 'upload_local_to_s3_dag' retrieved from /opt/airflow/dags/aws_example.py
[2024-05-16T10:18:48.226+0000] {logging_mixin.py:188} INFO - [2024-05-16T10:18:48.226+0000] {dag.py:3096} INFO - Sync 1 DAGs
[2024-05-16T10:18:48.238+0000] {logging_mixin.py:188} INFO - [2024-05-16T10:18:48.237+0000] {dag.py:3954} INFO - Setting next_dagrun for upload_local_to_s3_dag to None, run_after=None
[2024-05-16T10:18:48.256+0000] {processor.py:183} INFO - Processing /opt/airflow/dags/aws_example.py took 0.078 seconds
