[2024-05-16T10:01:07.404+0000] {processor.py:161} INFO - Started process (PID=41) to work on /opt/airflow/dags/gcp_example.py
[2024-05-16T10:01:07.405+0000] {processor.py:830} INFO - Processing file /opt/airflow/dags/gcp_example.py for tasks to queue
[2024-05-16T10:01:07.407+0000] {logging_mixin.py:188} INFO - [2024-05-16T10:01:07.407+0000] {dagbag.py:540} INFO - Filling up the DagBag from /opt/airflow/dags/gcp_example.py
[2024-05-16T10:01:07.426+0000] {processor.py:840} INFO - DAG(s) 'gcs_upload_example' retrieved from /opt/airflow/dags/gcp_example.py
[2024-05-16T10:01:07.454+0000] {logging_mixin.py:188} INFO - [2024-05-16T10:01:07.454+0000] {dag.py:3096} INFO - Sync 1 DAGs
[2024-05-16T10:01:07.471+0000] {logging_mixin.py:188} INFO - [2024-05-16T10:01:07.470+0000] {dag.py:3954} INFO - Setting next_dagrun for gcs_upload_example to None, run_after=None
[2024-05-16T10:01:07.491+0000] {processor.py:183} INFO - Processing /opt/airflow/dags/gcp_example.py took 0.091 seconds
[2024-05-16T10:01:37.956+0000] {processor.py:161} INFO - Started process (PID=44) to work on /opt/airflow/dags/gcp_example.py
[2024-05-16T10:01:37.957+0000] {processor.py:830} INFO - Processing file /opt/airflow/dags/gcp_example.py for tasks to queue
[2024-05-16T10:01:37.959+0000] {logging_mixin.py:188} INFO - [2024-05-16T10:01:37.959+0000] {dagbag.py:540} INFO - Filling up the DagBag from /opt/airflow/dags/gcp_example.py
[2024-05-16T10:01:37.974+0000] {processor.py:840} INFO - DAG(s) 'gcs_upload_example' retrieved from /opt/airflow/dags/gcp_example.py
[2024-05-16T10:01:38.018+0000] {logging_mixin.py:188} INFO - [2024-05-16T10:01:38.018+0000] {dag.py:3096} INFO - Sync 1 DAGs
[2024-05-16T10:01:38.035+0000] {logging_mixin.py:188} INFO - [2024-05-16T10:01:38.035+0000] {dag.py:3954} INFO - Setting next_dagrun for gcs_upload_example to None, run_after=None
[2024-05-16T10:01:38.055+0000] {processor.py:183} INFO - Processing /opt/airflow/dags/gcp_example.py took 0.104 seconds
[2024-05-16T10:02:08.257+0000] {processor.py:161} INFO - Started process (PID=47) to work on /opt/airflow/dags/gcp_example.py
[2024-05-16T10:02:08.258+0000] {processor.py:830} INFO - Processing file /opt/airflow/dags/gcp_example.py for tasks to queue
[2024-05-16T10:02:08.260+0000] {logging_mixin.py:188} INFO - [2024-05-16T10:02:08.260+0000] {dagbag.py:540} INFO - Filling up the DagBag from /opt/airflow/dags/gcp_example.py
[2024-05-16T10:02:08.275+0000] {processor.py:840} INFO - DAG(s) 'gcs_upload_example' retrieved from /opt/airflow/dags/gcp_example.py
[2024-05-16T10:02:08.298+0000] {logging_mixin.py:188} INFO - [2024-05-16T10:02:08.297+0000] {dag.py:3096} INFO - Sync 1 DAGs
[2024-05-16T10:02:08.310+0000] {logging_mixin.py:188} INFO - [2024-05-16T10:02:08.310+0000] {dag.py:3954} INFO - Setting next_dagrun for gcs_upload_example to None, run_after=None
[2024-05-16T10:02:08.329+0000] {processor.py:183} INFO - Processing /opt/airflow/dags/gcp_example.py took 0.077 seconds
[2024-05-16T10:02:38.530+0000] {processor.py:161} INFO - Started process (PID=50) to work on /opt/airflow/dags/gcp_example.py
[2024-05-16T10:02:38.531+0000] {processor.py:830} INFO - Processing file /opt/airflow/dags/gcp_example.py for tasks to queue
[2024-05-16T10:02:38.534+0000] {logging_mixin.py:188} INFO - [2024-05-16T10:02:38.534+0000] {dagbag.py:540} INFO - Filling up the DagBag from /opt/airflow/dags/gcp_example.py
[2024-05-16T10:02:38.548+0000] {processor.py:840} INFO - DAG(s) 'gcs_upload_example' retrieved from /opt/airflow/dags/gcp_example.py
[2024-05-16T10:02:38.567+0000] {logging_mixin.py:188} INFO - [2024-05-16T10:02:38.567+0000] {dag.py:3096} INFO - Sync 1 DAGs
[2024-05-16T10:02:38.578+0000] {logging_mixin.py:188} INFO - [2024-05-16T10:02:38.577+0000] {dag.py:3954} INFO - Setting next_dagrun for gcs_upload_example to None, run_after=None
[2024-05-16T10:02:38.596+0000] {processor.py:183} INFO - Processing /opt/airflow/dags/gcp_example.py took 0.069 seconds
[2024-05-16T10:03:08.806+0000] {processor.py:161} INFO - Started process (PID=53) to work on /opt/airflow/dags/gcp_example.py
[2024-05-16T10:03:08.807+0000] {processor.py:830} INFO - Processing file /opt/airflow/dags/gcp_example.py for tasks to queue
[2024-05-16T10:03:08.809+0000] {logging_mixin.py:188} INFO - [2024-05-16T10:03:08.809+0000] {dagbag.py:540} INFO - Filling up the DagBag from /opt/airflow/dags/gcp_example.py
[2024-05-16T10:03:08.826+0000] {processor.py:840} INFO - DAG(s) 'gcs_upload_example' retrieved from /opt/airflow/dags/gcp_example.py
[2024-05-16T10:03:08.849+0000] {logging_mixin.py:188} INFO - [2024-05-16T10:03:08.849+0000] {dag.py:3096} INFO - Sync 1 DAGs
[2024-05-16T10:03:08.861+0000] {logging_mixin.py:188} INFO - [2024-05-16T10:03:08.860+0000] {dag.py:3954} INFO - Setting next_dagrun for gcs_upload_example to None, run_after=None
[2024-05-16T10:03:08.883+0000] {processor.py:183} INFO - Processing /opt/airflow/dags/gcp_example.py took 0.082 seconds
[2024-05-16T10:03:39.099+0000] {processor.py:161} INFO - Started process (PID=56) to work on /opt/airflow/dags/gcp_example.py
[2024-05-16T10:03:39.100+0000] {processor.py:830} INFO - Processing file /opt/airflow/dags/gcp_example.py for tasks to queue
[2024-05-16T10:03:39.102+0000] {logging_mixin.py:188} INFO - [2024-05-16T10:03:39.102+0000] {dagbag.py:540} INFO - Filling up the DagBag from /opt/airflow/dags/gcp_example.py
[2024-05-16T10:03:39.118+0000] {processor.py:840} INFO - DAG(s) 'gcs_upload_example' retrieved from /opt/airflow/dags/gcp_example.py
[2024-05-16T10:03:39.140+0000] {logging_mixin.py:188} INFO - [2024-05-16T10:03:39.140+0000] {dag.py:3096} INFO - Sync 1 DAGs
[2024-05-16T10:03:39.153+0000] {logging_mixin.py:188} INFO - [2024-05-16T10:03:39.152+0000] {dag.py:3954} INFO - Setting next_dagrun for gcs_upload_example to None, run_after=None
[2024-05-16T10:03:39.174+0000] {processor.py:183} INFO - Processing /opt/airflow/dags/gcp_example.py took 0.080 seconds
[2024-05-16T10:04:09.383+0000] {processor.py:161} INFO - Started process (PID=59) to work on /opt/airflow/dags/gcp_example.py
[2024-05-16T10:04:09.383+0000] {processor.py:830} INFO - Processing file /opt/airflow/dags/gcp_example.py for tasks to queue
[2024-05-16T10:04:09.385+0000] {logging_mixin.py:188} INFO - [2024-05-16T10:04:09.385+0000] {dagbag.py:540} INFO - Filling up the DagBag from /opt/airflow/dags/gcp_example.py
[2024-05-16T10:04:09.397+0000] {processor.py:840} INFO - DAG(s) 'gcs_upload_example' retrieved from /opt/airflow/dags/gcp_example.py
[2024-05-16T10:04:09.416+0000] {logging_mixin.py:188} INFO - [2024-05-16T10:04:09.416+0000] {dag.py:3096} INFO - Sync 1 DAGs
[2024-05-16T10:04:09.427+0000] {logging_mixin.py:188} INFO - [2024-05-16T10:04:09.427+0000] {dag.py:3954} INFO - Setting next_dagrun for gcs_upload_example to None, run_after=None
[2024-05-16T10:04:09.446+0000] {processor.py:183} INFO - Processing /opt/airflow/dags/gcp_example.py took 0.067 seconds
[2024-05-16T10:04:39.682+0000] {processor.py:161} INFO - Started process (PID=62) to work on /opt/airflow/dags/gcp_example.py
[2024-05-16T10:04:39.683+0000] {processor.py:830} INFO - Processing file /opt/airflow/dags/gcp_example.py for tasks to queue
[2024-05-16T10:04:39.686+0000] {logging_mixin.py:188} INFO - [2024-05-16T10:04:39.685+0000] {dagbag.py:540} INFO - Filling up the DagBag from /opt/airflow/dags/gcp_example.py
[2024-05-16T10:04:39.708+0000] {processor.py:840} INFO - DAG(s) 'gcs_upload_example' retrieved from /opt/airflow/dags/gcp_example.py
[2024-05-16T10:04:39.741+0000] {logging_mixin.py:188} INFO - [2024-05-16T10:04:39.741+0000] {dag.py:3096} INFO - Sync 1 DAGs
[2024-05-16T10:04:39.758+0000] {logging_mixin.py:188} INFO - [2024-05-16T10:04:39.758+0000] {dag.py:3954} INFO - Setting next_dagrun for gcs_upload_example to None, run_after=None
[2024-05-16T10:04:39.788+0000] {processor.py:183} INFO - Processing /opt/airflow/dags/gcp_example.py took 0.113 seconds
[2024-05-16T10:05:10.014+0000] {processor.py:161} INFO - Started process (PID=65) to work on /opt/airflow/dags/gcp_example.py
[2024-05-16T10:05:10.014+0000] {processor.py:830} INFO - Processing file /opt/airflow/dags/gcp_example.py for tasks to queue
[2024-05-16T10:05:10.015+0000] {logging_mixin.py:188} INFO - [2024-05-16T10:05:10.015+0000] {dagbag.py:540} INFO - Filling up the DagBag from /opt/airflow/dags/gcp_example.py
[2024-05-16T10:05:10.028+0000] {processor.py:840} INFO - DAG(s) 'gcs_upload_example' retrieved from /opt/airflow/dags/gcp_example.py
[2024-05-16T10:05:10.049+0000] {logging_mixin.py:188} INFO - [2024-05-16T10:05:10.048+0000] {dag.py:3096} INFO - Sync 1 DAGs
[2024-05-16T10:05:10.060+0000] {logging_mixin.py:188} INFO - [2024-05-16T10:05:10.059+0000] {dag.py:3954} INFO - Setting next_dagrun for gcs_upload_example to None, run_after=None
[2024-05-16T10:05:10.080+0000] {processor.py:183} INFO - Processing /opt/airflow/dags/gcp_example.py took 0.071 seconds
[2024-05-16T10:05:40.320+0000] {processor.py:161} INFO - Started process (PID=68) to work on /opt/airflow/dags/gcp_example.py
[2024-05-16T10:05:40.322+0000] {processor.py:830} INFO - Processing file /opt/airflow/dags/gcp_example.py for tasks to queue
[2024-05-16T10:05:40.324+0000] {logging_mixin.py:188} INFO - [2024-05-16T10:05:40.324+0000] {dagbag.py:540} INFO - Filling up the DagBag from /opt/airflow/dags/gcp_example.py
[2024-05-16T10:05:40.343+0000] {processor.py:840} INFO - DAG(s) 'gcs_upload_example' retrieved from /opt/airflow/dags/gcp_example.py
[2024-05-16T10:05:40.368+0000] {logging_mixin.py:188} INFO - [2024-05-16T10:05:40.368+0000] {dag.py:3096} INFO - Sync 1 DAGs
[2024-05-16T10:05:40.381+0000] {logging_mixin.py:188} INFO - [2024-05-16T10:05:40.381+0000] {dag.py:3954} INFO - Setting next_dagrun for gcs_upload_example to None, run_after=None
[2024-05-16T10:05:40.419+0000] {processor.py:183} INFO - Processing /opt/airflow/dags/gcp_example.py took 0.105 seconds
[2024-05-16T10:06:10.701+0000] {processor.py:161} INFO - Started process (PID=71) to work on /opt/airflow/dags/gcp_example.py
[2024-05-16T10:06:10.702+0000] {processor.py:830} INFO - Processing file /opt/airflow/dags/gcp_example.py for tasks to queue
[2024-05-16T10:06:10.704+0000] {logging_mixin.py:188} INFO - [2024-05-16T10:06:10.703+0000] {dagbag.py:540} INFO - Filling up the DagBag from /opt/airflow/dags/gcp_example.py
[2024-05-16T10:06:10.719+0000] {processor.py:840} INFO - DAG(s) 'gcs_upload_example' retrieved from /opt/airflow/dags/gcp_example.py
[2024-05-16T10:06:10.739+0000] {logging_mixin.py:188} INFO - [2024-05-16T10:06:10.739+0000] {dag.py:3096} INFO - Sync 1 DAGs
[2024-05-16T10:06:10.750+0000] {logging_mixin.py:188} INFO - [2024-05-16T10:06:10.750+0000] {dag.py:3954} INFO - Setting next_dagrun for gcs_upload_example to None, run_after=None
[2024-05-16T10:06:10.772+0000] {processor.py:183} INFO - Processing /opt/airflow/dags/gcp_example.py took 0.076 seconds
[2024-05-16T10:06:40.985+0000] {processor.py:161} INFO - Started process (PID=74) to work on /opt/airflow/dags/gcp_example.py
[2024-05-16T10:06:40.985+0000] {processor.py:830} INFO - Processing file /opt/airflow/dags/gcp_example.py for tasks to queue
[2024-05-16T10:06:40.987+0000] {logging_mixin.py:188} INFO - [2024-05-16T10:06:40.987+0000] {dagbag.py:540} INFO - Filling up the DagBag from /opt/airflow/dags/gcp_example.py
[2024-05-16T10:06:41.000+0000] {processor.py:840} INFO - DAG(s) 'gcs_upload_example' retrieved from /opt/airflow/dags/gcp_example.py
[2024-05-16T10:06:41.021+0000] {logging_mixin.py:188} INFO - [2024-05-16T10:06:41.021+0000] {dag.py:3096} INFO - Sync 1 DAGs
[2024-05-16T10:06:41.032+0000] {logging_mixin.py:188} INFO - [2024-05-16T10:06:41.032+0000] {dag.py:3954} INFO - Setting next_dagrun for gcs_upload_example to None, run_after=None
[2024-05-16T10:06:41.053+0000] {processor.py:183} INFO - Processing /opt/airflow/dags/gcp_example.py took 0.072 seconds
[2024-05-16T10:07:11.270+0000] {processor.py:161} INFO - Started process (PID=77) to work on /opt/airflow/dags/gcp_example.py
[2024-05-16T10:07:11.271+0000] {processor.py:830} INFO - Processing file /opt/airflow/dags/gcp_example.py for tasks to queue
[2024-05-16T10:07:11.272+0000] {logging_mixin.py:188} INFO - [2024-05-16T10:07:11.272+0000] {dagbag.py:540} INFO - Filling up the DagBag from /opt/airflow/dags/gcp_example.py
[2024-05-16T10:07:11.287+0000] {processor.py:840} INFO - DAG(s) 'gcs_upload_example' retrieved from /opt/airflow/dags/gcp_example.py
[2024-05-16T10:07:11.307+0000] {logging_mixin.py:188} INFO - [2024-05-16T10:07:11.306+0000] {dag.py:3096} INFO - Sync 1 DAGs
[2024-05-16T10:07:11.319+0000] {logging_mixin.py:188} INFO - [2024-05-16T10:07:11.318+0000] {dag.py:3954} INFO - Setting next_dagrun for gcs_upload_example to None, run_after=None
[2024-05-16T10:07:11.338+0000] {processor.py:183} INFO - Processing /opt/airflow/dags/gcp_example.py took 0.072 seconds
[2024-05-16T10:07:41.552+0000] {processor.py:161} INFO - Started process (PID=80) to work on /opt/airflow/dags/gcp_example.py
[2024-05-16T10:07:41.553+0000] {processor.py:830} INFO - Processing file /opt/airflow/dags/gcp_example.py for tasks to queue
[2024-05-16T10:07:41.555+0000] {logging_mixin.py:188} INFO - [2024-05-16T10:07:41.554+0000] {dagbag.py:540} INFO - Filling up the DagBag from /opt/airflow/dags/gcp_example.py
[2024-05-16T10:07:41.570+0000] {processor.py:840} INFO - DAG(s) 'gcs_upload_example' retrieved from /opt/airflow/dags/gcp_example.py
[2024-05-16T10:07:41.591+0000] {logging_mixin.py:188} INFO - [2024-05-16T10:07:41.590+0000] {dag.py:3096} INFO - Sync 1 DAGs
[2024-05-16T10:07:41.604+0000] {logging_mixin.py:188} INFO - [2024-05-16T10:07:41.604+0000] {dag.py:3954} INFO - Setting next_dagrun for gcs_upload_example to None, run_after=None
[2024-05-16T10:07:41.628+0000] {processor.py:183} INFO - Processing /opt/airflow/dags/gcp_example.py took 0.079 seconds
[2024-05-16T10:08:11.835+0000] {processor.py:161} INFO - Started process (PID=83) to work on /opt/airflow/dags/gcp_example.py
[2024-05-16T10:08:11.836+0000] {processor.py:830} INFO - Processing file /opt/airflow/dags/gcp_example.py for tasks to queue
[2024-05-16T10:08:11.838+0000] {logging_mixin.py:188} INFO - [2024-05-16T10:08:11.838+0000] {dagbag.py:540} INFO - Filling up the DagBag from /opt/airflow/dags/gcp_example.py
[2024-05-16T10:08:11.852+0000] {processor.py:840} INFO - DAG(s) 'gcs_upload_example' retrieved from /opt/airflow/dags/gcp_example.py
[2024-05-16T10:08:11.872+0000] {logging_mixin.py:188} INFO - [2024-05-16T10:08:11.871+0000] {dag.py:3096} INFO - Sync 1 DAGs
[2024-05-16T10:08:11.884+0000] {logging_mixin.py:188} INFO - [2024-05-16T10:08:11.883+0000] {dag.py:3954} INFO - Setting next_dagrun for gcs_upload_example to None, run_after=None
[2024-05-16T10:08:11.902+0000] {processor.py:183} INFO - Processing /opt/airflow/dags/gcp_example.py took 0.071 seconds
[2024-05-16T10:08:42.107+0000] {processor.py:161} INFO - Started process (PID=86) to work on /opt/airflow/dags/gcp_example.py
[2024-05-16T10:08:42.108+0000] {processor.py:830} INFO - Processing file /opt/airflow/dags/gcp_example.py for tasks to queue
[2024-05-16T10:08:42.110+0000] {logging_mixin.py:188} INFO - [2024-05-16T10:08:42.109+0000] {dagbag.py:540} INFO - Filling up the DagBag from /opt/airflow/dags/gcp_example.py
[2024-05-16T10:08:42.126+0000] {processor.py:840} INFO - DAG(s) 'gcs_upload_example' retrieved from /opt/airflow/dags/gcp_example.py
[2024-05-16T10:08:42.145+0000] {logging_mixin.py:188} INFO - [2024-05-16T10:08:42.145+0000] {dag.py:3096} INFO - Sync 1 DAGs
[2024-05-16T10:08:42.156+0000] {logging_mixin.py:188} INFO - [2024-05-16T10:08:42.155+0000] {dag.py:3954} INFO - Setting next_dagrun for gcs_upload_example to None, run_after=None
[2024-05-16T10:08:42.176+0000] {processor.py:183} INFO - Processing /opt/airflow/dags/gcp_example.py took 0.073 seconds
[2024-05-16T10:09:12.382+0000] {processor.py:161} INFO - Started process (PID=89) to work on /opt/airflow/dags/gcp_example.py
[2024-05-16T10:09:12.383+0000] {processor.py:830} INFO - Processing file /opt/airflow/dags/gcp_example.py for tasks to queue
[2024-05-16T10:09:12.385+0000] {logging_mixin.py:188} INFO - [2024-05-16T10:09:12.384+0000] {dagbag.py:540} INFO - Filling up the DagBag from /opt/airflow/dags/gcp_example.py
[2024-05-16T10:09:12.401+0000] {processor.py:840} INFO - DAG(s) 'gcs_upload_example' retrieved from /opt/airflow/dags/gcp_example.py
[2024-05-16T10:09:12.424+0000] {logging_mixin.py:188} INFO - [2024-05-16T10:09:12.424+0000] {dag.py:3096} INFO - Sync 1 DAGs
[2024-05-16T10:09:12.438+0000] {logging_mixin.py:188} INFO - [2024-05-16T10:09:12.438+0000] {dag.py:3954} INFO - Setting next_dagrun for gcs_upload_example to None, run_after=None
[2024-05-16T10:09:12.459+0000] {processor.py:183} INFO - Processing /opt/airflow/dags/gcp_example.py took 0.081 seconds
[2024-05-16T10:09:42.672+0000] {processor.py:161} INFO - Started process (PID=92) to work on /opt/airflow/dags/gcp_example.py
[2024-05-16T10:09:42.672+0000] {processor.py:830} INFO - Processing file /opt/airflow/dags/gcp_example.py for tasks to queue
[2024-05-16T10:09:42.674+0000] {logging_mixin.py:188} INFO - [2024-05-16T10:09:42.674+0000] {dagbag.py:540} INFO - Filling up the DagBag from /opt/airflow/dags/gcp_example.py
[2024-05-16T10:09:42.692+0000] {processor.py:840} INFO - DAG(s) 'gcs_upload_example' retrieved from /opt/airflow/dags/gcp_example.py
[2024-05-16T10:09:42.717+0000] {logging_mixin.py:188} INFO - [2024-05-16T10:09:42.716+0000] {dag.py:3096} INFO - Sync 1 DAGs
[2024-05-16T10:09:42.730+0000] {logging_mixin.py:188} INFO - [2024-05-16T10:09:42.729+0000] {dag.py:3954} INFO - Setting next_dagrun for gcs_upload_example to None, run_after=None
[2024-05-16T10:09:42.750+0000] {processor.py:183} INFO - Processing /opt/airflow/dags/gcp_example.py took 0.084 seconds
[2024-05-16T10:10:12.964+0000] {processor.py:161} INFO - Started process (PID=95) to work on /opt/airflow/dags/gcp_example.py
[2024-05-16T10:10:12.965+0000] {processor.py:830} INFO - Processing file /opt/airflow/dags/gcp_example.py for tasks to queue
[2024-05-16T10:10:12.967+0000] {logging_mixin.py:188} INFO - [2024-05-16T10:10:12.967+0000] {dagbag.py:540} INFO - Filling up the DagBag from /opt/airflow/dags/gcp_example.py
[2024-05-16T10:10:12.983+0000] {processor.py:840} INFO - DAG(s) 'gcs_upload_example' retrieved from /opt/airflow/dags/gcp_example.py
[2024-05-16T10:10:13.006+0000] {logging_mixin.py:188} INFO - [2024-05-16T10:10:13.005+0000] {dag.py:3096} INFO - Sync 1 DAGs
[2024-05-16T10:10:13.021+0000] {logging_mixin.py:188} INFO - [2024-05-16T10:10:13.021+0000] {dag.py:3954} INFO - Setting next_dagrun for gcs_upload_example to None, run_after=None
[2024-05-16T10:10:13.047+0000] {processor.py:183} INFO - Processing /opt/airflow/dags/gcp_example.py took 0.087 seconds
[2024-05-16T10:10:43.264+0000] {processor.py:161} INFO - Started process (PID=98) to work on /opt/airflow/dags/gcp_example.py
[2024-05-16T10:10:43.264+0000] {processor.py:830} INFO - Processing file /opt/airflow/dags/gcp_example.py for tasks to queue
[2024-05-16T10:10:43.267+0000] {logging_mixin.py:188} INFO - [2024-05-16T10:10:43.266+0000] {dagbag.py:540} INFO - Filling up the DagBag from /opt/airflow/dags/gcp_example.py
[2024-05-16T10:10:43.284+0000] {processor.py:840} INFO - DAG(s) 'gcs_upload_example' retrieved from /opt/airflow/dags/gcp_example.py
[2024-05-16T10:10:43.306+0000] {logging_mixin.py:188} INFO - [2024-05-16T10:10:43.306+0000] {dag.py:3096} INFO - Sync 1 DAGs
[2024-05-16T10:10:43.319+0000] {logging_mixin.py:188} INFO - [2024-05-16T10:10:43.318+0000] {dag.py:3954} INFO - Setting next_dagrun for gcs_upload_example to None, run_after=None
[2024-05-16T10:10:43.341+0000] {processor.py:183} INFO - Processing /opt/airflow/dags/gcp_example.py took 0.082 seconds
[2024-05-16T10:11:13.685+0000] {processor.py:161} INFO - Started process (PID=144) to work on /opt/airflow/dags/gcp_example.py
[2024-05-16T10:11:13.686+0000] {processor.py:830} INFO - Processing file /opt/airflow/dags/gcp_example.py for tasks to queue
[2024-05-16T10:11:13.688+0000] {logging_mixin.py:188} INFO - [2024-05-16T10:11:13.688+0000] {dagbag.py:540} INFO - Filling up the DagBag from /opt/airflow/dags/gcp_example.py
[2024-05-16T10:11:13.708+0000] {processor.py:840} INFO - DAG(s) 'gcs_upload_example' retrieved from /opt/airflow/dags/gcp_example.py
[2024-05-16T10:11:13.733+0000] {logging_mixin.py:188} INFO - [2024-05-16T10:11:13.732+0000] {dag.py:3096} INFO - Sync 1 DAGs
[2024-05-16T10:11:13.747+0000] {logging_mixin.py:188} INFO - [2024-05-16T10:11:13.747+0000] {dag.py:3954} INFO - Setting next_dagrun for gcs_upload_example to None, run_after=None
[2024-05-16T10:11:13.771+0000] {processor.py:183} INFO - Processing /opt/airflow/dags/gcp_example.py took 0.091 seconds
[2024-05-16T10:11:43.991+0000] {processor.py:161} INFO - Started process (PID=147) to work on /opt/airflow/dags/gcp_example.py
[2024-05-16T10:11:43.992+0000] {processor.py:830} INFO - Processing file /opt/airflow/dags/gcp_example.py for tasks to queue
[2024-05-16T10:11:43.994+0000] {logging_mixin.py:188} INFO - [2024-05-16T10:11:43.994+0000] {dagbag.py:540} INFO - Filling up the DagBag from /opt/airflow/dags/gcp_example.py
[2024-05-16T10:11:44.012+0000] {processor.py:840} INFO - DAG(s) 'gcs_upload_example' retrieved from /opt/airflow/dags/gcp_example.py
[2024-05-16T10:11:44.039+0000] {logging_mixin.py:188} INFO - [2024-05-16T10:11:44.038+0000] {dag.py:3096} INFO - Sync 1 DAGs
[2024-05-16T10:11:44.052+0000] {logging_mixin.py:188} INFO - [2024-05-16T10:11:44.051+0000] {dag.py:3954} INFO - Setting next_dagrun for gcs_upload_example to None, run_after=None
[2024-05-16T10:11:44.087+0000] {processor.py:183} INFO - Processing /opt/airflow/dags/gcp_example.py took 0.100 seconds
[2024-05-16T10:12:14.390+0000] {processor.py:161} INFO - Started process (PID=150) to work on /opt/airflow/dags/gcp_example.py
[2024-05-16T10:12:14.391+0000] {processor.py:830} INFO - Processing file /opt/airflow/dags/gcp_example.py for tasks to queue
[2024-05-16T10:12:14.392+0000] {logging_mixin.py:188} INFO - [2024-05-16T10:12:14.392+0000] {dagbag.py:540} INFO - Filling up the DagBag from /opt/airflow/dags/gcp_example.py
[2024-05-16T10:12:14.405+0000] {processor.py:840} INFO - DAG(s) 'gcs_upload_example' retrieved from /opt/airflow/dags/gcp_example.py
[2024-05-16T10:12:14.425+0000] {logging_mixin.py:188} INFO - [2024-05-16T10:12:14.425+0000] {dag.py:3096} INFO - Sync 1 DAGs
[2024-05-16T10:12:14.436+0000] {logging_mixin.py:188} INFO - [2024-05-16T10:12:14.435+0000] {dag.py:3954} INFO - Setting next_dagrun for gcs_upload_example to None, run_after=None
[2024-05-16T10:12:14.464+0000] {processor.py:183} INFO - Processing /opt/airflow/dags/gcp_example.py took 0.078 seconds
[2024-05-16T10:12:44.682+0000] {processor.py:161} INFO - Started process (PID=153) to work on /opt/airflow/dags/gcp_example.py
[2024-05-16T10:12:44.683+0000] {processor.py:830} INFO - Processing file /opt/airflow/dags/gcp_example.py for tasks to queue
[2024-05-16T10:12:44.684+0000] {logging_mixin.py:188} INFO - [2024-05-16T10:12:44.684+0000] {dagbag.py:540} INFO - Filling up the DagBag from /opt/airflow/dags/gcp_example.py
[2024-05-16T10:12:44.699+0000] {processor.py:840} INFO - DAG(s) 'gcs_upload_example' retrieved from /opt/airflow/dags/gcp_example.py
[2024-05-16T10:12:44.719+0000] {logging_mixin.py:188} INFO - [2024-05-16T10:12:44.718+0000] {dag.py:3096} INFO - Sync 1 DAGs
[2024-05-16T10:12:44.731+0000] {logging_mixin.py:188} INFO - [2024-05-16T10:12:44.730+0000] {dag.py:3954} INFO - Setting next_dagrun for gcs_upload_example to None, run_after=None
[2024-05-16T10:12:44.750+0000] {processor.py:183} INFO - Processing /opt/airflow/dags/gcp_example.py took 0.073 seconds
[2024-05-16T10:13:14.957+0000] {processor.py:161} INFO - Started process (PID=156) to work on /opt/airflow/dags/gcp_example.py
[2024-05-16T10:13:14.958+0000] {processor.py:830} INFO - Processing file /opt/airflow/dags/gcp_example.py for tasks to queue
[2024-05-16T10:13:14.960+0000] {logging_mixin.py:188} INFO - [2024-05-16T10:13:14.959+0000] {dagbag.py:540} INFO - Filling up the DagBag from /opt/airflow/dags/gcp_example.py
[2024-05-16T10:13:14.973+0000] {processor.py:840} INFO - DAG(s) 'gcs_upload_example' retrieved from /opt/airflow/dags/gcp_example.py
[2024-05-16T10:13:14.994+0000] {logging_mixin.py:188} INFO - [2024-05-16T10:13:14.994+0000] {dag.py:3096} INFO - Sync 1 DAGs
[2024-05-16T10:13:15.006+0000] {logging_mixin.py:188} INFO - [2024-05-16T10:13:15.005+0000] {dag.py:3954} INFO - Setting next_dagrun for gcs_upload_example to None, run_after=None
[2024-05-16T10:13:15.027+0000] {processor.py:183} INFO - Processing /opt/airflow/dags/gcp_example.py took 0.075 seconds
[2024-05-16T10:13:45.239+0000] {processor.py:161} INFO - Started process (PID=159) to work on /opt/airflow/dags/gcp_example.py
[2024-05-16T10:13:45.240+0000] {processor.py:830} INFO - Processing file /opt/airflow/dags/gcp_example.py for tasks to queue
[2024-05-16T10:13:45.243+0000] {logging_mixin.py:188} INFO - [2024-05-16T10:13:45.242+0000] {dagbag.py:540} INFO - Filling up the DagBag from /opt/airflow/dags/gcp_example.py
[2024-05-16T10:13:45.258+0000] {processor.py:840} INFO - DAG(s) 'gcs_upload_example' retrieved from /opt/airflow/dags/gcp_example.py
[2024-05-16T10:13:45.280+0000] {logging_mixin.py:188} INFO - [2024-05-16T10:13:45.280+0000] {dag.py:3096} INFO - Sync 1 DAGs
[2024-05-16T10:13:45.291+0000] {logging_mixin.py:188} INFO - [2024-05-16T10:13:45.291+0000] {dag.py:3954} INFO - Setting next_dagrun for gcs_upload_example to None, run_after=None
[2024-05-16T10:13:45.311+0000] {processor.py:183} INFO - Processing /opt/airflow/dags/gcp_example.py took 0.076 seconds
[2024-05-16T10:14:15.542+0000] {processor.py:161} INFO - Started process (PID=162) to work on /opt/airflow/dags/gcp_example.py
[2024-05-16T10:14:15.543+0000] {processor.py:830} INFO - Processing file /opt/airflow/dags/gcp_example.py for tasks to queue
[2024-05-16T10:14:15.545+0000] {logging_mixin.py:188} INFO - [2024-05-16T10:14:15.545+0000] {dagbag.py:540} INFO - Filling up the DagBag from /opt/airflow/dags/gcp_example.py
[2024-05-16T10:14:15.567+0000] {processor.py:840} INFO - DAG(s) 'gcs_upload_example' retrieved from /opt/airflow/dags/gcp_example.py
[2024-05-16T10:14:15.595+0000] {logging_mixin.py:188} INFO - [2024-05-16T10:14:15.594+0000] {dag.py:3096} INFO - Sync 1 DAGs
[2024-05-16T10:14:15.608+0000] {logging_mixin.py:188} INFO - [2024-05-16T10:14:15.607+0000] {dag.py:3954} INFO - Setting next_dagrun for gcs_upload_example to None, run_after=None
[2024-05-16T10:14:15.634+0000] {processor.py:183} INFO - Processing /opt/airflow/dags/gcp_example.py took 0.097 seconds
[2024-05-16T10:14:45.858+0000] {processor.py:161} INFO - Started process (PID=165) to work on /opt/airflow/dags/gcp_example.py
[2024-05-16T10:14:45.859+0000] {processor.py:830} INFO - Processing file /opt/airflow/dags/gcp_example.py for tasks to queue
[2024-05-16T10:14:45.862+0000] {logging_mixin.py:188} INFO - [2024-05-16T10:14:45.861+0000] {dagbag.py:540} INFO - Filling up the DagBag from /opt/airflow/dags/gcp_example.py
[2024-05-16T10:14:45.880+0000] {processor.py:840} INFO - DAG(s) 'gcs_upload_example' retrieved from /opt/airflow/dags/gcp_example.py
[2024-05-16T10:14:45.904+0000] {logging_mixin.py:188} INFO - [2024-05-16T10:14:45.903+0000] {dag.py:3096} INFO - Sync 1 DAGs
[2024-05-16T10:14:45.916+0000] {logging_mixin.py:188} INFO - [2024-05-16T10:14:45.916+0000] {dag.py:3954} INFO - Setting next_dagrun for gcs_upload_example to None, run_after=None
[2024-05-16T10:14:45.938+0000] {processor.py:183} INFO - Processing /opt/airflow/dags/gcp_example.py took 0.085 seconds
[2024-05-16T10:15:16.174+0000] {processor.py:161} INFO - Started process (PID=168) to work on /opt/airflow/dags/gcp_example.py
[2024-05-16T10:15:16.175+0000] {processor.py:830} INFO - Processing file /opt/airflow/dags/gcp_example.py for tasks to queue
[2024-05-16T10:15:16.177+0000] {logging_mixin.py:188} INFO - [2024-05-16T10:15:16.176+0000] {dagbag.py:540} INFO - Filling up the DagBag from /opt/airflow/dags/gcp_example.py
[2024-05-16T10:15:16.193+0000] {processor.py:840} INFO - DAG(s) 'gcs_upload_example' retrieved from /opt/airflow/dags/gcp_example.py
[2024-05-16T10:15:16.216+0000] {logging_mixin.py:188} INFO - [2024-05-16T10:15:16.216+0000] {dag.py:3096} INFO - Sync 1 DAGs
[2024-05-16T10:15:16.231+0000] {logging_mixin.py:188} INFO - [2024-05-16T10:15:16.230+0000] {dag.py:3954} INFO - Setting next_dagrun for gcs_upload_example to None, run_after=None
[2024-05-16T10:15:16.257+0000] {processor.py:183} INFO - Processing /opt/airflow/dags/gcp_example.py took 0.089 seconds
[2024-05-16T10:15:46.451+0000] {processor.py:161} INFO - Started process (PID=171) to work on /opt/airflow/dags/gcp_example.py
[2024-05-16T10:15:46.451+0000] {processor.py:830} INFO - Processing file /opt/airflow/dags/gcp_example.py for tasks to queue
[2024-05-16T10:15:46.454+0000] {logging_mixin.py:188} INFO - [2024-05-16T10:15:46.453+0000] {dagbag.py:540} INFO - Filling up the DagBag from /opt/airflow/dags/gcp_example.py
[2024-05-16T10:15:46.471+0000] {processor.py:840} INFO - DAG(s) 'gcs_upload_example' retrieved from /opt/airflow/dags/gcp_example.py
[2024-05-16T10:15:46.495+0000] {logging_mixin.py:188} INFO - [2024-05-16T10:15:46.495+0000] {dag.py:3096} INFO - Sync 1 DAGs
[2024-05-16T10:15:46.508+0000] {logging_mixin.py:188} INFO - [2024-05-16T10:15:46.507+0000] {dag.py:3954} INFO - Setting next_dagrun for gcs_upload_example to None, run_after=None
[2024-05-16T10:15:46.531+0000] {processor.py:183} INFO - Processing /opt/airflow/dags/gcp_example.py took 0.086 seconds
[2024-05-16T10:16:16.777+0000] {processor.py:161} INFO - Started process (PID=174) to work on /opt/airflow/dags/gcp_example.py
[2024-05-16T10:16:16.778+0000] {processor.py:830} INFO - Processing file /opt/airflow/dags/gcp_example.py for tasks to queue
[2024-05-16T10:16:16.779+0000] {logging_mixin.py:188} INFO - [2024-05-16T10:16:16.779+0000] {dagbag.py:540} INFO - Filling up the DagBag from /opt/airflow/dags/gcp_example.py
[2024-05-16T10:16:16.792+0000] {processor.py:840} INFO - DAG(s) 'gcs_upload_example' retrieved from /opt/airflow/dags/gcp_example.py
[2024-05-16T10:16:16.814+0000] {logging_mixin.py:188} INFO - [2024-05-16T10:16:16.813+0000] {dag.py:3096} INFO - Sync 1 DAGs
[2024-05-16T10:16:16.826+0000] {logging_mixin.py:188} INFO - [2024-05-16T10:16:16.825+0000] {dag.py:3954} INFO - Setting next_dagrun for gcs_upload_example to None, run_after=None
[2024-05-16T10:16:16.845+0000] {processor.py:183} INFO - Processing /opt/airflow/dags/gcp_example.py took 0.073 seconds
[2024-05-16T10:16:47.059+0000] {processor.py:161} INFO - Started process (PID=177) to work on /opt/airflow/dags/gcp_example.py
[2024-05-16T10:16:47.060+0000] {processor.py:830} INFO - Processing file /opt/airflow/dags/gcp_example.py for tasks to queue
[2024-05-16T10:16:47.061+0000] {logging_mixin.py:188} INFO - [2024-05-16T10:16:47.061+0000] {dagbag.py:540} INFO - Filling up the DagBag from /opt/airflow/dags/gcp_example.py
[2024-05-16T10:16:47.074+0000] {processor.py:840} INFO - DAG(s) 'gcs_upload_example' retrieved from /opt/airflow/dags/gcp_example.py
[2024-05-16T10:16:47.095+0000] {logging_mixin.py:188} INFO - [2024-05-16T10:16:47.095+0000] {dag.py:3096} INFO - Sync 1 DAGs
[2024-05-16T10:16:47.106+0000] {logging_mixin.py:188} INFO - [2024-05-16T10:16:47.106+0000] {dag.py:3954} INFO - Setting next_dagrun for gcs_upload_example to None, run_after=None
[2024-05-16T10:16:47.127+0000] {processor.py:183} INFO - Processing /opt/airflow/dags/gcp_example.py took 0.072 seconds
[2024-05-16T10:17:17.342+0000] {processor.py:161} INFO - Started process (PID=180) to work on /opt/airflow/dags/gcp_example.py
[2024-05-16T10:17:17.343+0000] {processor.py:830} INFO - Processing file /opt/airflow/dags/gcp_example.py for tasks to queue
[2024-05-16T10:17:17.345+0000] {logging_mixin.py:188} INFO - [2024-05-16T10:17:17.345+0000] {dagbag.py:540} INFO - Filling up the DagBag from /opt/airflow/dags/gcp_example.py
[2024-05-16T10:17:17.360+0000] {processor.py:840} INFO - DAG(s) 'gcs_upload_example' retrieved from /opt/airflow/dags/gcp_example.py
[2024-05-16T10:17:17.381+0000] {logging_mixin.py:188} INFO - [2024-05-16T10:17:17.380+0000] {dag.py:3096} INFO - Sync 1 DAGs
[2024-05-16T10:17:17.392+0000] {logging_mixin.py:188} INFO - [2024-05-16T10:17:17.392+0000] {dag.py:3954} INFO - Setting next_dagrun for gcs_upload_example to None, run_after=None
[2024-05-16T10:17:17.413+0000] {processor.py:183} INFO - Processing /opt/airflow/dags/gcp_example.py took 0.075 seconds
[2024-05-16T10:17:47.629+0000] {processor.py:161} INFO - Started process (PID=183) to work on /opt/airflow/dags/gcp_example.py
[2024-05-16T10:17:47.629+0000] {processor.py:830} INFO - Processing file /opt/airflow/dags/gcp_example.py for tasks to queue
[2024-05-16T10:17:47.631+0000] {logging_mixin.py:188} INFO - [2024-05-16T10:17:47.631+0000] {dagbag.py:540} INFO - Filling up the DagBag from /opt/airflow/dags/gcp_example.py
[2024-05-16T10:17:47.644+0000] {processor.py:840} INFO - DAG(s) 'gcs_upload_example' retrieved from /opt/airflow/dags/gcp_example.py
[2024-05-16T10:17:47.665+0000] {logging_mixin.py:188} INFO - [2024-05-16T10:17:47.664+0000] {dag.py:3096} INFO - Sync 1 DAGs
[2024-05-16T10:17:47.676+0000] {logging_mixin.py:188} INFO - [2024-05-16T10:17:47.676+0000] {dag.py:3954} INFO - Setting next_dagrun for gcs_upload_example to None, run_after=None
[2024-05-16T10:17:47.695+0000] {processor.py:183} INFO - Processing /opt/airflow/dags/gcp_example.py took 0.070 seconds
[2024-05-16T10:18:17.906+0000] {processor.py:161} INFO - Started process (PID=186) to work on /opt/airflow/dags/gcp_example.py
[2024-05-16T10:18:17.907+0000] {processor.py:830} INFO - Processing file /opt/airflow/dags/gcp_example.py for tasks to queue
[2024-05-16T10:18:17.909+0000] {logging_mixin.py:188} INFO - [2024-05-16T10:18:17.908+0000] {dagbag.py:540} INFO - Filling up the DagBag from /opt/airflow/dags/gcp_example.py
[2024-05-16T10:18:17.922+0000] {processor.py:840} INFO - DAG(s) 'gcs_upload_example' retrieved from /opt/airflow/dags/gcp_example.py
[2024-05-16T10:18:17.943+0000] {logging_mixin.py:188} INFO - [2024-05-16T10:18:17.942+0000] {dag.py:3096} INFO - Sync 1 DAGs
[2024-05-16T10:18:17.954+0000] {logging_mixin.py:188} INFO - [2024-05-16T10:18:17.954+0000] {dag.py:3954} INFO - Setting next_dagrun for gcs_upload_example to None, run_after=None
[2024-05-16T10:18:17.973+0000] {processor.py:183} INFO - Processing /opt/airflow/dags/gcp_example.py took 0.072 seconds
[2024-05-16T10:18:48.175+0000] {processor.py:161} INFO - Started process (PID=189) to work on /opt/airflow/dags/gcp_example.py
[2024-05-16T10:18:48.176+0000] {processor.py:830} INFO - Processing file /opt/airflow/dags/gcp_example.py for tasks to queue
[2024-05-16T10:18:48.177+0000] {logging_mixin.py:188} INFO - [2024-05-16T10:18:48.177+0000] {dagbag.py:540} INFO - Filling up the DagBag from /opt/airflow/dags/gcp_example.py
[2024-05-16T10:18:48.194+0000] {processor.py:840} INFO - DAG(s) 'gcs_upload_example' retrieved from /opt/airflow/dags/gcp_example.py
[2024-05-16T10:18:48.218+0000] {logging_mixin.py:188} INFO - [2024-05-16T10:18:48.218+0000] {dag.py:3096} INFO - Sync 1 DAGs
[2024-05-16T10:18:48.230+0000] {logging_mixin.py:188} INFO - [2024-05-16T10:18:48.230+0000] {dag.py:3954} INFO - Setting next_dagrun for gcs_upload_example to None, run_after=None
[2024-05-16T10:18:48.251+0000] {processor.py:183} INFO - Processing /opt/airflow/dags/gcp_example.py took 0.081 seconds
