[2024-05-16T10:01:07.397+0000] {processor.py:161} INFO - Started process (PID=40) to work on /opt/airflow/dags/gcp_csv_upload.py
[2024-05-16T10:01:07.398+0000] {processor.py:830} INFO - Processing file /opt/airflow/dags/gcp_csv_upload.py for tasks to queue
[2024-05-16T10:01:07.400+0000] {logging_mixin.py:188} INFO - [2024-05-16T10:01:07.400+0000] {dagbag.py:540} INFO - Filling up the DagBag from /opt/airflow/dags/gcp_csv_upload.py
[2024-05-16T10:01:07.426+0000] {processor.py:840} INFO - DAG(s) 'upload_csv_to_gcs_bucket' retrieved from /opt/airflow/dags/gcp_csv_upload.py
[2024-05-16T10:01:07.595+0000] {logging_mixin.py:188} INFO - [2024-05-16T10:01:07.595+0000] {dag.py:3096} INFO - Sync 1 DAGs
[2024-05-16T10:01:07.643+0000] {processor.py:183} INFO - Processing /opt/airflow/dags/gcp_csv_upload.py took 0.252 seconds
[2024-05-16T10:01:37.950+0000] {processor.py:161} INFO - Started process (PID=43) to work on /opt/airflow/dags/gcp_csv_upload.py
[2024-05-16T10:01:37.951+0000] {processor.py:830} INFO - Processing file /opt/airflow/dags/gcp_csv_upload.py for tasks to queue
[2024-05-16T10:01:37.953+0000] {logging_mixin.py:188} INFO - [2024-05-16T10:01:37.953+0000] {dagbag.py:540} INFO - Filling up the DagBag from /opt/airflow/dags/gcp_csv_upload.py
[2024-05-16T10:01:37.972+0000] {processor.py:840} INFO - DAG(s) 'upload_csv_to_gcs_bucket' retrieved from /opt/airflow/dags/gcp_csv_upload.py
[2024-05-16T10:01:38.018+0000] {logging_mixin.py:188} INFO - [2024-05-16T10:01:38.017+0000] {dag.py:3096} INFO - Sync 1 DAGs
[2024-05-16T10:01:38.059+0000] {processor.py:183} INFO - Processing /opt/airflow/dags/gcp_csv_upload.py took 0.115 seconds
[2024-05-16T10:02:08.250+0000] {processor.py:161} INFO - Started process (PID=46) to work on /opt/airflow/dags/gcp_csv_upload.py
[2024-05-16T10:02:08.251+0000] {processor.py:830} INFO - Processing file /opt/airflow/dags/gcp_csv_upload.py for tasks to queue
[2024-05-16T10:02:08.253+0000] {logging_mixin.py:188} INFO - [2024-05-16T10:02:08.253+0000] {dagbag.py:540} INFO - Filling up the DagBag from /opt/airflow/dags/gcp_csv_upload.py
[2024-05-16T10:02:08.270+0000] {processor.py:840} INFO - DAG(s) 'upload_csv_to_gcs_bucket' retrieved from /opt/airflow/dags/gcp_csv_upload.py
[2024-05-16T10:02:08.294+0000] {logging_mixin.py:188} INFO - [2024-05-16T10:02:08.294+0000] {dag.py:3096} INFO - Sync 1 DAGs
[2024-05-16T10:02:08.331+0000] {processor.py:183} INFO - Processing /opt/airflow/dags/gcp_csv_upload.py took 0.086 seconds
[2024-05-16T10:02:38.523+0000] {processor.py:161} INFO - Started process (PID=49) to work on /opt/airflow/dags/gcp_csv_upload.py
[2024-05-16T10:02:38.524+0000] {processor.py:830} INFO - Processing file /opt/airflow/dags/gcp_csv_upload.py for tasks to queue
[2024-05-16T10:02:38.527+0000] {logging_mixin.py:188} INFO - [2024-05-16T10:02:38.527+0000] {dagbag.py:540} INFO - Filling up the DagBag from /opt/airflow/dags/gcp_csv_upload.py
[2024-05-16T10:02:38.544+0000] {processor.py:840} INFO - DAG(s) 'upload_csv_to_gcs_bucket' retrieved from /opt/airflow/dags/gcp_csv_upload.py
[2024-05-16T10:02:38.564+0000] {logging_mixin.py:188} INFO - [2024-05-16T10:02:38.563+0000] {dag.py:3096} INFO - Sync 1 DAGs
[2024-05-16T10:02:38.598+0000] {processor.py:183} INFO - Processing /opt/airflow/dags/gcp_csv_upload.py took 0.080 seconds
[2024-05-16T10:03:08.798+0000] {processor.py:161} INFO - Started process (PID=52) to work on /opt/airflow/dags/gcp_csv_upload.py
[2024-05-16T10:03:08.799+0000] {processor.py:830} INFO - Processing file /opt/airflow/dags/gcp_csv_upload.py for tasks to queue
[2024-05-16T10:03:08.801+0000] {logging_mixin.py:188} INFO - [2024-05-16T10:03:08.801+0000] {dagbag.py:540} INFO - Filling up the DagBag from /opt/airflow/dags/gcp_csv_upload.py
[2024-05-16T10:03:08.821+0000] {processor.py:840} INFO - DAG(s) 'upload_csv_to_gcs_bucket' retrieved from /opt/airflow/dags/gcp_csv_upload.py
[2024-05-16T10:03:08.845+0000] {logging_mixin.py:188} INFO - [2024-05-16T10:03:08.844+0000] {dag.py:3096} INFO - Sync 1 DAGs
[2024-05-16T10:03:08.885+0000] {processor.py:183} INFO - Processing /opt/airflow/dags/gcp_csv_upload.py took 0.093 seconds
[2024-05-16T10:03:39.091+0000] {processor.py:161} INFO - Started process (PID=55) to work on /opt/airflow/dags/gcp_csv_upload.py
[2024-05-16T10:03:39.092+0000] {processor.py:830} INFO - Processing file /opt/airflow/dags/gcp_csv_upload.py for tasks to queue
[2024-05-16T10:03:39.094+0000] {logging_mixin.py:188} INFO - [2024-05-16T10:03:39.093+0000] {dagbag.py:540} INFO - Filling up the DagBag from /opt/airflow/dags/gcp_csv_upload.py
[2024-05-16T10:03:39.112+0000] {processor.py:840} INFO - DAG(s) 'upload_csv_to_gcs_bucket' retrieved from /opt/airflow/dags/gcp_csv_upload.py
[2024-05-16T10:03:39.135+0000] {logging_mixin.py:188} INFO - [2024-05-16T10:03:39.134+0000] {dag.py:3096} INFO - Sync 1 DAGs
[2024-05-16T10:03:39.175+0000] {processor.py:183} INFO - Processing /opt/airflow/dags/gcp_csv_upload.py took 0.090 seconds
[2024-05-16T10:04:09.376+0000] {processor.py:161} INFO - Started process (PID=58) to work on /opt/airflow/dags/gcp_csv_upload.py
[2024-05-16T10:04:09.377+0000] {processor.py:830} INFO - Processing file /opt/airflow/dags/gcp_csv_upload.py for tasks to queue
[2024-05-16T10:04:09.379+0000] {logging_mixin.py:188} INFO - [2024-05-16T10:04:09.379+0000] {dagbag.py:540} INFO - Filling up the DagBag from /opt/airflow/dags/gcp_csv_upload.py
[2024-05-16T10:04:09.393+0000] {processor.py:840} INFO - DAG(s) 'upload_csv_to_gcs_bucket' retrieved from /opt/airflow/dags/gcp_csv_upload.py
[2024-05-16T10:04:09.412+0000] {logging_mixin.py:188} INFO - [2024-05-16T10:04:09.411+0000] {dag.py:3096} INFO - Sync 1 DAGs
[2024-05-16T10:04:09.448+0000] {processor.py:183} INFO - Processing /opt/airflow/dags/gcp_csv_upload.py took 0.076 seconds
[2024-05-16T10:04:39.675+0000] {processor.py:161} INFO - Started process (PID=61) to work on /opt/airflow/dags/gcp_csv_upload.py
[2024-05-16T10:04:39.676+0000] {processor.py:830} INFO - Processing file /opt/airflow/dags/gcp_csv_upload.py for tasks to queue
[2024-05-16T10:04:39.679+0000] {logging_mixin.py:188} INFO - [2024-05-16T10:04:39.678+0000] {dagbag.py:540} INFO - Filling up the DagBag from /opt/airflow/dags/gcp_csv_upload.py
[2024-05-16T10:04:39.705+0000] {processor.py:840} INFO - DAG(s) 'upload_csv_to_gcs_bucket' retrieved from /opt/airflow/dags/gcp_csv_upload.py
[2024-05-16T10:04:39.741+0000] {logging_mixin.py:188} INFO - [2024-05-16T10:04:39.741+0000] {dag.py:3096} INFO - Sync 1 DAGs
[2024-05-16T10:04:39.799+0000] {processor.py:183} INFO - Processing /opt/airflow/dags/gcp_csv_upload.py took 0.133 seconds
[2024-05-16T10:05:10.006+0000] {processor.py:161} INFO - Started process (PID=64) to work on /opt/airflow/dags/gcp_csv_upload.py
[2024-05-16T10:05:10.007+0000] {processor.py:830} INFO - Processing file /opt/airflow/dags/gcp_csv_upload.py for tasks to queue
[2024-05-16T10:05:10.008+0000] {logging_mixin.py:188} INFO - [2024-05-16T10:05:10.008+0000] {dagbag.py:540} INFO - Filling up the DagBag from /opt/airflow/dags/gcp_csv_upload.py
[2024-05-16T10:05:10.023+0000] {processor.py:840} INFO - DAG(s) 'upload_csv_to_gcs_bucket' retrieved from /opt/airflow/dags/gcp_csv_upload.py
[2024-05-16T10:05:10.044+0000] {logging_mixin.py:188} INFO - [2024-05-16T10:05:10.043+0000] {dag.py:3096} INFO - Sync 1 DAGs
[2024-05-16T10:05:10.081+0000] {processor.py:183} INFO - Processing /opt/airflow/dags/gcp_csv_upload.py took 0.080 seconds
[2024-05-16T10:05:40.313+0000] {processor.py:161} INFO - Started process (PID=67) to work on /opt/airflow/dags/gcp_csv_upload.py
[2024-05-16T10:05:40.314+0000] {processor.py:830} INFO - Processing file /opt/airflow/dags/gcp_csv_upload.py for tasks to queue
[2024-05-16T10:05:40.317+0000] {logging_mixin.py:188} INFO - [2024-05-16T10:05:40.316+0000] {dagbag.py:540} INFO - Filling up the DagBag from /opt/airflow/dags/gcp_csv_upload.py
[2024-05-16T10:05:40.340+0000] {processor.py:840} INFO - DAG(s) 'upload_csv_to_gcs_bucket' retrieved from /opt/airflow/dags/gcp_csv_upload.py
[2024-05-16T10:05:40.368+0000] {logging_mixin.py:188} INFO - [2024-05-16T10:05:40.367+0000] {dag.py:3096} INFO - Sync 1 DAGs
[2024-05-16T10:05:40.421+0000] {processor.py:183} INFO - Processing /opt/airflow/dags/gcp_csv_upload.py took 0.117 seconds
[2024-05-16T10:06:10.693+0000] {processor.py:161} INFO - Started process (PID=70) to work on /opt/airflow/dags/gcp_csv_upload.py
[2024-05-16T10:06:10.694+0000] {processor.py:830} INFO - Processing file /opt/airflow/dags/gcp_csv_upload.py for tasks to queue
[2024-05-16T10:06:10.695+0000] {logging_mixin.py:188} INFO - [2024-05-16T10:06:10.695+0000] {dagbag.py:540} INFO - Filling up the DagBag from /opt/airflow/dags/gcp_csv_upload.py
[2024-05-16T10:06:10.711+0000] {processor.py:840} INFO - DAG(s) 'upload_csv_to_gcs_bucket' retrieved from /opt/airflow/dags/gcp_csv_upload.py
[2024-05-16T10:06:10.732+0000] {logging_mixin.py:188} INFO - [2024-05-16T10:06:10.732+0000] {dag.py:3096} INFO - Sync 1 DAGs
[2024-05-16T10:06:10.770+0000] {processor.py:183} INFO - Processing /opt/airflow/dags/gcp_csv_upload.py took 0.082 seconds
[2024-05-16T10:06:40.978+0000] {processor.py:161} INFO - Started process (PID=73) to work on /opt/airflow/dags/gcp_csv_upload.py
[2024-05-16T10:06:40.979+0000] {processor.py:830} INFO - Processing file /opt/airflow/dags/gcp_csv_upload.py for tasks to queue
[2024-05-16T10:06:40.981+0000] {logging_mixin.py:188} INFO - [2024-05-16T10:06:40.980+0000] {dagbag.py:540} INFO - Filling up the DagBag from /opt/airflow/dags/gcp_csv_upload.py
[2024-05-16T10:06:40.996+0000] {processor.py:840} INFO - DAG(s) 'upload_csv_to_gcs_bucket' retrieved from /opt/airflow/dags/gcp_csv_upload.py
[2024-05-16T10:06:41.018+0000] {logging_mixin.py:188} INFO - [2024-05-16T10:06:41.018+0000] {dag.py:3096} INFO - Sync 1 DAGs
[2024-05-16T10:06:41.054+0000] {processor.py:183} INFO - Processing /opt/airflow/dags/gcp_csv_upload.py took 0.081 seconds
[2024-05-16T10:07:11.263+0000] {processor.py:161} INFO - Started process (PID=76) to work on /opt/airflow/dags/gcp_csv_upload.py
[2024-05-16T10:07:11.264+0000] {processor.py:830} INFO - Processing file /opt/airflow/dags/gcp_csv_upload.py for tasks to queue
[2024-05-16T10:07:11.266+0000] {logging_mixin.py:188} INFO - [2024-05-16T10:07:11.265+0000] {dagbag.py:540} INFO - Filling up the DagBag from /opt/airflow/dags/gcp_csv_upload.py
[2024-05-16T10:07:11.281+0000] {processor.py:840} INFO - DAG(s) 'upload_csv_to_gcs_bucket' retrieved from /opt/airflow/dags/gcp_csv_upload.py
[2024-05-16T10:07:11.302+0000] {logging_mixin.py:188} INFO - [2024-05-16T10:07:11.301+0000] {dag.py:3096} INFO - Sync 1 DAGs
[2024-05-16T10:07:11.340+0000] {processor.py:183} INFO - Processing /opt/airflow/dags/gcp_csv_upload.py took 0.080 seconds
[2024-05-16T10:07:41.545+0000] {processor.py:161} INFO - Started process (PID=79) to work on /opt/airflow/dags/gcp_csv_upload.py
[2024-05-16T10:07:41.546+0000] {processor.py:830} INFO - Processing file /opt/airflow/dags/gcp_csv_upload.py for tasks to queue
[2024-05-16T10:07:41.547+0000] {logging_mixin.py:188} INFO - [2024-05-16T10:07:41.547+0000] {dagbag.py:540} INFO - Filling up the DagBag from /opt/airflow/dags/gcp_csv_upload.py
[2024-05-16T10:07:41.562+0000] {processor.py:840} INFO - DAG(s) 'upload_csv_to_gcs_bucket' retrieved from /opt/airflow/dags/gcp_csv_upload.py
[2024-05-16T10:07:41.584+0000] {logging_mixin.py:188} INFO - [2024-05-16T10:07:41.584+0000] {dag.py:3096} INFO - Sync 1 DAGs
[2024-05-16T10:07:41.625+0000] {processor.py:183} INFO - Processing /opt/airflow/dags/gcp_csv_upload.py took 0.085 seconds
[2024-05-16T10:08:11.829+0000] {processor.py:161} INFO - Started process (PID=82) to work on /opt/airflow/dags/gcp_csv_upload.py
[2024-05-16T10:08:11.830+0000] {processor.py:830} INFO - Processing file /opt/airflow/dags/gcp_csv_upload.py for tasks to queue
[2024-05-16T10:08:11.831+0000] {logging_mixin.py:188} INFO - [2024-05-16T10:08:11.831+0000] {dagbag.py:540} INFO - Filling up the DagBag from /opt/airflow/dags/gcp_csv_upload.py
[2024-05-16T10:08:11.847+0000] {processor.py:840} INFO - DAG(s) 'upload_csv_to_gcs_bucket' retrieved from /opt/airflow/dags/gcp_csv_upload.py
[2024-05-16T10:08:11.868+0000] {logging_mixin.py:188} INFO - [2024-05-16T10:08:11.867+0000] {dag.py:3096} INFO - Sync 1 DAGs
[2024-05-16T10:08:11.906+0000] {processor.py:183} INFO - Processing /opt/airflow/dags/gcp_csv_upload.py took 0.081 seconds
[2024-05-16T10:08:42.101+0000] {processor.py:161} INFO - Started process (PID=85) to work on /opt/airflow/dags/gcp_csv_upload.py
[2024-05-16T10:08:42.101+0000] {processor.py:830} INFO - Processing file /opt/airflow/dags/gcp_csv_upload.py for tasks to queue
[2024-05-16T10:08:42.103+0000] {logging_mixin.py:188} INFO - [2024-05-16T10:08:42.103+0000] {dagbag.py:540} INFO - Filling up the DagBag from /opt/airflow/dags/gcp_csv_upload.py
[2024-05-16T10:08:42.118+0000] {processor.py:840} INFO - DAG(s) 'upload_csv_to_gcs_bucket' retrieved from /opt/airflow/dags/gcp_csv_upload.py
[2024-05-16T10:08:42.139+0000] {logging_mixin.py:188} INFO - [2024-05-16T10:08:42.139+0000] {dag.py:3096} INFO - Sync 1 DAGs
[2024-05-16T10:08:42.174+0000] {processor.py:183} INFO - Processing /opt/airflow/dags/gcp_csv_upload.py took 0.078 seconds
[2024-05-16T10:09:12.374+0000] {processor.py:161} INFO - Started process (PID=88) to work on /opt/airflow/dags/gcp_csv_upload.py
[2024-05-16T10:09:12.375+0000] {processor.py:830} INFO - Processing file /opt/airflow/dags/gcp_csv_upload.py for tasks to queue
[2024-05-16T10:09:12.377+0000] {logging_mixin.py:188} INFO - [2024-05-16T10:09:12.376+0000] {dagbag.py:540} INFO - Filling up the DagBag from /opt/airflow/dags/gcp_csv_upload.py
[2024-05-16T10:09:12.395+0000] {processor.py:840} INFO - DAG(s) 'upload_csv_to_gcs_bucket' retrieved from /opt/airflow/dags/gcp_csv_upload.py
[2024-05-16T10:09:12.418+0000] {logging_mixin.py:188} INFO - [2024-05-16T10:09:12.417+0000] {dag.py:3096} INFO - Sync 1 DAGs
[2024-05-16T10:09:12.457+0000] {processor.py:183} INFO - Processing /opt/airflow/dags/gcp_csv_upload.py took 0.087 seconds
[2024-05-16T10:09:42.662+0000] {processor.py:161} INFO - Started process (PID=91) to work on /opt/airflow/dags/gcp_csv_upload.py
[2024-05-16T10:09:42.663+0000] {processor.py:830} INFO - Processing file /opt/airflow/dags/gcp_csv_upload.py for tasks to queue
[2024-05-16T10:09:42.666+0000] {logging_mixin.py:188} INFO - [2024-05-16T10:09:42.665+0000] {dagbag.py:540} INFO - Filling up the DagBag from /opt/airflow/dags/gcp_csv_upload.py
[2024-05-16T10:09:42.685+0000] {processor.py:840} INFO - DAG(s) 'upload_csv_to_gcs_bucket' retrieved from /opt/airflow/dags/gcp_csv_upload.py
[2024-05-16T10:09:42.711+0000] {logging_mixin.py:188} INFO - [2024-05-16T10:09:42.710+0000] {dag.py:3096} INFO - Sync 1 DAGs
[2024-05-16T10:09:42.752+0000] {processor.py:183} INFO - Processing /opt/airflow/dags/gcp_csv_upload.py took 0.096 seconds
[2024-05-16T10:10:12.955+0000] {processor.py:161} INFO - Started process (PID=94) to work on /opt/airflow/dags/gcp_csv_upload.py
[2024-05-16T10:10:12.955+0000] {processor.py:830} INFO - Processing file /opt/airflow/dags/gcp_csv_upload.py for tasks to queue
[2024-05-16T10:10:12.957+0000] {logging_mixin.py:188} INFO - [2024-05-16T10:10:12.957+0000] {dagbag.py:540} INFO - Filling up the DagBag from /opt/airflow/dags/gcp_csv_upload.py
[2024-05-16T10:10:12.975+0000] {processor.py:840} INFO - DAG(s) 'upload_csv_to_gcs_bucket' retrieved from /opt/airflow/dags/gcp_csv_upload.py
[2024-05-16T10:10:12.998+0000] {logging_mixin.py:188} INFO - [2024-05-16T10:10:12.998+0000] {dag.py:3096} INFO - Sync 1 DAGs
[2024-05-16T10:10:13.048+0000] {processor.py:183} INFO - Processing /opt/airflow/dags/gcp_csv_upload.py took 0.098 seconds
[2024-05-16T10:10:43.256+0000] {processor.py:161} INFO - Started process (PID=97) to work on /opt/airflow/dags/gcp_csv_upload.py
[2024-05-16T10:10:43.257+0000] {processor.py:830} INFO - Processing file /opt/airflow/dags/gcp_csv_upload.py for tasks to queue
[2024-05-16T10:10:43.258+0000] {logging_mixin.py:188} INFO - [2024-05-16T10:10:43.258+0000] {dagbag.py:540} INFO - Filling up the DagBag from /opt/airflow/dags/gcp_csv_upload.py
[2024-05-16T10:10:43.276+0000] {processor.py:840} INFO - DAG(s) 'upload_csv_to_gcs_bucket' retrieved from /opt/airflow/dags/gcp_csv_upload.py
[2024-05-16T10:10:43.298+0000] {logging_mixin.py:188} INFO - [2024-05-16T10:10:43.297+0000] {dag.py:3096} INFO - Sync 1 DAGs
[2024-05-16T10:10:43.338+0000] {processor.py:183} INFO - Processing /opt/airflow/dags/gcp_csv_upload.py took 0.087 seconds
[2024-05-16T10:11:13.675+0000] {processor.py:161} INFO - Started process (PID=143) to work on /opt/airflow/dags/gcp_csv_upload.py
[2024-05-16T10:11:13.676+0000] {processor.py:830} INFO - Processing file /opt/airflow/dags/gcp_csv_upload.py for tasks to queue
[2024-05-16T10:11:13.678+0000] {logging_mixin.py:188} INFO - [2024-05-16T10:11:13.678+0000] {dagbag.py:540} INFO - Filling up the DagBag from /opt/airflow/dags/gcp_csv_upload.py
[2024-05-16T10:11:13.701+0000] {processor.py:840} INFO - DAG(s) 'upload_csv_to_gcs_bucket' retrieved from /opt/airflow/dags/gcp_csv_upload.py
[2024-05-16T10:11:13.728+0000] {logging_mixin.py:188} INFO - [2024-05-16T10:11:13.728+0000] {dag.py:3096} INFO - Sync 1 DAGs
[2024-05-16T10:11:13.776+0000] {processor.py:183} INFO - Processing /opt/airflow/dags/gcp_csv_upload.py took 0.107 seconds
[2024-05-16T10:11:43.984+0000] {processor.py:161} INFO - Started process (PID=146) to work on /opt/airflow/dags/gcp_csv_upload.py
[2024-05-16T10:11:43.984+0000] {processor.py:830} INFO - Processing file /opt/airflow/dags/gcp_csv_upload.py for tasks to queue
[2024-05-16T10:11:43.986+0000] {logging_mixin.py:188} INFO - [2024-05-16T10:11:43.986+0000] {dagbag.py:540} INFO - Filling up the DagBag from /opt/airflow/dags/gcp_csv_upload.py
[2024-05-16T10:11:44.006+0000] {processor.py:840} INFO - DAG(s) 'upload_csv_to_gcs_bucket' retrieved from /opt/airflow/dags/gcp_csv_upload.py
[2024-05-16T10:11:44.032+0000] {logging_mixin.py:188} INFO - [2024-05-16T10:11:44.031+0000] {dag.py:3096} INFO - Sync 1 DAGs
[2024-05-16T10:11:44.094+0000] {processor.py:183} INFO - Processing /opt/airflow/dags/gcp_csv_upload.py took 0.116 seconds
[2024-05-16T10:12:08.259+0000] {processor.py:161} INFO - Started process (PID=149) to work on /opt/airflow/dags/gcp_csv_upload.py
[2024-05-16T10:12:08.260+0000] {processor.py:830} INFO - Processing file /opt/airflow/dags/gcp_csv_upload.py for tasks to queue
[2024-05-16T10:12:08.261+0000] {logging_mixin.py:188} INFO - [2024-05-16T10:12:08.261+0000] {dagbag.py:540} INFO - Filling up the DagBag from /opt/airflow/dags/gcp_csv_upload.py
[2024-05-16T10:12:08.280+0000] {processor.py:840} INFO - DAG(s) 'upload_csv_to_gcs_bucket' retrieved from /opt/airflow/dags/gcp_csv_upload.py
[2024-05-16T10:12:08.301+0000] {logging_mixin.py:188} INFO - [2024-05-16T10:12:08.301+0000] {dag.py:3096} INFO - Sync 1 DAGs
[2024-05-16T10:12:08.345+0000] {processor.py:183} INFO - Processing /opt/airflow/dags/gcp_csv_upload.py took 0.090 seconds
[2024-05-16T10:12:38.631+0000] {processor.py:161} INFO - Started process (PID=152) to work on /opt/airflow/dags/gcp_csv_upload.py
[2024-05-16T10:12:38.632+0000] {processor.py:830} INFO - Processing file /opt/airflow/dags/gcp_csv_upload.py for tasks to queue
[2024-05-16T10:12:38.633+0000] {logging_mixin.py:188} INFO - [2024-05-16T10:12:38.633+0000] {dagbag.py:540} INFO - Filling up the DagBag from /opt/airflow/dags/gcp_csv_upload.py
[2024-05-16T10:12:38.646+0000] {processor.py:840} INFO - DAG(s) 'upload_csv_to_gcs_bucket' retrieved from /opt/airflow/dags/gcp_csv_upload.py
[2024-05-16T10:12:38.665+0000] {logging_mixin.py:188} INFO - [2024-05-16T10:12:38.665+0000] {dag.py:3096} INFO - Sync 1 DAGs
[2024-05-16T10:12:38.697+0000] {processor.py:183} INFO - Processing /opt/airflow/dags/gcp_csv_upload.py took 0.069 seconds
[2024-05-16T10:13:08.909+0000] {processor.py:161} INFO - Started process (PID=155) to work on /opt/airflow/dags/gcp_csv_upload.py
[2024-05-16T10:13:08.910+0000] {processor.py:830} INFO - Processing file /opt/airflow/dags/gcp_csv_upload.py for tasks to queue
[2024-05-16T10:13:08.911+0000] {logging_mixin.py:188} INFO - [2024-05-16T10:13:08.911+0000] {dagbag.py:540} INFO - Filling up the DagBag from /opt/airflow/dags/gcp_csv_upload.py
[2024-05-16T10:13:08.926+0000] {processor.py:840} INFO - DAG(s) 'upload_csv_to_gcs_bucket' retrieved from /opt/airflow/dags/gcp_csv_upload.py
[2024-05-16T10:13:08.947+0000] {logging_mixin.py:188} INFO - [2024-05-16T10:13:08.946+0000] {dag.py:3096} INFO - Sync 1 DAGs
[2024-05-16T10:13:08.985+0000] {processor.py:183} INFO - Processing /opt/airflow/dags/gcp_csv_upload.py took 0.081 seconds
[2024-05-16T10:13:39.192+0000] {processor.py:161} INFO - Started process (PID=158) to work on /opt/airflow/dags/gcp_csv_upload.py
[2024-05-16T10:13:39.193+0000] {processor.py:830} INFO - Processing file /opt/airflow/dags/gcp_csv_upload.py for tasks to queue
[2024-05-16T10:13:39.194+0000] {logging_mixin.py:188} INFO - [2024-05-16T10:13:39.194+0000] {dagbag.py:540} INFO - Filling up the DagBag from /opt/airflow/dags/gcp_csv_upload.py
[2024-05-16T10:13:39.209+0000] {processor.py:840} INFO - DAG(s) 'upload_csv_to_gcs_bucket' retrieved from /opt/airflow/dags/gcp_csv_upload.py
[2024-05-16T10:13:39.231+0000] {logging_mixin.py:188} INFO - [2024-05-16T10:13:39.231+0000] {dag.py:3096} INFO - Sync 1 DAGs
[2024-05-16T10:13:39.272+0000] {processor.py:183} INFO - Processing /opt/airflow/dags/gcp_csv_upload.py took 0.085 seconds
[2024-05-16T10:14:09.483+0000] {processor.py:161} INFO - Started process (PID=161) to work on /opt/airflow/dags/gcp_csv_upload.py
[2024-05-16T10:14:09.484+0000] {processor.py:830} INFO - Processing file /opt/airflow/dags/gcp_csv_upload.py for tasks to queue
[2024-05-16T10:14:09.486+0000] {logging_mixin.py:188} INFO - [2024-05-16T10:14:09.486+0000] {dagbag.py:540} INFO - Filling up the DagBag from /opt/airflow/dags/gcp_csv_upload.py
[2024-05-16T10:14:09.506+0000] {processor.py:840} INFO - DAG(s) 'upload_csv_to_gcs_bucket' retrieved from /opt/airflow/dags/gcp_csv_upload.py
[2024-05-16T10:14:09.535+0000] {logging_mixin.py:188} INFO - [2024-05-16T10:14:09.534+0000] {dag.py:3096} INFO - Sync 1 DAGs
[2024-05-16T10:14:09.585+0000] {processor.py:183} INFO - Processing /opt/airflow/dags/gcp_csv_upload.py took 0.107 seconds
[2024-05-16T10:14:39.809+0000] {processor.py:161} INFO - Started process (PID=164) to work on /opt/airflow/dags/gcp_csv_upload.py
[2024-05-16T10:14:39.811+0000] {processor.py:830} INFO - Processing file /opt/airflow/dags/gcp_csv_upload.py for tasks to queue
[2024-05-16T10:14:39.813+0000] {logging_mixin.py:188} INFO - [2024-05-16T10:14:39.812+0000] {dagbag.py:540} INFO - Filling up the DagBag from /opt/airflow/dags/gcp_csv_upload.py
[2024-05-16T10:14:39.830+0000] {processor.py:840} INFO - DAG(s) 'upload_csv_to_gcs_bucket' retrieved from /opt/airflow/dags/gcp_csv_upload.py
[2024-05-16T10:14:39.852+0000] {logging_mixin.py:188} INFO - [2024-05-16T10:14:39.851+0000] {dag.py:3096} INFO - Sync 1 DAGs
[2024-05-16T10:14:39.890+0000] {processor.py:183} INFO - Processing /opt/airflow/dags/gcp_csv_upload.py took 0.086 seconds
[2024-05-16T10:15:10.124+0000] {processor.py:161} INFO - Started process (PID=167) to work on /opt/airflow/dags/gcp_csv_upload.py
[2024-05-16T10:15:10.125+0000] {processor.py:830} INFO - Processing file /opt/airflow/dags/gcp_csv_upload.py for tasks to queue
[2024-05-16T10:15:10.127+0000] {logging_mixin.py:188} INFO - [2024-05-16T10:15:10.126+0000] {dagbag.py:540} INFO - Filling up the DagBag from /opt/airflow/dags/gcp_csv_upload.py
[2024-05-16T10:15:10.142+0000] {processor.py:840} INFO - DAG(s) 'upload_csv_to_gcs_bucket' retrieved from /opt/airflow/dags/gcp_csv_upload.py
[2024-05-16T10:15:10.165+0000] {logging_mixin.py:188} INFO - [2024-05-16T10:15:10.164+0000] {dag.py:3096} INFO - Sync 1 DAGs
[2024-05-16T10:15:10.205+0000] {processor.py:183} INFO - Processing /opt/airflow/dags/gcp_csv_upload.py took 0.086 seconds
[2024-05-16T10:15:40.400+0000] {processor.py:161} INFO - Started process (PID=170) to work on /opt/airflow/dags/gcp_csv_upload.py
[2024-05-16T10:15:40.401+0000] {processor.py:830} INFO - Processing file /opt/airflow/dags/gcp_csv_upload.py for tasks to queue
[2024-05-16T10:15:40.403+0000] {logging_mixin.py:188} INFO - [2024-05-16T10:15:40.402+0000] {dagbag.py:540} INFO - Filling up the DagBag from /opt/airflow/dags/gcp_csv_upload.py
[2024-05-16T10:15:40.420+0000] {processor.py:840} INFO - DAG(s) 'upload_csv_to_gcs_bucket' retrieved from /opt/airflow/dags/gcp_csv_upload.py
[2024-05-16T10:15:40.445+0000] {logging_mixin.py:188} INFO - [2024-05-16T10:15:40.444+0000] {dag.py:3096} INFO - Sync 1 DAGs
[2024-05-16T10:15:40.488+0000] {processor.py:183} INFO - Processing /opt/airflow/dags/gcp_csv_upload.py took 0.093 seconds
[2024-05-16T10:16:10.731+0000] {processor.py:161} INFO - Started process (PID=173) to work on /opt/airflow/dags/gcp_csv_upload.py
[2024-05-16T10:16:10.732+0000] {processor.py:830} INFO - Processing file /opt/airflow/dags/gcp_csv_upload.py for tasks to queue
[2024-05-16T10:16:10.734+0000] {logging_mixin.py:188} INFO - [2024-05-16T10:16:10.733+0000] {dagbag.py:540} INFO - Filling up the DagBag from /opt/airflow/dags/gcp_csv_upload.py
[2024-05-16T10:16:10.749+0000] {processor.py:840} INFO - DAG(s) 'upload_csv_to_gcs_bucket' retrieved from /opt/airflow/dags/gcp_csv_upload.py
[2024-05-16T10:16:10.772+0000] {logging_mixin.py:188} INFO - [2024-05-16T10:16:10.771+0000] {dag.py:3096} INFO - Sync 1 DAGs
[2024-05-16T10:16:10.814+0000] {processor.py:183} INFO - Processing /opt/airflow/dags/gcp_csv_upload.py took 0.088 seconds
[2024-05-16T10:16:41.012+0000] {processor.py:161} INFO - Started process (PID=176) to work on /opt/airflow/dags/gcp_csv_upload.py
[2024-05-16T10:16:41.013+0000] {processor.py:830} INFO - Processing file /opt/airflow/dags/gcp_csv_upload.py for tasks to queue
[2024-05-16T10:16:41.014+0000] {logging_mixin.py:188} INFO - [2024-05-16T10:16:41.014+0000] {dagbag.py:540} INFO - Filling up the DagBag from /opt/airflow/dags/gcp_csv_upload.py
[2024-05-16T10:16:41.030+0000] {processor.py:840} INFO - DAG(s) 'upload_csv_to_gcs_bucket' retrieved from /opt/airflow/dags/gcp_csv_upload.py
[2024-05-16T10:16:41.052+0000] {logging_mixin.py:188} INFO - [2024-05-16T10:16:41.050+0000] {dag.py:3096} INFO - Sync 1 DAGs
[2024-05-16T10:16:41.091+0000] {processor.py:183} INFO - Processing /opt/airflow/dags/gcp_csv_upload.py took 0.083 seconds
[2024-05-16T10:17:11.294+0000] {processor.py:161} INFO - Started process (PID=179) to work on /opt/airflow/dags/gcp_csv_upload.py
[2024-05-16T10:17:11.294+0000] {processor.py:830} INFO - Processing file /opt/airflow/dags/gcp_csv_upload.py for tasks to queue
[2024-05-16T10:17:11.296+0000] {logging_mixin.py:188} INFO - [2024-05-16T10:17:11.296+0000] {dagbag.py:540} INFO - Filling up the DagBag from /opt/airflow/dags/gcp_csv_upload.py
[2024-05-16T10:17:11.310+0000] {processor.py:840} INFO - DAG(s) 'upload_csv_to_gcs_bucket' retrieved from /opt/airflow/dags/gcp_csv_upload.py
[2024-05-16T10:17:11.331+0000] {logging_mixin.py:188} INFO - [2024-05-16T10:17:11.330+0000] {dag.py:3096} INFO - Sync 1 DAGs
[2024-05-16T10:17:11.365+0000] {processor.py:183} INFO - Processing /opt/airflow/dags/gcp_csv_upload.py took 0.076 seconds
[2024-05-16T10:17:41.581+0000] {processor.py:161} INFO - Started process (PID=182) to work on /opt/airflow/dags/gcp_csv_upload.py
[2024-05-16T10:17:41.582+0000] {processor.py:830} INFO - Processing file /opt/airflow/dags/gcp_csv_upload.py for tasks to queue
[2024-05-16T10:17:41.584+0000] {logging_mixin.py:188} INFO - [2024-05-16T10:17:41.584+0000] {dagbag.py:540} INFO - Filling up the DagBag from /opt/airflow/dags/gcp_csv_upload.py
[2024-05-16T10:17:41.600+0000] {processor.py:840} INFO - DAG(s) 'upload_csv_to_gcs_bucket' retrieved from /opt/airflow/dags/gcp_csv_upload.py
[2024-05-16T10:17:41.621+0000] {logging_mixin.py:188} INFO - [2024-05-16T10:17:41.620+0000] {dag.py:3096} INFO - Sync 1 DAGs
[2024-05-16T10:17:41.655+0000] {processor.py:183} INFO - Processing /opt/airflow/dags/gcp_csv_upload.py took 0.078 seconds
[2024-05-16T10:18:11.856+0000] {processor.py:161} INFO - Started process (PID=185) to work on /opt/airflow/dags/gcp_csv_upload.py
[2024-05-16T10:18:11.857+0000] {processor.py:830} INFO - Processing file /opt/airflow/dags/gcp_csv_upload.py for tasks to queue
[2024-05-16T10:18:11.859+0000] {logging_mixin.py:188} INFO - [2024-05-16T10:18:11.859+0000] {dagbag.py:540} INFO - Filling up the DagBag from /opt/airflow/dags/gcp_csv_upload.py
[2024-05-16T10:18:11.873+0000] {processor.py:840} INFO - DAG(s) 'upload_csv_to_gcs_bucket' retrieved from /opt/airflow/dags/gcp_csv_upload.py
[2024-05-16T10:18:11.893+0000] {logging_mixin.py:188} INFO - [2024-05-16T10:18:11.892+0000] {dag.py:3096} INFO - Sync 1 DAGs
[2024-05-16T10:18:11.928+0000] {processor.py:183} INFO - Processing /opt/airflow/dags/gcp_csv_upload.py took 0.076 seconds
[2024-05-16T10:18:42.124+0000] {processor.py:161} INFO - Started process (PID=188) to work on /opt/airflow/dags/gcp_csv_upload.py
[2024-05-16T10:18:42.124+0000] {processor.py:830} INFO - Processing file /opt/airflow/dags/gcp_csv_upload.py for tasks to queue
[2024-05-16T10:18:42.126+0000] {logging_mixin.py:188} INFO - [2024-05-16T10:18:42.126+0000] {dagbag.py:540} INFO - Filling up the DagBag from /opt/airflow/dags/gcp_csv_upload.py
[2024-05-16T10:18:42.140+0000] {processor.py:840} INFO - DAG(s) 'upload_csv_to_gcs_bucket' retrieved from /opt/airflow/dags/gcp_csv_upload.py
[2024-05-16T10:18:42.160+0000] {logging_mixin.py:188} INFO - [2024-05-16T10:18:42.160+0000] {dag.py:3096} INFO - Sync 1 DAGs
[2024-05-16T10:18:42.196+0000] {processor.py:183} INFO - Processing /opt/airflow/dags/gcp_csv_upload.py took 0.077 seconds
