[2024-05-15T08:41:18.049+0000] {processor.py:161} INFO - Started process (PID=40) to work on /opt/airflow/dags/gcp_cloud_sales.py
[2024-05-15T08:41:18.051+0000] {processor.py:830} INFO - Processing file /opt/airflow/dags/gcp_cloud_sales.py for tasks to queue
[2024-05-15T08:41:18.053+0000] {logging_mixin.py:188} INFO - [2024-05-15T08:41:18.053+0000] {dagbag.py:540} INFO - Filling up the DagBag from /opt/airflow/dags/gcp_cloud_sales.py
[2024-05-15T08:41:18.080+0000] {processor.py:840} INFO - DAG(s) 'gcs_upload_sales' retrieved from /opt/airflow/dags/gcp_cloud_sales.py
[2024-05-15T08:41:18.257+0000] {logging_mixin.py:188} INFO - [2024-05-15T08:41:18.256+0000] {override.py:1829} INFO - Created Permission View: can delete on DAG:gcs_upload_sales
[2024-05-15T08:41:18.269+0000] {logging_mixin.py:188} INFO - [2024-05-15T08:41:18.269+0000] {override.py:1829} INFO - Created Permission View: can read on DAG:gcs_upload_sales
[2024-05-15T08:41:18.277+0000] {logging_mixin.py:188} INFO - [2024-05-15T08:41:18.277+0000] {override.py:1829} INFO - Created Permission View: can edit on DAG:gcs_upload_sales
[2024-05-15T08:41:18.278+0000] {logging_mixin.py:188} INFO - [2024-05-15T08:41:18.277+0000] {dag.py:3096} INFO - Sync 1 DAGs
[2024-05-15T08:41:18.288+0000] {logging_mixin.py:188} INFO - [2024-05-15T08:41:18.288+0000] {dag.py:3118} INFO - Creating ORM DAG for gcs_upload_sales
[2024-05-15T08:41:18.289+0000] {logging_mixin.py:188} INFO - [2024-05-15T08:41:18.288+0000] {dag.py:3954} INFO - Setting next_dagrun for gcs_upload_sales to None, run_after=None
[2024-05-15T08:41:18.308+0000] {processor.py:183} INFO - Processing /opt/airflow/dags/gcp_cloud_sales.py took 0.267 seconds
[2024-05-15T08:41:48.582+0000] {processor.py:161} INFO - Started process (PID=43) to work on /opt/airflow/dags/gcp_cloud_sales.py
[2024-05-15T08:41:48.583+0000] {processor.py:830} INFO - Processing file /opt/airflow/dags/gcp_cloud_sales.py for tasks to queue
[2024-05-15T08:41:48.585+0000] {logging_mixin.py:188} INFO - [2024-05-15T08:41:48.584+0000] {dagbag.py:540} INFO - Filling up the DagBag from /opt/airflow/dags/gcp_cloud_sales.py
[2024-05-15T08:41:48.602+0000] {processor.py:840} INFO - DAG(s) 'gcs_upload_sales' retrieved from /opt/airflow/dags/gcp_cloud_sales.py
[2024-05-15T08:41:48.628+0000] {logging_mixin.py:188} INFO - [2024-05-15T08:41:48.627+0000] {dag.py:3096} INFO - Sync 1 DAGs
[2024-05-15T08:41:48.643+0000] {logging_mixin.py:188} INFO - [2024-05-15T08:41:48.643+0000] {dag.py:3954} INFO - Setting next_dagrun for gcs_upload_sales to None, run_after=None
[2024-05-15T08:41:48.664+0000] {processor.py:183} INFO - Processing /opt/airflow/dags/gcp_cloud_sales.py took 0.088 seconds
[2024-05-15T08:42:18.870+0000] {processor.py:161} INFO - Started process (PID=46) to work on /opt/airflow/dags/gcp_cloud_sales.py
[2024-05-15T08:42:18.871+0000] {processor.py:830} INFO - Processing file /opt/airflow/dags/gcp_cloud_sales.py for tasks to queue
[2024-05-15T08:42:18.873+0000] {logging_mixin.py:188} INFO - [2024-05-15T08:42:18.872+0000] {dagbag.py:540} INFO - Filling up the DagBag from /opt/airflow/dags/gcp_cloud_sales.py
[2024-05-15T08:42:18.889+0000] {processor.py:840} INFO - DAG(s) 'gcs_upload_sales' retrieved from /opt/airflow/dags/gcp_cloud_sales.py
[2024-05-15T08:42:18.914+0000] {logging_mixin.py:188} INFO - [2024-05-15T08:42:18.914+0000] {dag.py:3096} INFO - Sync 1 DAGs
[2024-05-15T08:42:18.926+0000] {logging_mixin.py:188} INFO - [2024-05-15T08:42:18.926+0000] {dag.py:3954} INFO - Setting next_dagrun for gcs_upload_sales to None, run_after=None
[2024-05-15T08:42:18.948+0000] {processor.py:183} INFO - Processing /opt/airflow/dags/gcp_cloud_sales.py took 0.083 seconds
[2024-05-15T08:42:49.141+0000] {processor.py:161} INFO - Started process (PID=49) to work on /opt/airflow/dags/gcp_cloud_sales.py
[2024-05-15T08:42:49.142+0000] {processor.py:830} INFO - Processing file /opt/airflow/dags/gcp_cloud_sales.py for tasks to queue
[2024-05-15T08:42:49.145+0000] {logging_mixin.py:188} INFO - [2024-05-15T08:42:49.145+0000] {dagbag.py:540} INFO - Filling up the DagBag from /opt/airflow/dags/gcp_cloud_sales.py
[2024-05-15T08:42:49.160+0000] {processor.py:840} INFO - DAG(s) 'gcs_upload_sales' retrieved from /opt/airflow/dags/gcp_cloud_sales.py
[2024-05-15T08:42:49.181+0000] {logging_mixin.py:188} INFO - [2024-05-15T08:42:49.180+0000] {dag.py:3096} INFO - Sync 1 DAGs
[2024-05-15T08:42:49.192+0000] {logging_mixin.py:188} INFO - [2024-05-15T08:42:49.192+0000] {dag.py:3954} INFO - Setting next_dagrun for gcs_upload_sales to None, run_after=None
[2024-05-15T08:42:49.211+0000] {processor.py:183} INFO - Processing /opt/airflow/dags/gcp_cloud_sales.py took 0.074 seconds
[2024-05-15T08:43:19.407+0000] {processor.py:161} INFO - Started process (PID=52) to work on /opt/airflow/dags/gcp_cloud_sales.py
[2024-05-15T08:43:19.408+0000] {processor.py:830} INFO - Processing file /opt/airflow/dags/gcp_cloud_sales.py for tasks to queue
[2024-05-15T08:43:19.410+0000] {logging_mixin.py:188} INFO - [2024-05-15T08:43:19.410+0000] {dagbag.py:540} INFO - Filling up the DagBag from /opt/airflow/dags/gcp_cloud_sales.py
[2024-05-15T08:43:19.426+0000] {processor.py:840} INFO - DAG(s) 'gcs_upload_sales' retrieved from /opt/airflow/dags/gcp_cloud_sales.py
[2024-05-15T08:43:19.448+0000] {logging_mixin.py:188} INFO - [2024-05-15T08:43:19.447+0000] {dag.py:3096} INFO - Sync 1 DAGs
[2024-05-15T08:43:19.460+0000] {logging_mixin.py:188} INFO - [2024-05-15T08:43:19.459+0000] {dag.py:3954} INFO - Setting next_dagrun for gcs_upload_sales to None, run_after=None
[2024-05-15T08:43:19.478+0000] {processor.py:183} INFO - Processing /opt/airflow/dags/gcp_cloud_sales.py took 0.075 seconds
[2024-05-15T08:43:49.673+0000] {processor.py:161} INFO - Started process (PID=55) to work on /opt/airflow/dags/gcp_cloud_sales.py
[2024-05-15T08:43:49.674+0000] {processor.py:830} INFO - Processing file /opt/airflow/dags/gcp_cloud_sales.py for tasks to queue
[2024-05-15T08:43:49.676+0000] {logging_mixin.py:188} INFO - [2024-05-15T08:43:49.676+0000] {dagbag.py:540} INFO - Filling up the DagBag from /opt/airflow/dags/gcp_cloud_sales.py
[2024-05-15T08:43:49.689+0000] {processor.py:840} INFO - DAG(s) 'gcs_upload_sales' retrieved from /opt/airflow/dags/gcp_cloud_sales.py
[2024-05-15T08:43:49.709+0000] {logging_mixin.py:188} INFO - [2024-05-15T08:43:49.708+0000] {dag.py:3096} INFO - Sync 1 DAGs
[2024-05-15T08:43:49.719+0000] {logging_mixin.py:188} INFO - [2024-05-15T08:43:49.719+0000] {dag.py:3954} INFO - Setting next_dagrun for gcs_upload_sales to None, run_after=None
[2024-05-15T08:43:49.742+0000] {processor.py:183} INFO - Processing /opt/airflow/dags/gcp_cloud_sales.py took 0.073 seconds
[2024-05-15T08:44:19.938+0000] {processor.py:161} INFO - Started process (PID=58) to work on /opt/airflow/dags/gcp_cloud_sales.py
[2024-05-15T08:44:19.939+0000] {processor.py:830} INFO - Processing file /opt/airflow/dags/gcp_cloud_sales.py for tasks to queue
[2024-05-15T08:44:19.941+0000] {logging_mixin.py:188} INFO - [2024-05-15T08:44:19.940+0000] {dagbag.py:540} INFO - Filling up the DagBag from /opt/airflow/dags/gcp_cloud_sales.py
[2024-05-15T08:44:19.955+0000] {processor.py:840} INFO - DAG(s) 'gcs_upload_sales' retrieved from /opt/airflow/dags/gcp_cloud_sales.py
[2024-05-15T08:44:19.976+0000] {logging_mixin.py:188} INFO - [2024-05-15T08:44:19.976+0000] {dag.py:3096} INFO - Sync 1 DAGs
[2024-05-15T08:44:19.988+0000] {logging_mixin.py:188} INFO - [2024-05-15T08:44:19.988+0000] {dag.py:3954} INFO - Setting next_dagrun for gcs_upload_sales to None, run_after=None
[2024-05-15T08:44:20.011+0000] {processor.py:183} INFO - Processing /opt/airflow/dags/gcp_cloud_sales.py took 0.078 seconds
[2024-05-15T08:44:50.211+0000] {processor.py:161} INFO - Started process (PID=61) to work on /opt/airflow/dags/gcp_cloud_sales.py
[2024-05-15T08:44:50.212+0000] {processor.py:830} INFO - Processing file /opt/airflow/dags/gcp_cloud_sales.py for tasks to queue
[2024-05-15T08:44:50.214+0000] {logging_mixin.py:188} INFO - [2024-05-15T08:44:50.213+0000] {dagbag.py:540} INFO - Filling up the DagBag from /opt/airflow/dags/gcp_cloud_sales.py
[2024-05-15T08:44:50.228+0000] {processor.py:840} INFO - DAG(s) 'gcs_upload_sales' retrieved from /opt/airflow/dags/gcp_cloud_sales.py
[2024-05-15T08:44:50.250+0000] {logging_mixin.py:188} INFO - [2024-05-15T08:44:50.250+0000] {dag.py:3096} INFO - Sync 1 DAGs
[2024-05-15T08:44:50.262+0000] {logging_mixin.py:188} INFO - [2024-05-15T08:44:50.261+0000] {dag.py:3954} INFO - Setting next_dagrun for gcs_upload_sales to None, run_after=None
[2024-05-15T08:44:50.282+0000] {processor.py:183} INFO - Processing /opt/airflow/dags/gcp_cloud_sales.py took 0.077 seconds
[2024-05-15T08:45:20.479+0000] {processor.py:161} INFO - Started process (PID=64) to work on /opt/airflow/dags/gcp_cloud_sales.py
[2024-05-15T08:45:20.480+0000] {processor.py:830} INFO - Processing file /opt/airflow/dags/gcp_cloud_sales.py for tasks to queue
[2024-05-15T08:45:20.481+0000] {logging_mixin.py:188} INFO - [2024-05-15T08:45:20.481+0000] {dagbag.py:540} INFO - Filling up the DagBag from /opt/airflow/dags/gcp_cloud_sales.py
[2024-05-15T08:45:20.495+0000] {processor.py:840} INFO - DAG(s) 'gcs_upload_sales' retrieved from /opt/airflow/dags/gcp_cloud_sales.py
[2024-05-15T08:45:20.517+0000] {logging_mixin.py:188} INFO - [2024-05-15T08:45:20.516+0000] {dag.py:3096} INFO - Sync 1 DAGs
[2024-05-15T08:45:20.528+0000] {logging_mixin.py:188} INFO - [2024-05-15T08:45:20.528+0000] {dag.py:3954} INFO - Setting next_dagrun for gcs_upload_sales to None, run_after=None
[2024-05-15T08:45:20.548+0000] {processor.py:183} INFO - Processing /opt/airflow/dags/gcp_cloud_sales.py took 0.073 seconds
[2024-05-15T08:45:50.748+0000] {processor.py:161} INFO - Started process (PID=67) to work on /opt/airflow/dags/gcp_cloud_sales.py
[2024-05-15T08:45:50.748+0000] {processor.py:830} INFO - Processing file /opt/airflow/dags/gcp_cloud_sales.py for tasks to queue
[2024-05-15T08:45:50.750+0000] {logging_mixin.py:188} INFO - [2024-05-15T08:45:50.750+0000] {dagbag.py:540} INFO - Filling up the DagBag from /opt/airflow/dags/gcp_cloud_sales.py
[2024-05-15T08:45:50.765+0000] {processor.py:840} INFO - DAG(s) 'gcs_upload_sales' retrieved from /opt/airflow/dags/gcp_cloud_sales.py
[2024-05-15T08:45:50.788+0000] {logging_mixin.py:188} INFO - [2024-05-15T08:45:50.788+0000] {dag.py:3096} INFO - Sync 1 DAGs
[2024-05-15T08:45:50.801+0000] {logging_mixin.py:188} INFO - [2024-05-15T08:45:50.801+0000] {dag.py:3954} INFO - Setting next_dagrun for gcs_upload_sales to None, run_after=None
[2024-05-15T08:45:50.827+0000] {processor.py:183} INFO - Processing /opt/airflow/dags/gcp_cloud_sales.py took 0.084 seconds
[2024-05-15T08:46:21.073+0000] {processor.py:161} INFO - Started process (PID=70) to work on /opt/airflow/dags/gcp_cloud_sales.py
[2024-05-15T08:46:21.074+0000] {processor.py:830} INFO - Processing file /opt/airflow/dags/gcp_cloud_sales.py for tasks to queue
[2024-05-15T08:46:21.075+0000] {logging_mixin.py:188} INFO - [2024-05-15T08:46:21.075+0000] {dagbag.py:540} INFO - Filling up the DagBag from /opt/airflow/dags/gcp_cloud_sales.py
[2024-05-15T08:46:21.090+0000] {processor.py:840} INFO - DAG(s) 'gcs_upload_sales' retrieved from /opt/airflow/dags/gcp_cloud_sales.py
[2024-05-15T08:46:21.111+0000] {logging_mixin.py:188} INFO - [2024-05-15T08:46:21.110+0000] {dag.py:3096} INFO - Sync 1 DAGs
[2024-05-15T08:46:21.122+0000] {logging_mixin.py:188} INFO - [2024-05-15T08:46:21.121+0000] {dag.py:3954} INFO - Setting next_dagrun for gcs_upload_sales to None, run_after=None
[2024-05-15T08:46:21.141+0000] {processor.py:183} INFO - Processing /opt/airflow/dags/gcp_cloud_sales.py took 0.073 seconds
[2024-05-15T08:46:51.335+0000] {processor.py:161} INFO - Started process (PID=73) to work on /opt/airflow/dags/gcp_cloud_sales.py
[2024-05-15T08:46:51.336+0000] {processor.py:830} INFO - Processing file /opt/airflow/dags/gcp_cloud_sales.py for tasks to queue
[2024-05-15T08:46:51.337+0000] {logging_mixin.py:188} INFO - [2024-05-15T08:46:51.337+0000] {dagbag.py:540} INFO - Filling up the DagBag from /opt/airflow/dags/gcp_cloud_sales.py
[2024-05-15T08:46:51.350+0000] {processor.py:840} INFO - DAG(s) 'gcs_upload_sales' retrieved from /opt/airflow/dags/gcp_cloud_sales.py
[2024-05-15T08:46:51.369+0000] {logging_mixin.py:188} INFO - [2024-05-15T08:46:51.369+0000] {dag.py:3096} INFO - Sync 1 DAGs
[2024-05-15T08:46:51.380+0000] {logging_mixin.py:188} INFO - [2024-05-15T08:46:51.380+0000] {dag.py:3954} INFO - Setting next_dagrun for gcs_upload_sales to None, run_after=None
[2024-05-15T08:46:51.399+0000] {processor.py:183} INFO - Processing /opt/airflow/dags/gcp_cloud_sales.py took 0.067 seconds
[2024-05-15T08:47:21.595+0000] {processor.py:161} INFO - Started process (PID=76) to work on /opt/airflow/dags/gcp_cloud_sales.py
[2024-05-15T08:47:21.596+0000] {processor.py:830} INFO - Processing file /opt/airflow/dags/gcp_cloud_sales.py for tasks to queue
[2024-05-15T08:47:21.598+0000] {logging_mixin.py:188} INFO - [2024-05-15T08:47:21.597+0000] {dagbag.py:540} INFO - Filling up the DagBag from /opt/airflow/dags/gcp_cloud_sales.py
[2024-05-15T08:47:21.612+0000] {processor.py:840} INFO - DAG(s) 'gcs_upload_sales' retrieved from /opt/airflow/dags/gcp_cloud_sales.py
[2024-05-15T08:47:21.634+0000] {logging_mixin.py:188} INFO - [2024-05-15T08:47:21.634+0000] {dag.py:3096} INFO - Sync 1 DAGs
[2024-05-15T08:47:21.647+0000] {logging_mixin.py:188} INFO - [2024-05-15T08:47:21.647+0000] {dag.py:3954} INFO - Setting next_dagrun for gcs_upload_sales to None, run_after=None
[2024-05-15T08:47:21.667+0000] {processor.py:183} INFO - Processing /opt/airflow/dags/gcp_cloud_sales.py took 0.076 seconds
[2024-05-15T08:47:51.866+0000] {processor.py:161} INFO - Started process (PID=79) to work on /opt/airflow/dags/gcp_cloud_sales.py
[2024-05-15T08:47:51.867+0000] {processor.py:830} INFO - Processing file /opt/airflow/dags/gcp_cloud_sales.py for tasks to queue
[2024-05-15T08:47:51.868+0000] {logging_mixin.py:188} INFO - [2024-05-15T08:47:51.868+0000] {dagbag.py:540} INFO - Filling up the DagBag from /opt/airflow/dags/gcp_cloud_sales.py
[2024-05-15T08:47:51.882+0000] {processor.py:840} INFO - DAG(s) 'gcs_upload_sales' retrieved from /opt/airflow/dags/gcp_cloud_sales.py
[2024-05-15T08:47:51.903+0000] {logging_mixin.py:188} INFO - [2024-05-15T08:47:51.902+0000] {dag.py:3096} INFO - Sync 1 DAGs
[2024-05-15T08:47:51.916+0000] {logging_mixin.py:188} INFO - [2024-05-15T08:47:51.915+0000] {dag.py:3954} INFO - Setting next_dagrun for gcs_upload_sales to None, run_after=None
[2024-05-15T08:47:51.946+0000] {processor.py:183} INFO - Processing /opt/airflow/dags/gcp_cloud_sales.py took 0.085 seconds
[2024-05-15T08:48:22.148+0000] {processor.py:161} INFO - Started process (PID=82) to work on /opt/airflow/dags/gcp_cloud_sales.py
[2024-05-15T08:48:22.149+0000] {processor.py:830} INFO - Processing file /opt/airflow/dags/gcp_cloud_sales.py for tasks to queue
[2024-05-15T08:48:22.151+0000] {logging_mixin.py:188} INFO - [2024-05-15T08:48:22.150+0000] {dagbag.py:540} INFO - Filling up the DagBag from /opt/airflow/dags/gcp_cloud_sales.py
[2024-05-15T08:48:22.167+0000] {processor.py:840} INFO - DAG(s) 'gcs_upload_sales' retrieved from /opt/airflow/dags/gcp_cloud_sales.py
[2024-05-15T08:48:22.188+0000] {logging_mixin.py:188} INFO - [2024-05-15T08:48:22.187+0000] {dag.py:3096} INFO - Sync 1 DAGs
[2024-05-15T08:48:22.199+0000] {logging_mixin.py:188} INFO - [2024-05-15T08:48:22.198+0000] {dag.py:3954} INFO - Setting next_dagrun for gcs_upload_sales to None, run_after=None
[2024-05-15T08:48:22.217+0000] {processor.py:183} INFO - Processing /opt/airflow/dags/gcp_cloud_sales.py took 0.073 seconds
[2024-05-15T08:48:52.420+0000] {processor.py:161} INFO - Started process (PID=85) to work on /opt/airflow/dags/gcp_cloud_sales.py
[2024-05-15T08:48:52.421+0000] {processor.py:830} INFO - Processing file /opt/airflow/dags/gcp_cloud_sales.py for tasks to queue
[2024-05-15T08:48:52.423+0000] {logging_mixin.py:188} INFO - [2024-05-15T08:48:52.422+0000] {dagbag.py:540} INFO - Filling up the DagBag from /opt/airflow/dags/gcp_cloud_sales.py
[2024-05-15T08:48:52.439+0000] {processor.py:840} INFO - DAG(s) 'gcs_upload_sales' retrieved from /opt/airflow/dags/gcp_cloud_sales.py
[2024-05-15T08:48:52.461+0000] {logging_mixin.py:188} INFO - [2024-05-15T08:48:52.461+0000] {dag.py:3096} INFO - Sync 1 DAGs
[2024-05-15T08:48:52.473+0000] {logging_mixin.py:188} INFO - [2024-05-15T08:48:52.473+0000] {dag.py:3954} INFO - Setting next_dagrun for gcs_upload_sales to None, run_after=None
[2024-05-15T08:48:52.493+0000] {processor.py:183} INFO - Processing /opt/airflow/dags/gcp_cloud_sales.py took 0.078 seconds
[2024-05-15T08:49:22.698+0000] {processor.py:161} INFO - Started process (PID=88) to work on /opt/airflow/dags/gcp_cloud_sales.py
[2024-05-15T08:49:22.699+0000] {processor.py:830} INFO - Processing file /opt/airflow/dags/gcp_cloud_sales.py for tasks to queue
[2024-05-15T08:49:22.701+0000] {logging_mixin.py:188} INFO - [2024-05-15T08:49:22.700+0000] {dagbag.py:540} INFO - Filling up the DagBag from /opt/airflow/dags/gcp_cloud_sales.py
[2024-05-15T08:49:22.720+0000] {processor.py:840} INFO - DAG(s) 'gcs_upload_sales' retrieved from /opt/airflow/dags/gcp_cloud_sales.py
[2024-05-15T08:49:22.744+0000] {logging_mixin.py:188} INFO - [2024-05-15T08:49:22.744+0000] {dag.py:3096} INFO - Sync 1 DAGs
[2024-05-15T08:49:22.759+0000] {logging_mixin.py:188} INFO - [2024-05-15T08:49:22.758+0000] {dag.py:3954} INFO - Setting next_dagrun for gcs_upload_sales to None, run_after=None
[2024-05-15T08:49:22.791+0000] {processor.py:183} INFO - Processing /opt/airflow/dags/gcp_cloud_sales.py took 0.098 seconds
[2024-05-15T08:49:52.998+0000] {processor.py:161} INFO - Started process (PID=91) to work on /opt/airflow/dags/gcp_cloud_sales.py
[2024-05-15T08:49:52.999+0000] {processor.py:830} INFO - Processing file /opt/airflow/dags/gcp_cloud_sales.py for tasks to queue
[2024-05-15T08:49:53.001+0000] {logging_mixin.py:188} INFO - [2024-05-15T08:49:53.001+0000] {dagbag.py:540} INFO - Filling up the DagBag from /opt/airflow/dags/gcp_cloud_sales.py
[2024-05-15T08:49:53.020+0000] {processor.py:840} INFO - DAG(s) 'gcs_upload_sales' retrieved from /opt/airflow/dags/gcp_cloud_sales.py
[2024-05-15T08:49:53.045+0000] {logging_mixin.py:188} INFO - [2024-05-15T08:49:53.044+0000] {dag.py:3096} INFO - Sync 1 DAGs
[2024-05-15T08:49:53.060+0000] {logging_mixin.py:188} INFO - [2024-05-15T08:49:53.060+0000] {dag.py:3954} INFO - Setting next_dagrun for gcs_upload_sales to None, run_after=None
[2024-05-15T08:49:53.087+0000] {processor.py:183} INFO - Processing /opt/airflow/dags/gcp_cloud_sales.py took 0.095 seconds
[2024-05-15T08:50:23.303+0000] {processor.py:161} INFO - Started process (PID=94) to work on /opt/airflow/dags/gcp_cloud_sales.py
[2024-05-15T08:50:23.304+0000] {processor.py:830} INFO - Processing file /opt/airflow/dags/gcp_cloud_sales.py for tasks to queue
[2024-05-15T08:50:23.307+0000] {logging_mixin.py:188} INFO - [2024-05-15T08:50:23.306+0000] {dagbag.py:540} INFO - Filling up the DagBag from /opt/airflow/dags/gcp_cloud_sales.py
[2024-05-15T08:50:23.325+0000] {processor.py:840} INFO - DAG(s) 'gcs_upload_sales' retrieved from /opt/airflow/dags/gcp_cloud_sales.py
[2024-05-15T08:50:23.350+0000] {logging_mixin.py:188} INFO - [2024-05-15T08:50:23.349+0000] {dag.py:3096} INFO - Sync 1 DAGs
[2024-05-15T08:50:23.368+0000] {logging_mixin.py:188} INFO - [2024-05-15T08:50:23.368+0000] {dag.py:3954} INFO - Setting next_dagrun for gcs_upload_sales to None, run_after=None
[2024-05-15T08:50:23.391+0000] {processor.py:183} INFO - Processing /opt/airflow/dags/gcp_cloud_sales.py took 0.094 seconds
[2024-05-15T08:50:53.598+0000] {processor.py:161} INFO - Started process (PID=97) to work on /opt/airflow/dags/gcp_cloud_sales.py
[2024-05-15T08:50:53.599+0000] {processor.py:830} INFO - Processing file /opt/airflow/dags/gcp_cloud_sales.py for tasks to queue
[2024-05-15T08:50:53.600+0000] {logging_mixin.py:188} INFO - [2024-05-15T08:50:53.600+0000] {dagbag.py:540} INFO - Filling up the DagBag from /opt/airflow/dags/gcp_cloud_sales.py
[2024-05-15T08:50:53.615+0000] {processor.py:840} INFO - DAG(s) 'gcs_upload_sales' retrieved from /opt/airflow/dags/gcp_cloud_sales.py
[2024-05-15T08:50:53.637+0000] {logging_mixin.py:188} INFO - [2024-05-15T08:50:53.637+0000] {dag.py:3096} INFO - Sync 1 DAGs
[2024-05-15T08:50:53.651+0000] {logging_mixin.py:188} INFO - [2024-05-15T08:50:53.651+0000] {dag.py:3954} INFO - Setting next_dagrun for gcs_upload_sales to None, run_after=None
[2024-05-15T08:50:53.674+0000] {processor.py:183} INFO - Processing /opt/airflow/dags/gcp_cloud_sales.py took 0.081 seconds
[2024-05-15T08:51:23.906+0000] {processor.py:161} INFO - Started process (PID=100) to work on /opt/airflow/dags/gcp_cloud_sales.py
[2024-05-15T08:51:23.907+0000] {processor.py:830} INFO - Processing file /opt/airflow/dags/gcp_cloud_sales.py for tasks to queue
[2024-05-15T08:51:23.908+0000] {logging_mixin.py:188} INFO - [2024-05-15T08:51:23.908+0000] {dagbag.py:540} INFO - Filling up the DagBag from /opt/airflow/dags/gcp_cloud_sales.py
[2024-05-15T08:51:23.923+0000] {processor.py:840} INFO - DAG(s) 'gcs_upload_sales' retrieved from /opt/airflow/dags/gcp_cloud_sales.py
[2024-05-15T08:51:23.943+0000] {logging_mixin.py:188} INFO - [2024-05-15T08:51:23.943+0000] {dag.py:3096} INFO - Sync 1 DAGs
[2024-05-15T08:51:23.955+0000] {logging_mixin.py:188} INFO - [2024-05-15T08:51:23.954+0000] {dag.py:3954} INFO - Setting next_dagrun for gcs_upload_sales to None, run_after=None
[2024-05-15T08:51:23.973+0000] {processor.py:183} INFO - Processing /opt/airflow/dags/gcp_cloud_sales.py took 0.072 seconds
[2024-05-15T08:51:54.179+0000] {processor.py:161} INFO - Started process (PID=103) to work on /opt/airflow/dags/gcp_cloud_sales.py
[2024-05-15T08:51:54.180+0000] {processor.py:830} INFO - Processing file /opt/airflow/dags/gcp_cloud_sales.py for tasks to queue
[2024-05-15T08:51:54.182+0000] {logging_mixin.py:188} INFO - [2024-05-15T08:51:54.182+0000] {dagbag.py:540} INFO - Filling up the DagBag from /opt/airflow/dags/gcp_cloud_sales.py
[2024-05-15T08:51:54.200+0000] {processor.py:840} INFO - DAG(s) 'gcs_upload_sales' retrieved from /opt/airflow/dags/gcp_cloud_sales.py
[2024-05-15T08:51:54.225+0000] {logging_mixin.py:188} INFO - [2024-05-15T08:51:54.225+0000] {dag.py:3096} INFO - Sync 1 DAGs
[2024-05-15T08:51:54.238+0000] {logging_mixin.py:188} INFO - [2024-05-15T08:51:54.238+0000] {dag.py:3954} INFO - Setting next_dagrun for gcs_upload_sales to None, run_after=None
[2024-05-15T08:51:54.262+0000] {processor.py:183} INFO - Processing /opt/airflow/dags/gcp_cloud_sales.py took 0.089 seconds
[2024-05-15T08:52:24.463+0000] {processor.py:161} INFO - Started process (PID=106) to work on /opt/airflow/dags/gcp_cloud_sales.py
[2024-05-15T08:52:24.464+0000] {processor.py:830} INFO - Processing file /opt/airflow/dags/gcp_cloud_sales.py for tasks to queue
[2024-05-15T08:52:24.465+0000] {logging_mixin.py:188} INFO - [2024-05-15T08:52:24.465+0000] {dagbag.py:540} INFO - Filling up the DagBag from /opt/airflow/dags/gcp_cloud_sales.py
[2024-05-15T08:52:24.480+0000] {processor.py:840} INFO - DAG(s) 'gcs_upload_sales' retrieved from /opt/airflow/dags/gcp_cloud_sales.py
[2024-05-15T08:52:24.501+0000] {logging_mixin.py:188} INFO - [2024-05-15T08:52:24.500+0000] {dag.py:3096} INFO - Sync 1 DAGs
[2024-05-15T08:52:24.512+0000] {logging_mixin.py:188} INFO - [2024-05-15T08:52:24.512+0000] {dag.py:3954} INFO - Setting next_dagrun for gcs_upload_sales to None, run_after=None
[2024-05-15T08:52:24.532+0000] {processor.py:183} INFO - Processing /opt/airflow/dags/gcp_cloud_sales.py took 0.073 seconds
[2024-05-15T08:52:54.729+0000] {processor.py:161} INFO - Started process (PID=109) to work on /opt/airflow/dags/gcp_cloud_sales.py
[2024-05-15T08:52:54.729+0000] {processor.py:830} INFO - Processing file /opt/airflow/dags/gcp_cloud_sales.py for tasks to queue
[2024-05-15T08:52:54.731+0000] {logging_mixin.py:188} INFO - [2024-05-15T08:52:54.731+0000] {dagbag.py:540} INFO - Filling up the DagBag from /opt/airflow/dags/gcp_cloud_sales.py
[2024-05-15T08:52:54.744+0000] {processor.py:840} INFO - DAG(s) 'gcs_upload_sales' retrieved from /opt/airflow/dags/gcp_cloud_sales.py
[2024-05-15T08:52:54.764+0000] {logging_mixin.py:188} INFO - [2024-05-15T08:52:54.764+0000] {dag.py:3096} INFO - Sync 1 DAGs
[2024-05-15T08:52:54.775+0000] {logging_mixin.py:188} INFO - [2024-05-15T08:52:54.775+0000] {dag.py:3954} INFO - Setting next_dagrun for gcs_upload_sales to None, run_after=None
[2024-05-15T08:52:54.795+0000] {processor.py:183} INFO - Processing /opt/airflow/dags/gcp_cloud_sales.py took 0.070 seconds
[2024-05-15T08:53:25.024+0000] {processor.py:161} INFO - Started process (PID=112) to work on /opt/airflow/dags/gcp_cloud_sales.py
[2024-05-15T08:53:25.025+0000] {processor.py:830} INFO - Processing file /opt/airflow/dags/gcp_cloud_sales.py for tasks to queue
[2024-05-15T08:53:25.030+0000] {logging_mixin.py:188} INFO - [2024-05-15T08:53:25.029+0000] {dagbag.py:540} INFO - Filling up the DagBag from /opt/airflow/dags/gcp_cloud_sales.py
[2024-05-15T08:53:25.059+0000] {processor.py:840} INFO - DAG(s) 'gcs_upload_sales' retrieved from /opt/airflow/dags/gcp_cloud_sales.py
[2024-05-15T08:53:25.081+0000] {logging_mixin.py:188} INFO - [2024-05-15T08:53:25.080+0000] {dag.py:3096} INFO - Sync 1 DAGs
[2024-05-15T08:53:25.094+0000] {logging_mixin.py:188} INFO - [2024-05-15T08:53:25.094+0000] {dag.py:3954} INFO - Setting next_dagrun for gcs_upload_sales to None, run_after=None
[2024-05-15T08:53:25.122+0000] {processor.py:183} INFO - Processing /opt/airflow/dags/gcp_cloud_sales.py took 0.107 seconds
[2024-05-15T08:53:55.333+0000] {processor.py:161} INFO - Started process (PID=115) to work on /opt/airflow/dags/gcp_cloud_sales.py
[2024-05-15T08:53:55.334+0000] {processor.py:830} INFO - Processing file /opt/airflow/dags/gcp_cloud_sales.py for tasks to queue
[2024-05-15T08:53:55.336+0000] {logging_mixin.py:188} INFO - [2024-05-15T08:53:55.335+0000] {dagbag.py:540} INFO - Filling up the DagBag from /opt/airflow/dags/gcp_cloud_sales.py
[2024-05-15T08:53:55.351+0000] {processor.py:840} INFO - DAG(s) 'gcs_upload_sales' retrieved from /opt/airflow/dags/gcp_cloud_sales.py
[2024-05-15T08:53:55.373+0000] {logging_mixin.py:188} INFO - [2024-05-15T08:53:55.372+0000] {dag.py:3096} INFO - Sync 1 DAGs
[2024-05-15T08:53:55.384+0000] {logging_mixin.py:188} INFO - [2024-05-15T08:53:55.384+0000] {dag.py:3954} INFO - Setting next_dagrun for gcs_upload_sales to None, run_after=None
[2024-05-15T08:53:55.405+0000] {processor.py:183} INFO - Processing /opt/airflow/dags/gcp_cloud_sales.py took 0.076 seconds
[2024-05-15T08:54:25.632+0000] {processor.py:161} INFO - Started process (PID=118) to work on /opt/airflow/dags/gcp_cloud_sales.py
[2024-05-15T08:54:25.633+0000] {processor.py:830} INFO - Processing file /opt/airflow/dags/gcp_cloud_sales.py for tasks to queue
[2024-05-15T08:54:25.635+0000] {logging_mixin.py:188} INFO - [2024-05-15T08:54:25.634+0000] {dagbag.py:540} INFO - Filling up the DagBag from /opt/airflow/dags/gcp_cloud_sales.py
[2024-05-15T08:54:25.651+0000] {processor.py:840} INFO - DAG(s) 'gcs_upload_sales' retrieved from /opt/airflow/dags/gcp_cloud_sales.py
[2024-05-15T08:54:25.673+0000] {logging_mixin.py:188} INFO - [2024-05-15T08:54:25.673+0000] {dag.py:3096} INFO - Sync 1 DAGs
[2024-05-15T08:54:25.687+0000] {logging_mixin.py:188} INFO - [2024-05-15T08:54:25.686+0000] {dag.py:3954} INFO - Setting next_dagrun for gcs_upload_sales to None, run_after=None
[2024-05-15T08:54:25.707+0000] {processor.py:183} INFO - Processing /opt/airflow/dags/gcp_cloud_sales.py took 0.080 seconds
[2024-05-15T08:54:55.921+0000] {processor.py:161} INFO - Started process (PID=121) to work on /opt/airflow/dags/gcp_cloud_sales.py
[2024-05-15T08:54:55.922+0000] {processor.py:830} INFO - Processing file /opt/airflow/dags/gcp_cloud_sales.py for tasks to queue
[2024-05-15T08:54:55.924+0000] {logging_mixin.py:188} INFO - [2024-05-15T08:54:55.923+0000] {dagbag.py:540} INFO - Filling up the DagBag from /opt/airflow/dags/gcp_cloud_sales.py
[2024-05-15T08:54:55.943+0000] {processor.py:840} INFO - DAG(s) 'gcs_upload_sales' retrieved from /opt/airflow/dags/gcp_cloud_sales.py
[2024-05-15T08:54:55.966+0000] {logging_mixin.py:188} INFO - [2024-05-15T08:54:55.965+0000] {dag.py:3096} INFO - Sync 1 DAGs
[2024-05-15T08:54:55.980+0000] {logging_mixin.py:188} INFO - [2024-05-15T08:54:55.980+0000] {dag.py:3954} INFO - Setting next_dagrun for gcs_upload_sales to None, run_after=None
[2024-05-15T08:54:56.009+0000] {processor.py:183} INFO - Processing /opt/airflow/dags/gcp_cloud_sales.py took 0.093 seconds
[2024-05-15T08:55:26.225+0000] {processor.py:161} INFO - Started process (PID=124) to work on /opt/airflow/dags/gcp_cloud_sales.py
[2024-05-15T08:55:26.226+0000] {processor.py:830} INFO - Processing file /opt/airflow/dags/gcp_cloud_sales.py for tasks to queue
[2024-05-15T08:55:26.228+0000] {logging_mixin.py:188} INFO - [2024-05-15T08:55:26.227+0000] {dagbag.py:540} INFO - Filling up the DagBag from /opt/airflow/dags/gcp_cloud_sales.py
[2024-05-15T08:55:26.246+0000] {processor.py:840} INFO - DAG(s) 'gcs_upload_sales' retrieved from /opt/airflow/dags/gcp_cloud_sales.py
[2024-05-15T08:55:26.270+0000] {logging_mixin.py:188} INFO - [2024-05-15T08:55:26.269+0000] {dag.py:3096} INFO - Sync 1 DAGs
[2024-05-15T08:55:26.282+0000] {logging_mixin.py:188} INFO - [2024-05-15T08:55:26.282+0000] {dag.py:3954} INFO - Setting next_dagrun for gcs_upload_sales to None, run_after=None
[2024-05-15T08:55:26.321+0000] {processor.py:183} INFO - Processing /opt/airflow/dags/gcp_cloud_sales.py took 0.101 seconds
[2024-05-15T08:55:56.536+0000] {processor.py:161} INFO - Started process (PID=127) to work on /opt/airflow/dags/gcp_cloud_sales.py
[2024-05-15T08:55:56.537+0000] {processor.py:830} INFO - Processing file /opt/airflow/dags/gcp_cloud_sales.py for tasks to queue
[2024-05-15T08:55:56.539+0000] {logging_mixin.py:188} INFO - [2024-05-15T08:55:56.538+0000] {dagbag.py:540} INFO - Filling up the DagBag from /opt/airflow/dags/gcp_cloud_sales.py
[2024-05-15T08:55:56.557+0000] {processor.py:840} INFO - DAG(s) 'gcs_upload_sales' retrieved from /opt/airflow/dags/gcp_cloud_sales.py
[2024-05-15T08:55:56.583+0000] {logging_mixin.py:188} INFO - [2024-05-15T08:55:56.582+0000] {dag.py:3096} INFO - Sync 1 DAGs
[2024-05-15T08:55:56.596+0000] {logging_mixin.py:188} INFO - [2024-05-15T08:55:56.595+0000] {dag.py:3954} INFO - Setting next_dagrun for gcs_upload_sales to None, run_after=None
[2024-05-15T08:55:56.631+0000] {processor.py:183} INFO - Processing /opt/airflow/dags/gcp_cloud_sales.py took 0.100 seconds
[2024-05-15T08:56:26.829+0000] {processor.py:161} INFO - Started process (PID=130) to work on /opt/airflow/dags/gcp_cloud_sales.py
[2024-05-15T08:56:26.829+0000] {processor.py:830} INFO - Processing file /opt/airflow/dags/gcp_cloud_sales.py for tasks to queue
[2024-05-15T08:56:26.831+0000] {logging_mixin.py:188} INFO - [2024-05-15T08:56:26.831+0000] {dagbag.py:540} INFO - Filling up the DagBag from /opt/airflow/dags/gcp_cloud_sales.py
[2024-05-15T08:56:26.844+0000] {processor.py:840} INFO - DAG(s) 'gcs_upload_sales' retrieved from /opt/airflow/dags/gcp_cloud_sales.py
[2024-05-15T08:56:26.863+0000] {logging_mixin.py:188} INFO - [2024-05-15T08:56:26.862+0000] {dag.py:3096} INFO - Sync 1 DAGs
[2024-05-15T08:56:26.874+0000] {logging_mixin.py:188} INFO - [2024-05-15T08:56:26.874+0000] {dag.py:3954} INFO - Setting next_dagrun for gcs_upload_sales to None, run_after=None
[2024-05-15T08:56:26.892+0000] {processor.py:183} INFO - Processing /opt/airflow/dags/gcp_cloud_sales.py took 0.067 seconds
[2024-05-15T08:56:57.090+0000] {processor.py:161} INFO - Started process (PID=133) to work on /opt/airflow/dags/gcp_cloud_sales.py
[2024-05-15T08:56:57.091+0000] {processor.py:830} INFO - Processing file /opt/airflow/dags/gcp_cloud_sales.py for tasks to queue
[2024-05-15T08:56:57.093+0000] {logging_mixin.py:188} INFO - [2024-05-15T08:56:57.093+0000] {dagbag.py:540} INFO - Filling up the DagBag from /opt/airflow/dags/gcp_cloud_sales.py
[2024-05-15T08:56:57.109+0000] {processor.py:840} INFO - DAG(s) 'gcs_upload_sales' retrieved from /opt/airflow/dags/gcp_cloud_sales.py
[2024-05-15T08:56:57.131+0000] {logging_mixin.py:188} INFO - [2024-05-15T08:56:57.131+0000] {dag.py:3096} INFO - Sync 1 DAGs
[2024-05-15T08:56:57.144+0000] {logging_mixin.py:188} INFO - [2024-05-15T08:56:57.144+0000] {dag.py:3954} INFO - Setting next_dagrun for gcs_upload_sales to None, run_after=None
[2024-05-15T08:56:57.165+0000] {processor.py:183} INFO - Processing /opt/airflow/dags/gcp_cloud_sales.py took 0.079 seconds
[2024-05-15T08:57:27.365+0000] {processor.py:161} INFO - Started process (PID=136) to work on /opt/airflow/dags/gcp_cloud_sales.py
[2024-05-15T08:57:27.366+0000] {processor.py:830} INFO - Processing file /opt/airflow/dags/gcp_cloud_sales.py for tasks to queue
[2024-05-15T08:57:27.368+0000] {logging_mixin.py:188} INFO - [2024-05-15T08:57:27.367+0000] {dagbag.py:540} INFO - Filling up the DagBag from /opt/airflow/dags/gcp_cloud_sales.py
[2024-05-15T08:57:27.381+0000] {processor.py:840} INFO - DAG(s) 'gcs_upload_sales' retrieved from /opt/airflow/dags/gcp_cloud_sales.py
[2024-05-15T08:57:27.400+0000] {logging_mixin.py:188} INFO - [2024-05-15T08:57:27.400+0000] {dag.py:3096} INFO - Sync 1 DAGs
[2024-05-15T08:57:27.411+0000] {logging_mixin.py:188} INFO - [2024-05-15T08:57:27.411+0000] {dag.py:3954} INFO - Setting next_dagrun for gcs_upload_sales to None, run_after=None
[2024-05-15T08:57:27.431+0000] {processor.py:183} INFO - Processing /opt/airflow/dags/gcp_cloud_sales.py took 0.070 seconds
[2024-05-15T08:57:57.634+0000] {processor.py:161} INFO - Started process (PID=139) to work on /opt/airflow/dags/gcp_cloud_sales.py
[2024-05-15T08:57:57.635+0000] {processor.py:830} INFO - Processing file /opt/airflow/dags/gcp_cloud_sales.py for tasks to queue
[2024-05-15T08:57:57.637+0000] {logging_mixin.py:188} INFO - [2024-05-15T08:57:57.637+0000] {dagbag.py:540} INFO - Filling up the DagBag from /opt/airflow/dags/gcp_cloud_sales.py
[2024-05-15T08:57:57.655+0000] {processor.py:840} INFO - DAG(s) 'gcs_upload_sales' retrieved from /opt/airflow/dags/gcp_cloud_sales.py
[2024-05-15T08:57:57.679+0000] {logging_mixin.py:188} INFO - [2024-05-15T08:57:57.679+0000] {dag.py:3096} INFO - Sync 1 DAGs
[2024-05-15T08:57:57.692+0000] {logging_mixin.py:188} INFO - [2024-05-15T08:57:57.692+0000] {dag.py:3954} INFO - Setting next_dagrun for gcs_upload_sales to None, run_after=None
[2024-05-15T08:57:57.716+0000] {processor.py:183} INFO - Processing /opt/airflow/dags/gcp_cloud_sales.py took 0.087 seconds
[2024-05-15T08:58:27.915+0000] {processor.py:161} INFO - Started process (PID=142) to work on /opt/airflow/dags/gcp_cloud_sales.py
[2024-05-15T08:58:27.916+0000] {processor.py:830} INFO - Processing file /opt/airflow/dags/gcp_cloud_sales.py for tasks to queue
[2024-05-15T08:58:27.917+0000] {logging_mixin.py:188} INFO - [2024-05-15T08:58:27.917+0000] {dagbag.py:540} INFO - Filling up the DagBag from /opt/airflow/dags/gcp_cloud_sales.py
[2024-05-15T08:58:27.930+0000] {processor.py:840} INFO - DAG(s) 'gcs_upload_sales' retrieved from /opt/airflow/dags/gcp_cloud_sales.py
[2024-05-15T08:58:27.949+0000] {logging_mixin.py:188} INFO - [2024-05-15T08:58:27.949+0000] {dag.py:3096} INFO - Sync 1 DAGs
[2024-05-15T08:58:27.960+0000] {logging_mixin.py:188} INFO - [2024-05-15T08:58:27.960+0000] {dag.py:3954} INFO - Setting next_dagrun for gcs_upload_sales to None, run_after=None
[2024-05-15T08:58:27.978+0000] {processor.py:183} INFO - Processing /opt/airflow/dags/gcp_cloud_sales.py took 0.067 seconds
[2024-05-15T08:58:58.181+0000] {processor.py:161} INFO - Started process (PID=145) to work on /opt/airflow/dags/gcp_cloud_sales.py
[2024-05-15T08:58:58.182+0000] {processor.py:830} INFO - Processing file /opt/airflow/dags/gcp_cloud_sales.py for tasks to queue
[2024-05-15T08:58:58.184+0000] {logging_mixin.py:188} INFO - [2024-05-15T08:58:58.184+0000] {dagbag.py:540} INFO - Filling up the DagBag from /opt/airflow/dags/gcp_cloud_sales.py
[2024-05-15T08:58:58.198+0000] {processor.py:840} INFO - DAG(s) 'gcs_upload_sales' retrieved from /opt/airflow/dags/gcp_cloud_sales.py
[2024-05-15T08:58:58.221+0000] {logging_mixin.py:188} INFO - [2024-05-15T08:58:58.220+0000] {dag.py:3096} INFO - Sync 1 DAGs
[2024-05-15T08:58:58.233+0000] {logging_mixin.py:188} INFO - [2024-05-15T08:58:58.233+0000] {dag.py:3954} INFO - Setting next_dagrun for gcs_upload_sales to None, run_after=None
[2024-05-15T08:58:58.257+0000] {processor.py:183} INFO - Processing /opt/airflow/dags/gcp_cloud_sales.py took 0.080 seconds
[2024-05-15T08:59:28.465+0000] {processor.py:161} INFO - Started process (PID=148) to work on /opt/airflow/dags/gcp_cloud_sales.py
[2024-05-15T08:59:28.466+0000] {processor.py:830} INFO - Processing file /opt/airflow/dags/gcp_cloud_sales.py for tasks to queue
[2024-05-15T08:59:28.468+0000] {logging_mixin.py:188} INFO - [2024-05-15T08:59:28.467+0000] {dagbag.py:540} INFO - Filling up the DagBag from /opt/airflow/dags/gcp_cloud_sales.py
[2024-05-15T08:59:28.483+0000] {processor.py:840} INFO - DAG(s) 'gcs_upload_sales' retrieved from /opt/airflow/dags/gcp_cloud_sales.py
[2024-05-15T08:59:28.505+0000] {logging_mixin.py:188} INFO - [2024-05-15T08:59:28.505+0000] {dag.py:3096} INFO - Sync 1 DAGs
[2024-05-15T08:59:28.517+0000] {logging_mixin.py:188} INFO - [2024-05-15T08:59:28.517+0000] {dag.py:3954} INFO - Setting next_dagrun for gcs_upload_sales to None, run_after=None
[2024-05-15T08:59:28.537+0000] {processor.py:183} INFO - Processing /opt/airflow/dags/gcp_cloud_sales.py took 0.077 seconds
[2024-05-15T08:59:58.745+0000] {processor.py:161} INFO - Started process (PID=151) to work on /opt/airflow/dags/gcp_cloud_sales.py
[2024-05-15T08:59:58.745+0000] {processor.py:830} INFO - Processing file /opt/airflow/dags/gcp_cloud_sales.py for tasks to queue
[2024-05-15T08:59:58.747+0000] {logging_mixin.py:188} INFO - [2024-05-15T08:59:58.747+0000] {dagbag.py:540} INFO - Filling up the DagBag from /opt/airflow/dags/gcp_cloud_sales.py
[2024-05-15T08:59:58.762+0000] {processor.py:840} INFO - DAG(s) 'gcs_upload_sales' retrieved from /opt/airflow/dags/gcp_cloud_sales.py
[2024-05-15T08:59:58.784+0000] {logging_mixin.py:188} INFO - [2024-05-15T08:59:58.784+0000] {dag.py:3096} INFO - Sync 1 DAGs
[2024-05-15T08:59:58.796+0000] {logging_mixin.py:188} INFO - [2024-05-15T08:59:58.796+0000] {dag.py:3954} INFO - Setting next_dagrun for gcs_upload_sales to None, run_after=None
[2024-05-15T08:59:58.815+0000] {processor.py:183} INFO - Processing /opt/airflow/dags/gcp_cloud_sales.py took 0.074 seconds
[2024-05-15T09:00:29.019+0000] {processor.py:161} INFO - Started process (PID=154) to work on /opt/airflow/dags/gcp_cloud_sales.py
[2024-05-15T09:00:29.020+0000] {processor.py:830} INFO - Processing file /opt/airflow/dags/gcp_cloud_sales.py for tasks to queue
[2024-05-15T09:00:29.022+0000] {logging_mixin.py:188} INFO - [2024-05-15T09:00:29.022+0000] {dagbag.py:540} INFO - Filling up the DagBag from /opt/airflow/dags/gcp_cloud_sales.py
[2024-05-15T09:00:29.038+0000] {processor.py:840} INFO - DAG(s) 'gcs_upload_sales' retrieved from /opt/airflow/dags/gcp_cloud_sales.py
[2024-05-15T09:00:29.060+0000] {logging_mixin.py:188} INFO - [2024-05-15T09:00:29.060+0000] {dag.py:3096} INFO - Sync 1 DAGs
[2024-05-15T09:00:29.072+0000] {logging_mixin.py:188} INFO - [2024-05-15T09:00:29.071+0000] {dag.py:3954} INFO - Setting next_dagrun for gcs_upload_sales to None, run_after=None
[2024-05-15T09:00:29.093+0000] {processor.py:183} INFO - Processing /opt/airflow/dags/gcp_cloud_sales.py took 0.079 seconds
[2024-05-15T09:00:59.294+0000] {processor.py:161} INFO - Started process (PID=157) to work on /opt/airflow/dags/gcp_cloud_sales.py
[2024-05-15T09:00:59.295+0000] {processor.py:830} INFO - Processing file /opt/airflow/dags/gcp_cloud_sales.py for tasks to queue
[2024-05-15T09:00:59.297+0000] {logging_mixin.py:188} INFO - [2024-05-15T09:00:59.297+0000] {dagbag.py:540} INFO - Filling up the DagBag from /opt/airflow/dags/gcp_cloud_sales.py
[2024-05-15T09:00:59.310+0000] {processor.py:840} INFO - DAG(s) 'gcs_upload_sales' retrieved from /opt/airflow/dags/gcp_cloud_sales.py
[2024-05-15T09:00:59.330+0000] {logging_mixin.py:188} INFO - [2024-05-15T09:00:59.329+0000] {dag.py:3096} INFO - Sync 1 DAGs
[2024-05-15T09:00:59.341+0000] {logging_mixin.py:188} INFO - [2024-05-15T09:00:59.340+0000] {dag.py:3954} INFO - Setting next_dagrun for gcs_upload_sales to None, run_after=None
[2024-05-15T09:00:59.360+0000] {processor.py:183} INFO - Processing /opt/airflow/dags/gcp_cloud_sales.py took 0.070 seconds
