[2024-05-15T14:16:47.504+0000] {local_task_job_runner.py:120} INFO - ::group::Pre task execution logs
[2024-05-15T14:16:47.548+0000] {taskinstance.py:2073} INFO - Dependencies all met for dep_context=non-requeueable deps ti=<TaskInstance: upload_csv_to_gcs_bucket.upload_task_0 manual__2024-05-15T14:01:33.278433+00:00 [queued]>
[2024-05-15T14:16:47.572+0000] {taskinstance.py:2073} INFO - Dependencies all met for dep_context=requeueable deps ti=<TaskInstance: upload_csv_to_gcs_bucket.upload_task_0 manual__2024-05-15T14:01:33.278433+00:00 [queued]>
[2024-05-15T14:16:47.577+0000] {taskinstance.py:2303} INFO - Starting attempt 4 of 5
[2024-05-15T14:16:47.608+0000] {taskinstance.py:2327} INFO - Executing <Task(LocalFilesystemToGCSOperator): upload_task_0> on 2024-05-15 14:01:33.278433+00:00
[2024-05-15T14:16:47.618+0000] {warnings.py:110} WARNING - /home/***/.local/lib/python3.12/site-packages/***/task/task_runner/standard_task_runner.py:61: DeprecationWarning: This process (pid=485) is multi-threaded, use of fork() may lead to deadlocks in the child.
  pid = os.fork()

[2024-05-15T14:16:47.622+0000] {standard_task_runner.py:90} INFO - Running: ['***', 'tasks', 'run', 'upload_csv_to_gcs_bucket', 'upload_task_0', 'manual__2024-05-15T14:01:33.278433+00:00', '--job-id', '538', '--raw', '--subdir', 'DAGS_FOLDER/gcp_csv_upload.py', '--cfg-path', '/tmp/tmphdqac_i0']
[2024-05-15T14:16:47.628+0000] {standard_task_runner.py:63} INFO - Started process 492 to run task
[2024-05-15T14:16:47.628+0000] {standard_task_runner.py:91} INFO - Job 538: Subtask upload_task_0
[2024-05-15T14:16:47.659+0000] {warnings.py:110} WARNING - /home/***/.local/lib/python3.12/site-packages/***/settings.py:195: DeprecationWarning: The sql_alchemy_conn option in [core] has been moved to the sql_alchemy_conn option in [database] - the old setting has been used, but please update your config.
  SQL_ALCHEMY_CONN = conf.get("database", "SQL_ALCHEMY_CONN")

[2024-05-15T14:16:47.742+0000] {task_command.py:426} INFO - Running <TaskInstance: upload_csv_to_gcs_bucket.upload_task_0 manual__2024-05-15T14:01:33.278433+00:00 [running]> on host e9b4a57d7285
[2024-05-15T14:16:47.957+0000] {taskinstance.py:2644} INFO - Exporting env vars: AIRFLOW_CTX_DAG_EMAIL='your@email.com' AIRFLOW_CTX_DAG_OWNER='***' AIRFLOW_CTX_DAG_ID='upload_csv_to_gcs_bucket' AIRFLOW_CTX_TASK_ID='upload_task_0' AIRFLOW_CTX_EXECUTION_DATE='2024-05-15T14:01:33.278433+00:00' AIRFLOW_CTX_TRY_NUMBER='4' AIRFLOW_CTX_DAG_RUN_ID='manual__2024-05-15T14:01:33.278433+00:00'
[2024-05-15T14:16:47.960+0000] {taskinstance.py:430} INFO - ::endgroup::
[2024-05-15T14:16:48.043+0000] {connection.py:274} WARNING - Connection schemes (type: google_cloud_platform) shall not contain '_' according to RFC3986.
[2024-05-15T14:16:48.058+0000] {base.py:84} INFO - Using connection ID 'google_cloud_default' for task execution.
[2024-05-15T14:16:48.949+0000] {gcs.py:557} INFO - File /data/sales_2022-08-09.csv uploaded to 2024-05-15/sales_2022-08-09.csv in de-07-data-bucket bucket
[2024-05-15T14:16:48.949+0000] {taskinstance.py:441} INFO - ::group::Post task execution logs
[2024-05-15T14:16:48.959+0000] {taskinstance.py:1205} INFO - Marking task as SUCCESS. dag_id=upload_csv_to_gcs_bucket, task_id=upload_task_0, execution_date=20240515T140133, start_date=20240515T141647, end_date=20240515T141648
[2024-05-15T14:16:49.011+0000] {local_task_job_runner.py:240} INFO - Task exited with return code 0
[2024-05-15T14:16:49.028+0000] {taskinstance.py:3482} INFO - 0 downstream tasks scheduled from follow-on schedule check
[2024-05-15T14:16:49.032+0000] {local_task_job_runner.py:222} INFO - ::endgroup::
