[2024-05-15T22:23:20.914+0000] {local_task_job_runner.py:120} INFO - ::group::Pre task execution logs
[2024-05-15T22:23:20.946+0000] {taskinstance.py:2073} INFO - Dependencies all met for dep_context=non-requeueable deps ti=<TaskInstance: upload_csv_to_gcs_bucket.upload_task_0 scheduled__2022-08-09T00:00:00+00:00 [queued]>
[2024-05-15T22:23:20.961+0000] {taskinstance.py:2073} INFO - Dependencies all met for dep_context=requeueable deps ti=<TaskInstance: upload_csv_to_gcs_bucket.upload_task_0 scheduled__2022-08-09T00:00:00+00:00 [queued]>
[2024-05-15T22:23:20.962+0000] {taskinstance.py:2303} INFO - Starting attempt 13 of 14
[2024-05-15T22:23:20.988+0000] {taskinstance.py:2327} INFO - Executing <Task(LocalFilesystemToGCSOperator): upload_task_0> on 2022-08-09 00:00:00+00:00
[2024-05-15T22:23:21.000+0000] {warnings.py:110} WARNING - /home/***/.local/lib/python3.12/site-packages/***/task/task_runner/standard_task_runner.py:61: DeprecationWarning: This process (pid=563) is multi-threaded, use of fork() may lead to deadlocks in the child.
  pid = os.fork()

[2024-05-15T22:23:21.003+0000] {standard_task_runner.py:63} INFO - Started process 572 to run task
[2024-05-15T22:23:21.002+0000] {standard_task_runner.py:90} INFO - Running: ['***', 'tasks', 'run', 'upload_csv_to_gcs_bucket', 'upload_task_0', 'scheduled__2022-08-09T00:00:00+00:00', '--job-id', '1175', '--raw', '--subdir', 'DAGS_FOLDER/gcp_csv_upload.py', '--cfg-path', '/tmp/tmp7eol4e4s']
[2024-05-15T22:23:21.006+0000] {standard_task_runner.py:91} INFO - Job 1175: Subtask upload_task_0
[2024-05-15T22:23:21.032+0000] {warnings.py:110} WARNING - /home/***/.local/lib/python3.12/site-packages/***/settings.py:195: DeprecationWarning: The sql_alchemy_conn option in [core] has been moved to the sql_alchemy_conn option in [database] - the old setting has been used, but please update your config.
  SQL_ALCHEMY_CONN = conf.get("database", "SQL_ALCHEMY_CONN")

[2024-05-15T22:23:21.086+0000] {task_command.py:426} INFO - Running <TaskInstance: upload_csv_to_gcs_bucket.upload_task_0 scheduled__2022-08-09T00:00:00+00:00 [running]> on host e9b4a57d7285
[2024-05-15T22:23:21.202+0000] {taskinstance.py:2644} INFO - Exporting env vars: AIRFLOW_CTX_DAG_EMAIL='your-email@example.com' AIRFLOW_CTX_DAG_OWNER='***' AIRFLOW_CTX_DAG_ID='upload_csv_to_gcs_bucket' AIRFLOW_CTX_TASK_ID='upload_task_0' AIRFLOW_CTX_EXECUTION_DATE='2022-08-09T00:00:00+00:00' AIRFLOW_CTX_TRY_NUMBER='13' AIRFLOW_CTX_DAG_RUN_ID='scheduled__2022-08-09T00:00:00+00:00'
[2024-05-15T22:23:21.203+0000] {taskinstance.py:430} INFO - ::endgroup::
[2024-05-15T22:23:21.235+0000] {connection.py:274} WARNING - Connection schemes (type: google_cloud_platform) shall not contain '_' according to RFC3986.
[2024-05-15T22:23:21.243+0000] {base.py:84} INFO - Using connection ID 'google_cloud_default' for task execution.
[2024-05-15T22:23:22.502+0000] {gcs.py:557} INFO - File /data/sales_2022-08-09.csv uploaded to 2022-08-09/sales_2022-08-09.csv in de-07-data-bucket bucket
[2024-05-15T22:23:22.503+0000] {taskinstance.py:441} INFO - ::group::Post task execution logs
[2024-05-15T22:23:22.518+0000] {taskinstance.py:1205} INFO - Marking task as SUCCESS. dag_id=upload_csv_to_gcs_bucket, task_id=upload_task_0, execution_date=20220809T000000, start_date=20240515T222320, end_date=20240515T222322
[2024-05-15T22:23:22.542+0000] {local_task_job_runner.py:240} INFO - Task exited with return code 0
[2024-05-15T22:23:22.562+0000] {taskinstance.py:3482} INFO - 0 downstream tasks scheduled from follow-on schedule check
[2024-05-15T22:23:22.566+0000] {local_task_job_runner.py:222} INFO - ::endgroup::
