[2024-05-14T15:01:01.169+0000] {local_task_job_runner.py:120} INFO - ::group::Pre task execution logs
[2024-05-14T15:01:01.202+0000] {taskinstance.py:2073} INFO - Dependencies all met for dep_context=non-requeueable deps ti=<TaskInstance: gcs_upload_example.upload_file_to_gcs manual__2024-05-13T20:13:46.263335+00:00 [queued]>
[2024-05-14T15:01:01.219+0000] {taskinstance.py:2073} INFO - Dependencies all met for dep_context=requeueable deps ti=<TaskInstance: gcs_upload_example.upload_file_to_gcs manual__2024-05-13T20:13:46.263335+00:00 [queued]>
[2024-05-14T15:01:01.222+0000] {taskinstance.py:2303} INFO - Starting attempt 23 of 24
[2024-05-14T15:01:01.249+0000] {taskinstance.py:2327} INFO - Executing <Task(LocalFilesystemToGCSOperator): upload_file_to_gcs> on 2024-05-13 20:13:46.263335+00:00
[2024-05-14T15:01:01.261+0000] {warnings.py:110} WARNING - /home/***/.local/lib/python3.12/site-packages/***/task/task_runner/standard_task_runner.py:61: DeprecationWarning: This process (pid=65) is multi-threaded, use of fork() may lead to deadlocks in the child.
  pid = os.fork()

[2024-05-14T15:01:01.264+0000] {standard_task_runner.py:63} INFO - Started process 80 to run task
[2024-05-14T15:01:01.264+0000] {standard_task_runner.py:90} INFO - Running: ['***', 'tasks', 'run', 'gcs_upload_example', 'upload_file_to_gcs', 'manual__2024-05-13T20:13:46.263335+00:00', '--job-id', '287', '--raw', '--subdir', 'DAGS_FOLDER/gcp_example.py', '--cfg-path', '/tmp/tmpts82ofrw']
[2024-05-14T15:01:01.268+0000] {standard_task_runner.py:91} INFO - Job 287: Subtask upload_file_to_gcs
[2024-05-14T15:01:01.310+0000] {warnings.py:110} WARNING - /home/***/.local/lib/python3.12/site-packages/***/settings.py:195: DeprecationWarning: The sql_alchemy_conn option in [core] has been moved to the sql_alchemy_conn option in [database] - the old setting has been used, but please update your config.
  SQL_ALCHEMY_CONN = conf.get("database", "SQL_ALCHEMY_CONN")

[2024-05-14T15:01:01.393+0000] {task_command.py:426} INFO - Running <TaskInstance: gcs_upload_example.upload_file_to_gcs manual__2024-05-13T20:13:46.263335+00:00 [running]> on host e9b4a57d7285
[2024-05-14T15:01:01.603+0000] {taskinstance.py:2644} INFO - Exporting env vars: AIRFLOW_CTX_DAG_EMAIL='your-email@example.com' AIRFLOW_CTX_DAG_OWNER='***' AIRFLOW_CTX_DAG_ID='gcs_upload_example' AIRFLOW_CTX_TASK_ID='upload_file_to_gcs' AIRFLOW_CTX_EXECUTION_DATE='2024-05-13T20:13:46.263335+00:00' AIRFLOW_CTX_TRY_NUMBER='23' AIRFLOW_CTX_DAG_RUN_ID='manual__2024-05-13T20:13:46.263335+00:00'
[2024-05-14T15:01:01.608+0000] {taskinstance.py:430} INFO - ::endgroup::
[2024-05-14T15:01:01.657+0000] {connection.py:274} WARNING - Connection schemes (type: google_cloud_platform) shall not contain '_' according to RFC3986.
[2024-05-14T15:01:01.664+0000] {base.py:84} INFO - Using connection ID 'google_cloud_default' for task execution.
[2024-05-14T15:01:03.848+0000] {gcs.py:557} INFO - File /data/sales_clean.csv uploaded to 2024-05-13/2024-05-13.csv in de-07-data-bucket bucket
[2024-05-14T15:01:03.849+0000] {taskinstance.py:441} INFO - ::group::Post task execution logs
[2024-05-14T15:01:03.860+0000] {taskinstance.py:1205} INFO - Marking task as SUCCESS. dag_id=gcs_upload_example, task_id=upload_file_to_gcs, execution_date=20240513T201346, start_date=20240514T150101, end_date=20240514T150103
[2024-05-14T15:01:03.901+0000] {local_task_job_runner.py:240} INFO - Task exited with return code 0
[2024-05-14T15:01:03.921+0000] {taskinstance.py:3482} INFO - 0 downstream tasks scheduled from follow-on schedule check
[2024-05-14T15:01:03.925+0000] {local_task_job_runner.py:222} INFO - ::endgroup::
